[2024-12-02T07:44:57.531+0000] {local_task_job_runner.py:123} INFO - ::group::Pre task execution logs
[2024-12-02T07:44:57.565+0000] {taskinstance.py:2612} INFO - Dependencies all met for dep_context=non-requeueable deps ti=<TaskInstance: fetch_and_store_amazon_books.fetch_book_data scheduled__2024-10-31T00:00:00+00:00 [queued]>
[2024-12-02T07:44:57.600+0000] {taskinstance.py:2612} INFO - Dependencies all met for dep_context=requeueable deps ti=<TaskInstance: fetch_and_store_amazon_books.fetch_book_data scheduled__2024-10-31T00:00:00+00:00 [queued]>
[2024-12-02T07:44:57.604+0000] {taskinstance.py:2865} INFO - Starting attempt 1 of 1
[2024-12-02T07:44:57.720+0000] {taskinstance.py:2888} INFO - Executing <Task(PythonOperator): fetch_book_data> on 2024-10-31 00:00:00+00:00
[2024-12-02T07:44:57.739+0000] {warnings.py:112} WARNING - /home/***/.local/lib/python3.12/site-packages/***/task/task_runner/standard_task_runner.py:70: DeprecationWarning: This process (pid=1732) is multi-threaded, use of fork() may lead to deadlocks in the child.
  pid = os.fork()

[2024-12-02T07:44:57.743+0000] {standard_task_runner.py:72} INFO - Started process 1762 to run task
[2024-12-02T07:44:57.742+0000] {standard_task_runner.py:104} INFO - Running: ['***', 'tasks', 'run', 'fetch_and_store_amazon_books', 'fetch_book_data', 'scheduled__2024-10-31T00:00:00+00:00', '--job-id', '485', '--raw', '--subdir', 'DAGS_FOLDER/amazon_books.py', '--cfg-path', '/tmp/tmpseqp_l9k']
[2024-12-02T07:44:57.744+0000] {standard_task_runner.py:105} INFO - Job 485: Subtask fetch_book_data
[2024-12-02T07:44:57.818+0000] {task_command.py:467} INFO - Running <TaskInstance: fetch_and_store_amazon_books.fetch_book_data scheduled__2024-10-31T00:00:00+00:00 [running]> on host b142fff8b280
[2024-12-02T07:44:57.957+0000] {taskinstance.py:3131} INFO - Exporting env vars: AIRFLOW_CTX_DAG_OWNER='***' AIRFLOW_CTX_DAG_ID='fetch_and_store_amazon_books' AIRFLOW_CTX_TASK_ID='fetch_book_data' AIRFLOW_CTX_EXECUTION_DATE='2024-10-31T00:00:00+00:00' AIRFLOW_CTX_TRY_NUMBER='1' AIRFLOW_CTX_DAG_RUN_ID='scheduled__2024-10-31T00:00:00+00:00'
[2024-12-02T07:44:57.959+0000] {logging_mixin.py:190} INFO - Task instance is in running state
[2024-12-02T07:44:57.960+0000] {logging_mixin.py:190} INFO -  Previous state of the Task instance: queued
[2024-12-02T07:44:57.961+0000] {logging_mixin.py:190} INFO - Current task name:fetch_book_data state:running start_date:2024-12-02 07:44:57.570560+00:00
[2024-12-02T07:44:57.961+0000] {logging_mixin.py:190} INFO - Dag name:fetch_and_store_amazon_books and current dag run status:running
[2024-12-02T07:44:57.962+0000] {taskinstance.py:731} INFO - ::endgroup::
[2024-12-02T07:45:00.861+0000] {logging_mixin.py:190} INFO - Able to reach the site, scrapping data...
[2024-12-02T07:45:01.339+0000] {logging_mixin.py:190} INFO - The webpage has been scrapped for data...
[2024-12-02T07:45:01.377+0000] {logging_mixin.py:190} INFO - Books data has been scrapped from the website succesfully !!!
[2024-12-02T07:45:01.425+0000] {python.py:240} INFO - Done. Returned value was: None
[2024-12-02T07:45:01.446+0000] {taskinstance.py:340} INFO - ::group::Post task execution logs
[2024-12-02T07:45:01.448+0000] {taskinstance.py:352} INFO - Marking task as SUCCESS. dag_id=fetch_and_store_amazon_books, task_id=fetch_book_data, run_id=scheduled__2024-10-31T00:00:00+00:00, execution_date=20241031T000000, start_date=20241202T074457, end_date=20241202T074501
[2024-12-02T07:45:01.610+0000] {logging_mixin.py:190} INFO - Task instance in success state
[2024-12-02T07:45:01.611+0000] {logging_mixin.py:190} INFO -  Previous state of the Task instance: running
[2024-12-02T07:45:01.611+0000] {logging_mixin.py:190} INFO - Dag name:fetch_and_store_amazon_books queued_at:2024-12-02 07:44:55.110790+00:00
[2024-12-02T07:45:01.612+0000] {logging_mixin.py:190} INFO - Task hostname:b142fff8b280 operator:PythonOperator
[2024-12-02T07:45:01.685+0000] {local_task_job_runner.py:266} INFO - Task exited with return code 0
[2024-12-02T07:45:01.701+0000] {warnings.py:112} WARNING - /home/***/.local/lib/python3.12/site-packages/***/models/baseoperator.py:1378: AirflowProviderDeprecationWarning: Call to deprecated class PostgresOperator. (Please use `***.providers.common.sql.operators.sql.SQLExecuteQueryOperator`.Also, you can provide `hook_params={'schema': <database>}`.)
  result = cls.__new__(cls)

[2024-12-02T07:45:01.738+0000] {taskinstance.py:3900} INFO - 1 downstream tasks scheduled from follow-on schedule check
[2024-12-02T07:45:01.740+0000] {local_task_job_runner.py:245} INFO - ::endgroup::
