[2024-12-02T06:57:49.320+0000] {processor.py:186} INFO - Started process (PID=59) to work on /opt/airflow/dags/amazon_books.py
[2024-12-02T06:57:49.321+0000] {processor.py:914} INFO - Processing file /opt/airflow/dags/amazon_books.py for tasks to queue
[2024-12-02T06:57:49.325+0000] {logging_mixin.py:190} INFO - [2024-12-02T06:57:49.325+0000] {dagbag.py:588} INFO - Filling up the DagBag from /opt/airflow/dags/amazon_books.py
[2024-12-02T06:57:49.595+0000] {processor.py:925} INFO - DAG(s) 'Amazon_Book_Data' retrieved from /opt/airflow/dags/amazon_books.py
[2024-12-02T06:57:49.798+0000] {logging_mixin.py:190} INFO - [2024-12-02T06:57:49.797+0000] {dag.py:3239} INFO - Sync 1 DAGs
[2024-12-02T06:57:49.817+0000] {logging_mixin.py:190} INFO - [2024-12-02T06:57:49.817+0000] {dag.py:4180} INFO - Setting next_dagrun for Amazon_Book_Data to 2024-10-04 00:00:00+00:00, run_after=2024-10-05 00:00:00+00:00
[2024-12-02T06:57:49.839+0000] {processor.py:208} INFO - Processing /opt/airflow/dags/amazon_books.py took 0.528 seconds
[2024-12-02T06:58:52.158+0000] {processor.py:186} INFO - Started process (PID=123) to work on /opt/airflow/dags/amazon_books.py
[2024-12-02T06:58:52.293+0000] {processor.py:914} INFO - Processing file /opt/airflow/dags/amazon_books.py for tasks to queue
[2024-12-02T06:58:52.365+0000] {logging_mixin.py:190} INFO - [2024-12-02T06:58:52.335+0000] {dagbag.py:588} INFO - Filling up the DagBag from /opt/airflow/dags/amazon_books.py
[2024-12-02T06:58:53.426+0000] {processor.py:925} INFO - DAG(s) 'Amazon_Book_Data' retrieved from /opt/airflow/dags/amazon_books.py
[2024-12-02T06:58:53.494+0000] {logging_mixin.py:190} INFO - [2024-12-02T06:58:53.493+0000] {dag.py:3239} INFO - Sync 1 DAGs
[2024-12-02T06:58:53.661+0000] {processor.py:208} INFO - Processing /opt/airflow/dags/amazon_books.py took 1.763 seconds
[2024-12-02T06:59:24.172+0000] {processor.py:186} INFO - Started process (PID=203) to work on /opt/airflow/dags/amazon_books.py
[2024-12-02T06:59:24.174+0000] {processor.py:914} INFO - Processing file /opt/airflow/dags/amazon_books.py for tasks to queue
[2024-12-02T06:59:24.177+0000] {logging_mixin.py:190} INFO - [2024-12-02T06:59:24.177+0000] {dagbag.py:588} INFO - Filling up the DagBag from /opt/airflow/dags/amazon_books.py
[2024-12-02T06:59:24.301+0000] {processor.py:925} INFO - DAG(s) 'Amazon_Book_Data' retrieved from /opt/airflow/dags/amazon_books.py
[2024-12-02T06:59:24.329+0000] {logging_mixin.py:190} INFO - [2024-12-02T06:59:24.329+0000] {dag.py:3239} INFO - Sync 1 DAGs
[2024-12-02T06:59:24.386+0000] {processor.py:208} INFO - Processing /opt/airflow/dags/amazon_books.py took 0.223 seconds
[2024-12-02T06:59:54.868+0000] {processor.py:186} INFO - Started process (PID=266) to work on /opt/airflow/dags/amazon_books.py
[2024-12-02T06:59:54.869+0000] {processor.py:914} INFO - Processing file /opt/airflow/dags/amazon_books.py for tasks to queue
[2024-12-02T06:59:54.872+0000] {logging_mixin.py:190} INFO - [2024-12-02T06:59:54.871+0000] {dagbag.py:588} INFO - Filling up the DagBag from /opt/airflow/dags/amazon_books.py
[2024-12-02T06:59:54.962+0000] {processor.py:925} INFO - DAG(s) 'Amazon_Book_Data' retrieved from /opt/airflow/dags/amazon_books.py
[2024-12-02T06:59:54.980+0000] {logging_mixin.py:190} INFO - [2024-12-02T06:59:54.980+0000] {dag.py:3239} INFO - Sync 1 DAGs
[2024-12-02T06:59:55.014+0000] {processor.py:208} INFO - Processing /opt/airflow/dags/amazon_books.py took 0.153 seconds
[2024-12-02T07:00:25.390+0000] {processor.py:186} INFO - Started process (PID=329) to work on /opt/airflow/dags/amazon_books.py
[2024-12-02T07:00:25.391+0000] {processor.py:914} INFO - Processing file /opt/airflow/dags/amazon_books.py for tasks to queue
[2024-12-02T07:00:25.393+0000] {logging_mixin.py:190} INFO - [2024-12-02T07:00:25.393+0000] {dagbag.py:588} INFO - Filling up the DagBag from /opt/airflow/dags/amazon_books.py
[2024-12-02T07:00:25.488+0000] {processor.py:925} INFO - DAG(s) 'Amazon_Book_Data' retrieved from /opt/airflow/dags/amazon_books.py
[2024-12-02T07:00:25.507+0000] {logging_mixin.py:190} INFO - [2024-12-02T07:00:25.507+0000] {dag.py:3239} INFO - Sync 1 DAGs
[2024-12-02T07:00:25.557+0000] {processor.py:208} INFO - Processing /opt/airflow/dags/amazon_books.py took 0.174 seconds
[2024-12-02T07:00:55.725+0000] {processor.py:186} INFO - Started process (PID=392) to work on /opt/airflow/dags/amazon_books.py
[2024-12-02T07:00:55.726+0000] {processor.py:914} INFO - Processing file /opt/airflow/dags/amazon_books.py for tasks to queue
[2024-12-02T07:00:55.729+0000] {logging_mixin.py:190} INFO - [2024-12-02T07:00:55.728+0000] {dagbag.py:588} INFO - Filling up the DagBag from /opt/airflow/dags/amazon_books.py
[2024-12-02T07:00:55.819+0000] {processor.py:925} INFO - DAG(s) 'Amazon_Book_Data' retrieved from /opt/airflow/dags/amazon_books.py
[2024-12-02T07:00:55.838+0000] {logging_mixin.py:190} INFO - [2024-12-02T07:00:55.838+0000] {dag.py:3239} INFO - Sync 1 DAGs
[2024-12-02T07:00:55.873+0000] {processor.py:208} INFO - Processing /opt/airflow/dags/amazon_books.py took 0.159 seconds
[2024-12-02T07:01:26.180+0000] {processor.py:186} INFO - Started process (PID=455) to work on /opt/airflow/dags/amazon_books.py
[2024-12-02T07:01:26.181+0000] {processor.py:914} INFO - Processing file /opt/airflow/dags/amazon_books.py for tasks to queue
[2024-12-02T07:01:26.183+0000] {logging_mixin.py:190} INFO - [2024-12-02T07:01:26.183+0000] {dagbag.py:588} INFO - Filling up the DagBag from /opt/airflow/dags/amazon_books.py
[2024-12-02T07:01:26.267+0000] {processor.py:925} INFO - DAG(s) 'Amazon_Book_Data' retrieved from /opt/airflow/dags/amazon_books.py
[2024-12-02T07:01:26.285+0000] {logging_mixin.py:190} INFO - [2024-12-02T07:01:26.284+0000] {dag.py:3239} INFO - Sync 1 DAGs
[2024-12-02T07:01:26.315+0000] {processor.py:208} INFO - Processing /opt/airflow/dags/amazon_books.py took 0.139 seconds
[2024-12-02T07:01:56.781+0000] {processor.py:186} INFO - Started process (PID=518) to work on /opt/airflow/dags/amazon_books.py
[2024-12-02T07:01:56.782+0000] {processor.py:914} INFO - Processing file /opt/airflow/dags/amazon_books.py for tasks to queue
[2024-12-02T07:01:56.785+0000] {logging_mixin.py:190} INFO - [2024-12-02T07:01:56.785+0000] {dagbag.py:588} INFO - Filling up the DagBag from /opt/airflow/dags/amazon_books.py
[2024-12-02T07:01:56.905+0000] {processor.py:925} INFO - DAG(s) 'Amazon_Book_Data' retrieved from /opt/airflow/dags/amazon_books.py
[2024-12-02T07:01:56.937+0000] {logging_mixin.py:190} INFO - [2024-12-02T07:01:56.937+0000] {dag.py:3239} INFO - Sync 1 DAGs
[2024-12-02T07:01:56.982+0000] {processor.py:208} INFO - Processing /opt/airflow/dags/amazon_books.py took 0.208 seconds
[2024-12-02T07:02:27.433+0000] {processor.py:186} INFO - Started process (PID=581) to work on /opt/airflow/dags/amazon_books.py
[2024-12-02T07:02:27.434+0000] {processor.py:914} INFO - Processing file /opt/airflow/dags/amazon_books.py for tasks to queue
[2024-12-02T07:02:27.436+0000] {logging_mixin.py:190} INFO - [2024-12-02T07:02:27.436+0000] {dagbag.py:588} INFO - Filling up the DagBag from /opt/airflow/dags/amazon_books.py
[2024-12-02T07:02:27.540+0000] {processor.py:925} INFO - DAG(s) 'Amazon_Book_Data' retrieved from /opt/airflow/dags/amazon_books.py
[2024-12-02T07:02:27.568+0000] {logging_mixin.py:190} INFO - [2024-12-02T07:02:27.567+0000] {dag.py:3239} INFO - Sync 1 DAGs
[2024-12-02T07:02:27.619+0000] {processor.py:208} INFO - Processing /opt/airflow/dags/amazon_books.py took 0.192 seconds
[2024-12-02T07:02:58.419+0000] {processor.py:186} INFO - Started process (PID=645) to work on /opt/airflow/dags/amazon_books.py
[2024-12-02T07:02:58.420+0000] {processor.py:914} INFO - Processing file /opt/airflow/dags/amazon_books.py for tasks to queue
[2024-12-02T07:02:58.423+0000] {logging_mixin.py:190} INFO - [2024-12-02T07:02:58.422+0000] {dagbag.py:588} INFO - Filling up the DagBag from /opt/airflow/dags/amazon_books.py
[2024-12-02T07:02:58.510+0000] {processor.py:925} INFO - DAG(s) 'Amazon_Book_Data' retrieved from /opt/airflow/dags/amazon_books.py
[2024-12-02T07:02:58.528+0000] {logging_mixin.py:190} INFO - [2024-12-02T07:02:58.527+0000] {dag.py:3239} INFO - Sync 1 DAGs
[2024-12-02T07:02:58.561+0000] {processor.py:208} INFO - Processing /opt/airflow/dags/amazon_books.py took 0.147 seconds
[2024-12-02T07:03:28.739+0000] {processor.py:186} INFO - Started process (PID=708) to work on /opt/airflow/dags/amazon_books.py
[2024-12-02T07:03:28.740+0000] {processor.py:914} INFO - Processing file /opt/airflow/dags/amazon_books.py for tasks to queue
[2024-12-02T07:03:28.742+0000] {logging_mixin.py:190} INFO - [2024-12-02T07:03:28.742+0000] {dagbag.py:588} INFO - Filling up the DagBag from /opt/airflow/dags/amazon_books.py
[2024-12-02T07:03:28.855+0000] {processor.py:925} INFO - DAG(s) 'Amazon_Book_Data' retrieved from /opt/airflow/dags/amazon_books.py
[2024-12-02T07:03:28.881+0000] {logging_mixin.py:190} INFO - [2024-12-02T07:03:28.880+0000] {dag.py:3239} INFO - Sync 1 DAGs
[2024-12-02T07:03:28.936+0000] {processor.py:208} INFO - Processing /opt/airflow/dags/amazon_books.py took 0.204 seconds
[2024-12-02T07:03:58.984+0000] {processor.py:186} INFO - Started process (PID=772) to work on /opt/airflow/dags/amazon_books.py
[2024-12-02T07:03:58.985+0000] {processor.py:914} INFO - Processing file /opt/airflow/dags/amazon_books.py for tasks to queue
[2024-12-02T07:03:58.988+0000] {logging_mixin.py:190} INFO - [2024-12-02T07:03:58.987+0000] {dagbag.py:588} INFO - Filling up the DagBag from /opt/airflow/dags/amazon_books.py
[2024-12-02T07:03:59.076+0000] {processor.py:925} INFO - DAG(s) 'Amazon_Book_Data' retrieved from /opt/airflow/dags/amazon_books.py
[2024-12-02T07:03:59.094+0000] {logging_mixin.py:190} INFO - [2024-12-02T07:03:59.094+0000] {dag.py:3239} INFO - Sync 1 DAGs
[2024-12-02T07:03:59.128+0000] {processor.py:208} INFO - Processing /opt/airflow/dags/amazon_books.py took 0.149 seconds
[2024-12-02T07:04:29.233+0000] {processor.py:186} INFO - Started process (PID=834) to work on /opt/airflow/dags/amazon_books.py
[2024-12-02T07:04:29.234+0000] {processor.py:914} INFO - Processing file /opt/airflow/dags/amazon_books.py for tasks to queue
[2024-12-02T07:04:29.237+0000] {logging_mixin.py:190} INFO - [2024-12-02T07:04:29.236+0000] {dagbag.py:588} INFO - Filling up the DagBag from /opt/airflow/dags/amazon_books.py
[2024-12-02T07:04:29.323+0000] {processor.py:925} INFO - DAG(s) 'Amazon_Book_Data' retrieved from /opt/airflow/dags/amazon_books.py
[2024-12-02T07:04:29.341+0000] {logging_mixin.py:190} INFO - [2024-12-02T07:04:29.341+0000] {dag.py:3239} INFO - Sync 1 DAGs
[2024-12-02T07:04:29.371+0000] {processor.py:208} INFO - Processing /opt/airflow/dags/amazon_books.py took 0.143 seconds
[2024-12-02T07:05:00.074+0000] {processor.py:186} INFO - Started process (PID=897) to work on /opt/airflow/dags/amazon_books.py
[2024-12-02T07:05:00.075+0000] {processor.py:914} INFO - Processing file /opt/airflow/dags/amazon_books.py for tasks to queue
[2024-12-02T07:05:00.077+0000] {logging_mixin.py:190} INFO - [2024-12-02T07:05:00.076+0000] {dagbag.py:588} INFO - Filling up the DagBag from /opt/airflow/dags/amazon_books.py
[2024-12-02T07:05:00.160+0000] {processor.py:925} INFO - DAG(s) 'Amazon_Book_Data' retrieved from /opt/airflow/dags/amazon_books.py
[2024-12-02T07:05:00.177+0000] {logging_mixin.py:190} INFO - [2024-12-02T07:05:00.176+0000] {dag.py:3239} INFO - Sync 1 DAGs
[2024-12-02T07:05:00.210+0000] {processor.py:208} INFO - Processing /opt/airflow/dags/amazon_books.py took 0.141 seconds
[2024-12-02T07:05:30.978+0000] {processor.py:186} INFO - Started process (PID=960) to work on /opt/airflow/dags/amazon_books.py
[2024-12-02T07:05:30.978+0000] {processor.py:914} INFO - Processing file /opt/airflow/dags/amazon_books.py for tasks to queue
[2024-12-02T07:05:30.980+0000] {logging_mixin.py:190} INFO - [2024-12-02T07:05:30.980+0000] {dagbag.py:588} INFO - Filling up the DagBag from /opt/airflow/dags/amazon_books.py
[2024-12-02T07:05:31.070+0000] {processor.py:925} INFO - DAG(s) 'Amazon_Book_Data' retrieved from /opt/airflow/dags/amazon_books.py
[2024-12-02T07:05:31.086+0000] {logging_mixin.py:190} INFO - [2024-12-02T07:05:31.086+0000] {dag.py:3239} INFO - Sync 1 DAGs
[2024-12-02T07:05:31.118+0000] {processor.py:208} INFO - Processing /opt/airflow/dags/amazon_books.py took 0.145 seconds
[2024-12-02T07:06:01.244+0000] {processor.py:186} INFO - Started process (PID=1023) to work on /opt/airflow/dags/amazon_books.py
[2024-12-02T07:06:01.245+0000] {processor.py:914} INFO - Processing file /opt/airflow/dags/amazon_books.py for tasks to queue
[2024-12-02T07:06:01.247+0000] {logging_mixin.py:190} INFO - [2024-12-02T07:06:01.247+0000] {dagbag.py:588} INFO - Filling up the DagBag from /opt/airflow/dags/amazon_books.py
[2024-12-02T07:06:01.332+0000] {processor.py:925} INFO - DAG(s) 'Amazon_Book_Data' retrieved from /opt/airflow/dags/amazon_books.py
[2024-12-02T07:06:01.352+0000] {logging_mixin.py:190} INFO - [2024-12-02T07:06:01.351+0000] {dag.py:3239} INFO - Sync 1 DAGs
[2024-12-02T07:06:01.383+0000] {processor.py:208} INFO - Processing /opt/airflow/dags/amazon_books.py took 0.143 seconds
[2024-12-02T07:06:31.451+0000] {processor.py:186} INFO - Started process (PID=1087) to work on /opt/airflow/dags/amazon_books.py
[2024-12-02T07:06:31.452+0000] {processor.py:914} INFO - Processing file /opt/airflow/dags/amazon_books.py for tasks to queue
[2024-12-02T07:06:31.454+0000] {logging_mixin.py:190} INFO - [2024-12-02T07:06:31.453+0000] {dagbag.py:588} INFO - Filling up the DagBag from /opt/airflow/dags/amazon_books.py
[2024-12-02T07:06:31.542+0000] {processor.py:925} INFO - DAG(s) 'Amazon_Book_Data' retrieved from /opt/airflow/dags/amazon_books.py
[2024-12-02T07:06:31.560+0000] {logging_mixin.py:190} INFO - [2024-12-02T07:06:31.560+0000] {dag.py:3239} INFO - Sync 1 DAGs
[2024-12-02T07:06:31.594+0000] {processor.py:208} INFO - Processing /opt/airflow/dags/amazon_books.py took 0.148 seconds
[2024-12-02T07:07:01.938+0000] {processor.py:186} INFO - Started process (PID=1149) to work on /opt/airflow/dags/amazon_books.py
[2024-12-02T07:07:01.939+0000] {processor.py:914} INFO - Processing file /opt/airflow/dags/amazon_books.py for tasks to queue
[2024-12-02T07:07:01.941+0000] {logging_mixin.py:190} INFO - [2024-12-02T07:07:01.941+0000] {dagbag.py:588} INFO - Filling up the DagBag from /opt/airflow/dags/amazon_books.py
[2024-12-02T07:07:02.032+0000] {processor.py:925} INFO - DAG(s) 'Amazon_Book_Data' retrieved from /opt/airflow/dags/amazon_books.py
[2024-12-02T07:07:02.052+0000] {logging_mixin.py:190} INFO - [2024-12-02T07:07:02.052+0000] {dag.py:3239} INFO - Sync 1 DAGs
[2024-12-02T07:07:02.085+0000] {processor.py:208} INFO - Processing /opt/airflow/dags/amazon_books.py took 0.152 seconds
[2024-12-02T07:07:32.174+0000] {processor.py:186} INFO - Started process (PID=1212) to work on /opt/airflow/dags/amazon_books.py
[2024-12-02T07:07:32.175+0000] {processor.py:914} INFO - Processing file /opt/airflow/dags/amazon_books.py for tasks to queue
[2024-12-02T07:07:32.177+0000] {logging_mixin.py:190} INFO - [2024-12-02T07:07:32.176+0000] {dagbag.py:588} INFO - Filling up the DagBag from /opt/airflow/dags/amazon_books.py
[2024-12-02T07:07:32.262+0000] {processor.py:925} INFO - DAG(s) 'Amazon_Book_Data' retrieved from /opt/airflow/dags/amazon_books.py
[2024-12-02T07:07:32.279+0000] {logging_mixin.py:190} INFO - [2024-12-02T07:07:32.278+0000] {dag.py:3239} INFO - Sync 1 DAGs
[2024-12-02T07:07:32.316+0000] {processor.py:208} INFO - Processing /opt/airflow/dags/amazon_books.py took 0.147 seconds
[2024-12-02T07:08:02.466+0000] {processor.py:186} INFO - Started process (PID=1275) to work on /opt/airflow/dags/amazon_books.py
[2024-12-02T07:08:02.467+0000] {processor.py:914} INFO - Processing file /opt/airflow/dags/amazon_books.py for tasks to queue
[2024-12-02T07:08:02.469+0000] {logging_mixin.py:190} INFO - [2024-12-02T07:08:02.468+0000] {dagbag.py:588} INFO - Filling up the DagBag from /opt/airflow/dags/amazon_books.py
[2024-12-02T07:08:02.560+0000] {processor.py:925} INFO - DAG(s) 'Amazon_Book_Data' retrieved from /opt/airflow/dags/amazon_books.py
[2024-12-02T07:08:02.579+0000] {logging_mixin.py:190} INFO - [2024-12-02T07:08:02.579+0000] {dag.py:3239} INFO - Sync 1 DAGs
[2024-12-02T07:08:02.612+0000] {processor.py:208} INFO - Processing /opt/airflow/dags/amazon_books.py took 0.151 seconds
[2024-12-02T07:08:33.216+0000] {processor.py:186} INFO - Started process (PID=1338) to work on /opt/airflow/dags/amazon_books.py
[2024-12-02T07:08:33.217+0000] {processor.py:914} INFO - Processing file /opt/airflow/dags/amazon_books.py for tasks to queue
[2024-12-02T07:08:33.219+0000] {logging_mixin.py:190} INFO - [2024-12-02T07:08:33.219+0000] {dagbag.py:588} INFO - Filling up the DagBag from /opt/airflow/dags/amazon_books.py
[2024-12-02T07:08:33.308+0000] {processor.py:925} INFO - DAG(s) 'Amazon_Book_Data' retrieved from /opt/airflow/dags/amazon_books.py
[2024-12-02T07:08:33.327+0000] {logging_mixin.py:190} INFO - [2024-12-02T07:08:33.326+0000] {dag.py:3239} INFO - Sync 1 DAGs
[2024-12-02T07:08:33.360+0000] {processor.py:208} INFO - Processing /opt/airflow/dags/amazon_books.py took 0.150 seconds
[2024-12-02T07:09:03.585+0000] {processor.py:186} INFO - Started process (PID=1401) to work on /opt/airflow/dags/amazon_books.py
[2024-12-02T07:09:03.586+0000] {processor.py:914} INFO - Processing file /opt/airflow/dags/amazon_books.py for tasks to queue
[2024-12-02T07:09:03.588+0000] {logging_mixin.py:190} INFO - [2024-12-02T07:09:03.588+0000] {dagbag.py:588} INFO - Filling up the DagBag from /opt/airflow/dags/amazon_books.py
[2024-12-02T07:09:03.675+0000] {processor.py:925} INFO - DAG(s) 'Amazon_Book_Data' retrieved from /opt/airflow/dags/amazon_books.py
[2024-12-02T07:09:03.693+0000] {logging_mixin.py:190} INFO - [2024-12-02T07:09:03.692+0000] {dag.py:3239} INFO - Sync 1 DAGs
[2024-12-02T07:09:03.728+0000] {processor.py:208} INFO - Processing /opt/airflow/dags/amazon_books.py took 0.147 seconds
[2024-12-02T07:09:34.580+0000] {processor.py:186} INFO - Started process (PID=1464) to work on /opt/airflow/dags/amazon_books.py
[2024-12-02T07:09:34.581+0000] {processor.py:914} INFO - Processing file /opt/airflow/dags/amazon_books.py for tasks to queue
[2024-12-02T07:09:34.583+0000] {logging_mixin.py:190} INFO - [2024-12-02T07:09:34.583+0000] {dagbag.py:588} INFO - Filling up the DagBag from /opt/airflow/dags/amazon_books.py
[2024-12-02T07:09:34.672+0000] {processor.py:925} INFO - DAG(s) 'Amazon_Book_Data' retrieved from /opt/airflow/dags/amazon_books.py
[2024-12-02T07:09:34.689+0000] {logging_mixin.py:190} INFO - [2024-12-02T07:09:34.689+0000] {dag.py:3239} INFO - Sync 1 DAGs
[2024-12-02T07:09:34.723+0000] {processor.py:208} INFO - Processing /opt/airflow/dags/amazon_books.py took 0.148 seconds
[2024-12-02T07:10:05.631+0000] {processor.py:186} INFO - Started process (PID=1527) to work on /opt/airflow/dags/amazon_books.py
[2024-12-02T07:10:05.632+0000] {processor.py:914} INFO - Processing file /opt/airflow/dags/amazon_books.py for tasks to queue
[2024-12-02T07:10:05.635+0000] {logging_mixin.py:190} INFO - [2024-12-02T07:10:05.634+0000] {dagbag.py:588} INFO - Filling up the DagBag from /opt/airflow/dags/amazon_books.py
[2024-12-02T07:10:05.746+0000] {processor.py:925} INFO - DAG(s) 'Amazon_Book_Data' retrieved from /opt/airflow/dags/amazon_books.py
[2024-12-02T07:10:05.772+0000] {logging_mixin.py:190} INFO - [2024-12-02T07:10:05.772+0000] {dag.py:3239} INFO - Sync 1 DAGs
[2024-12-02T07:10:05.814+0000] {processor.py:208} INFO - Processing /opt/airflow/dags/amazon_books.py took 0.189 seconds
[2024-12-02T07:10:36.156+0000] {processor.py:186} INFO - Started process (PID=1590) to work on /opt/airflow/dags/amazon_books.py
[2024-12-02T07:10:36.157+0000] {processor.py:914} INFO - Processing file /opt/airflow/dags/amazon_books.py for tasks to queue
[2024-12-02T07:10:36.159+0000] {logging_mixin.py:190} INFO - [2024-12-02T07:10:36.159+0000] {dagbag.py:588} INFO - Filling up the DagBag from /opt/airflow/dags/amazon_books.py
[2024-12-02T07:10:36.248+0000] {processor.py:925} INFO - DAG(s) 'Amazon_Book_Data' retrieved from /opt/airflow/dags/amazon_books.py
[2024-12-02T07:10:36.269+0000] {logging_mixin.py:190} INFO - [2024-12-02T07:10:36.268+0000] {dag.py:3239} INFO - Sync 1 DAGs
[2024-12-02T07:10:36.310+0000] {processor.py:208} INFO - Processing /opt/airflow/dags/amazon_books.py took 0.158 seconds
[2024-12-02T07:11:06.648+0000] {processor.py:186} INFO - Started process (PID=1653) to work on /opt/airflow/dags/amazon_books.py
[2024-12-02T07:11:06.649+0000] {processor.py:914} INFO - Processing file /opt/airflow/dags/amazon_books.py for tasks to queue
[2024-12-02T07:11:06.652+0000] {logging_mixin.py:190} INFO - [2024-12-02T07:11:06.652+0000] {dagbag.py:588} INFO - Filling up the DagBag from /opt/airflow/dags/amazon_books.py
[2024-12-02T07:11:06.745+0000] {processor.py:925} INFO - DAG(s) 'Amazon_Book_Data' retrieved from /opt/airflow/dags/amazon_books.py
[2024-12-02T07:11:06.765+0000] {logging_mixin.py:190} INFO - [2024-12-02T07:11:06.764+0000] {dag.py:3239} INFO - Sync 1 DAGs
[2024-12-02T07:11:06.805+0000] {processor.py:208} INFO - Processing /opt/airflow/dags/amazon_books.py took 0.163 seconds
[2024-12-02T07:11:37.193+0000] {processor.py:186} INFO - Started process (PID=1716) to work on /opt/airflow/dags/amazon_books.py
[2024-12-02T07:11:37.194+0000] {processor.py:914} INFO - Processing file /opt/airflow/dags/amazon_books.py for tasks to queue
[2024-12-02T07:11:37.198+0000] {logging_mixin.py:190} INFO - [2024-12-02T07:11:37.197+0000] {dagbag.py:588} INFO - Filling up the DagBag from /opt/airflow/dags/amazon_books.py
[2024-12-02T07:11:37.310+0000] {processor.py:925} INFO - DAG(s) 'Amazon_Book_Data' retrieved from /opt/airflow/dags/amazon_books.py
[2024-12-02T07:11:37.352+0000] {logging_mixin.py:190} INFO - [2024-12-02T07:11:37.351+0000] {dag.py:3239} INFO - Sync 1 DAGs
[2024-12-02T07:11:37.424+0000] {processor.py:208} INFO - Processing /opt/airflow/dags/amazon_books.py took 0.238 seconds
[2024-12-02T07:12:07.681+0000] {processor.py:186} INFO - Started process (PID=1779) to work on /opt/airflow/dags/amazon_books.py
[2024-12-02T07:12:07.682+0000] {processor.py:914} INFO - Processing file /opt/airflow/dags/amazon_books.py for tasks to queue
[2024-12-02T07:12:07.684+0000] {logging_mixin.py:190} INFO - [2024-12-02T07:12:07.684+0000] {dagbag.py:588} INFO - Filling up the DagBag from /opt/airflow/dags/amazon_books.py
[2024-12-02T07:12:07.768+0000] {processor.py:925} INFO - DAG(s) 'Amazon_Book_Data' retrieved from /opt/airflow/dags/amazon_books.py
[2024-12-02T07:12:07.786+0000] {logging_mixin.py:190} INFO - [2024-12-02T07:12:07.786+0000] {dag.py:3239} INFO - Sync 1 DAGs
[2024-12-02T07:12:07.981+0000] {processor.py:208} INFO - Processing /opt/airflow/dags/amazon_books.py took 0.305 seconds
[2024-12-02T07:12:38.234+0000] {processor.py:186} INFO - Started process (PID=1842) to work on /opt/airflow/dags/amazon_books.py
[2024-12-02T07:12:38.234+0000] {processor.py:914} INFO - Processing file /opt/airflow/dags/amazon_books.py for tasks to queue
[2024-12-02T07:12:38.236+0000] {logging_mixin.py:190} INFO - [2024-12-02T07:12:38.236+0000] {dagbag.py:588} INFO - Filling up the DagBag from /opt/airflow/dags/amazon_books.py
[2024-12-02T07:12:38.324+0000] {processor.py:925} INFO - DAG(s) 'Amazon_Book_Data' retrieved from /opt/airflow/dags/amazon_books.py
[2024-12-02T07:12:38.343+0000] {logging_mixin.py:190} INFO - [2024-12-02T07:12:38.342+0000] {dag.py:3239} INFO - Sync 1 DAGs
[2024-12-02T07:12:38.552+0000] {processor.py:208} INFO - Processing /opt/airflow/dags/amazon_books.py took 0.324 seconds
[2024-12-02T07:13:09.010+0000] {processor.py:186} INFO - Started process (PID=1905) to work on /opt/airflow/dags/amazon_books.py
[2024-12-02T07:13:09.011+0000] {processor.py:914} INFO - Processing file /opt/airflow/dags/amazon_books.py for tasks to queue
[2024-12-02T07:13:09.013+0000] {logging_mixin.py:190} INFO - [2024-12-02T07:13:09.012+0000] {dagbag.py:588} INFO - Filling up the DagBag from /opt/airflow/dags/amazon_books.py
[2024-12-02T07:13:09.118+0000] {processor.py:925} INFO - DAG(s) 'Amazon_Book_Data' retrieved from /opt/airflow/dags/amazon_books.py
[2024-12-02T07:13:09.136+0000] {logging_mixin.py:190} INFO - [2024-12-02T07:13:09.136+0000] {dag.py:3239} INFO - Sync 1 DAGs
[2024-12-02T07:13:09.330+0000] {processor.py:208} INFO - Processing /opt/airflow/dags/amazon_books.py took 0.326 seconds
[2024-12-02T07:13:39.397+0000] {processor.py:186} INFO - Started process (PID=1968) to work on /opt/airflow/dags/amazon_books.py
[2024-12-02T07:13:39.399+0000] {processor.py:914} INFO - Processing file /opt/airflow/dags/amazon_books.py for tasks to queue
[2024-12-02T07:13:39.402+0000] {logging_mixin.py:190} INFO - [2024-12-02T07:13:39.401+0000] {dagbag.py:588} INFO - Filling up the DagBag from /opt/airflow/dags/amazon_books.py
[2024-12-02T07:13:39.518+0000] {processor.py:925} INFO - DAG(s) 'Amazon_Book_Data' retrieved from /opt/airflow/dags/amazon_books.py
[2024-12-02T07:13:39.546+0000] {logging_mixin.py:190} INFO - [2024-12-02T07:13:39.545+0000] {dag.py:3239} INFO - Sync 1 DAGs
[2024-12-02T07:13:39.596+0000] {processor.py:208} INFO - Processing /opt/airflow/dags/amazon_books.py took 0.208 seconds
[2024-12-02T07:14:09.788+0000] {processor.py:186} INFO - Started process (PID=2031) to work on /opt/airflow/dags/amazon_books.py
[2024-12-02T07:14:09.789+0000] {processor.py:914} INFO - Processing file /opt/airflow/dags/amazon_books.py for tasks to queue
[2024-12-02T07:14:09.791+0000] {logging_mixin.py:190} INFO - [2024-12-02T07:14:09.791+0000] {dagbag.py:588} INFO - Filling up the DagBag from /opt/airflow/dags/amazon_books.py
[2024-12-02T07:14:09.878+0000] {processor.py:925} INFO - DAG(s) 'Amazon_Book_Data' retrieved from /opt/airflow/dags/amazon_books.py
[2024-12-02T07:14:09.896+0000] {logging_mixin.py:190} INFO - [2024-12-02T07:14:09.896+0000] {dag.py:3239} INFO - Sync 1 DAGs
[2024-12-02T07:14:09.928+0000] {processor.py:208} INFO - Processing /opt/airflow/dags/amazon_books.py took 0.145 seconds
[2024-12-02T07:14:40.209+0000] {processor.py:186} INFO - Started process (PID=2094) to work on /opt/airflow/dags/amazon_books.py
[2024-12-02T07:14:40.210+0000] {processor.py:914} INFO - Processing file /opt/airflow/dags/amazon_books.py for tasks to queue
[2024-12-02T07:14:40.212+0000] {logging_mixin.py:190} INFO - [2024-12-02T07:14:40.211+0000] {dagbag.py:588} INFO - Filling up the DagBag from /opt/airflow/dags/amazon_books.py
[2024-12-02T07:14:40.305+0000] {processor.py:925} INFO - DAG(s) 'Amazon_Book_Data' retrieved from /opt/airflow/dags/amazon_books.py
[2024-12-02T07:14:40.322+0000] {logging_mixin.py:190} INFO - [2024-12-02T07:14:40.322+0000] {dag.py:3239} INFO - Sync 1 DAGs
[2024-12-02T07:14:40.357+0000] {processor.py:208} INFO - Processing /opt/airflow/dags/amazon_books.py took 0.153 seconds
[2024-12-02T07:15:10.891+0000] {processor.py:186} INFO - Started process (PID=2158) to work on /opt/airflow/dags/amazon_books.py
[2024-12-02T07:15:10.892+0000] {processor.py:914} INFO - Processing file /opt/airflow/dags/amazon_books.py for tasks to queue
[2024-12-02T07:15:10.894+0000] {logging_mixin.py:190} INFO - [2024-12-02T07:15:10.894+0000] {dagbag.py:588} INFO - Filling up the DagBag from /opt/airflow/dags/amazon_books.py
[2024-12-02T07:15:10.980+0000] {processor.py:925} INFO - DAG(s) 'Amazon_Book_Data' retrieved from /opt/airflow/dags/amazon_books.py
[2024-12-02T07:15:10.999+0000] {logging_mixin.py:190} INFO - [2024-12-02T07:15:10.998+0000] {dag.py:3239} INFO - Sync 1 DAGs
[2024-12-02T07:15:11.031+0000] {processor.py:208} INFO - Processing /opt/airflow/dags/amazon_books.py took 0.145 seconds
[2024-12-02T07:15:41.400+0000] {processor.py:186} INFO - Started process (PID=2221) to work on /opt/airflow/dags/amazon_books.py
[2024-12-02T07:15:41.402+0000] {processor.py:914} INFO - Processing file /opt/airflow/dags/amazon_books.py for tasks to queue
[2024-12-02T07:15:41.404+0000] {logging_mixin.py:190} INFO - [2024-12-02T07:15:41.404+0000] {dagbag.py:588} INFO - Filling up the DagBag from /opt/airflow/dags/amazon_books.py
[2024-12-02T07:15:41.502+0000] {processor.py:925} INFO - DAG(s) 'Amazon_Book_Data' retrieved from /opt/airflow/dags/amazon_books.py
[2024-12-02T07:15:41.522+0000] {logging_mixin.py:190} INFO - [2024-12-02T07:15:41.521+0000] {dag.py:3239} INFO - Sync 1 DAGs
[2024-12-02T07:15:41.559+0000] {processor.py:208} INFO - Processing /opt/airflow/dags/amazon_books.py took 0.168 seconds
[2024-12-02T07:16:12.106+0000] {processor.py:186} INFO - Started process (PID=2284) to work on /opt/airflow/dags/amazon_books.py
[2024-12-02T07:16:12.107+0000] {processor.py:914} INFO - Processing file /opt/airflow/dags/amazon_books.py for tasks to queue
[2024-12-02T07:16:12.109+0000] {logging_mixin.py:190} INFO - [2024-12-02T07:16:12.109+0000] {dagbag.py:588} INFO - Filling up the DagBag from /opt/airflow/dags/amazon_books.py
[2024-12-02T07:16:12.204+0000] {processor.py:925} INFO - DAG(s) 'Amazon_Book_Data' retrieved from /opt/airflow/dags/amazon_books.py
[2024-12-02T07:16:12.397+0000] {logging_mixin.py:190} INFO - [2024-12-02T07:16:12.397+0000] {dag.py:3239} INFO - Sync 1 DAGs
[2024-12-02T07:16:12.426+0000] {processor.py:208} INFO - Processing /opt/airflow/dags/amazon_books.py took 0.327 seconds
[2024-12-02T07:16:42.642+0000] {processor.py:186} INFO - Started process (PID=2347) to work on /opt/airflow/dags/amazon_books.py
[2024-12-02T07:16:42.643+0000] {processor.py:914} INFO - Processing file /opt/airflow/dags/amazon_books.py for tasks to queue
[2024-12-02T07:16:42.645+0000] {logging_mixin.py:190} INFO - [2024-12-02T07:16:42.645+0000] {dagbag.py:588} INFO - Filling up the DagBag from /opt/airflow/dags/amazon_books.py
[2024-12-02T07:16:42.733+0000] {processor.py:925} INFO - DAG(s) 'Amazon_Book_Data' retrieved from /opt/airflow/dags/amazon_books.py
[2024-12-02T07:16:42.753+0000] {logging_mixin.py:190} INFO - [2024-12-02T07:16:42.753+0000] {dag.py:3239} INFO - Sync 1 DAGs
[2024-12-02T07:16:42.942+0000] {processor.py:208} INFO - Processing /opt/airflow/dags/amazon_books.py took 0.304 seconds
[2024-12-02T07:17:13.136+0000] {processor.py:186} INFO - Started process (PID=2413) to work on /opt/airflow/dags/amazon_books.py
[2024-12-02T07:17:13.137+0000] {processor.py:914} INFO - Processing file /opt/airflow/dags/amazon_books.py for tasks to queue
[2024-12-02T07:17:13.139+0000] {logging_mixin.py:190} INFO - [2024-12-02T07:17:13.138+0000] {dagbag.py:588} INFO - Filling up the DagBag from /opt/airflow/dags/amazon_books.py
[2024-12-02T07:17:13.224+0000] {processor.py:925} INFO - DAG(s) 'Amazon_Book_Data' retrieved from /opt/airflow/dags/amazon_books.py
[2024-12-02T07:17:13.242+0000] {logging_mixin.py:190} INFO - [2024-12-02T07:17:13.242+0000] {dag.py:3239} INFO - Sync 1 DAGs
[2024-12-02T07:17:13.426+0000] {processor.py:208} INFO - Processing /opt/airflow/dags/amazon_books.py took 0.296 seconds
[2024-12-02T07:17:43.892+0000] {processor.py:186} INFO - Started process (PID=2474) to work on /opt/airflow/dags/amazon_books.py
[2024-12-02T07:17:43.893+0000] {processor.py:914} INFO - Processing file /opt/airflow/dags/amazon_books.py for tasks to queue
[2024-12-02T07:17:43.894+0000] {logging_mixin.py:190} INFO - [2024-12-02T07:17:43.894+0000] {dagbag.py:588} INFO - Filling up the DagBag from /opt/airflow/dags/amazon_books.py
[2024-12-02T07:17:44.139+0000] {processor.py:925} INFO - DAG(s) 'Amazon_Book_Data' retrieved from /opt/airflow/dags/amazon_books.py
[2024-12-02T07:17:44.154+0000] {logging_mixin.py:190} INFO - [2024-12-02T07:17:44.154+0000] {dag.py:3239} INFO - Sync 1 DAGs
[2024-12-02T07:17:44.181+0000] {processor.py:208} INFO - Processing /opt/airflow/dags/amazon_books.py took 0.294 seconds
[2024-12-02T07:18:14.937+0000] {processor.py:186} INFO - Started process (PID=2537) to work on /opt/airflow/dags/amazon_books.py
[2024-12-02T07:18:14.939+0000] {processor.py:914} INFO - Processing file /opt/airflow/dags/amazon_books.py for tasks to queue
[2024-12-02T07:18:14.941+0000] {logging_mixin.py:190} INFO - [2024-12-02T07:18:14.940+0000] {dagbag.py:588} INFO - Filling up the DagBag from /opt/airflow/dags/amazon_books.py
[2024-12-02T07:18:15.210+0000] {processor.py:925} INFO - DAG(s) 'Amazon_Book_Data' retrieved from /opt/airflow/dags/amazon_books.py
[2024-12-02T07:18:15.289+0000] {logging_mixin.py:190} INFO - [2024-12-02T07:18:15.288+0000] {dag.py:3239} INFO - Sync 1 DAGs
[2024-12-02T07:18:15.297+0000] {logging_mixin.py:190} INFO - [2024-12-02T07:18:15.296+0000] {dag.py:3262} INFO - Creating ORM DAG for Amazon_Book_Data
[2024-12-02T07:18:15.306+0000] {logging_mixin.py:190} INFO - [2024-12-02T07:18:15.306+0000] {dag.py:4180} INFO - Setting next_dagrun for Amazon_Book_Data to 2024-09-24 00:00:00+00:00, run_after=2024-09-25 00:00:00+00:00
[2024-12-02T07:18:15.323+0000] {processor.py:208} INFO - Processing /opt/airflow/dags/amazon_books.py took 0.391 seconds
[2024-12-02T07:18:46.237+0000] {processor.py:186} INFO - Started process (PID=2603) to work on /opt/airflow/dags/amazon_books.py
[2024-12-02T07:18:46.238+0000] {processor.py:914} INFO - Processing file /opt/airflow/dags/amazon_books.py for tasks to queue
[2024-12-02T07:18:46.239+0000] {logging_mixin.py:190} INFO - [2024-12-02T07:18:46.239+0000] {dagbag.py:588} INFO - Filling up the DagBag from /opt/airflow/dags/amazon_books.py
[2024-12-02T07:18:46.491+0000] {processor.py:925} INFO - DAG(s) 'Amazon_Book_Data' retrieved from /opt/airflow/dags/amazon_books.py
[2024-12-02T07:18:46.509+0000] {logging_mixin.py:190} INFO - [2024-12-02T07:18:46.508+0000] {dag.py:3239} INFO - Sync 1 DAGs
[2024-12-02T07:18:46.525+0000] {logging_mixin.py:190} INFO - [2024-12-02T07:18:46.525+0000] {dag.py:4180} INFO - Setting next_dagrun for Amazon_Book_Data to 2024-09-24 00:00:00+00:00, run_after=2024-09-25 00:00:00+00:00
[2024-12-02T07:18:46.538+0000] {processor.py:208} INFO - Processing /opt/airflow/dags/amazon_books.py took 0.306 seconds
[2024-12-02T07:19:16.648+0000] {processor.py:186} INFO - Started process (PID=2669) to work on /opt/airflow/dags/amazon_books.py
[2024-12-02T07:19:16.649+0000] {processor.py:914} INFO - Processing file /opt/airflow/dags/amazon_books.py for tasks to queue
[2024-12-02T07:19:16.651+0000] {logging_mixin.py:190} INFO - [2024-12-02T07:19:16.651+0000] {dagbag.py:588} INFO - Filling up the DagBag from /opt/airflow/dags/amazon_books.py
[2024-12-02T07:19:16.906+0000] {processor.py:925} INFO - DAG(s) 'Amazon_Book_Data' retrieved from /opt/airflow/dags/amazon_books.py
[2024-12-02T07:19:16.921+0000] {logging_mixin.py:190} INFO - [2024-12-02T07:19:16.921+0000] {dag.py:3239} INFO - Sync 1 DAGs
[2024-12-02T07:19:16.937+0000] {logging_mixin.py:190} INFO - [2024-12-02T07:19:16.937+0000] {dag.py:4180} INFO - Setting next_dagrun for Amazon_Book_Data to 2024-09-24 00:00:00+00:00, run_after=2024-09-25 00:00:00+00:00
[2024-12-02T07:19:16.951+0000] {processor.py:208} INFO - Processing /opt/airflow/dags/amazon_books.py took 0.308 seconds
[2024-12-02T07:33:38.153+0000] {processor.py:186} INFO - Started process (PID=51) to work on /opt/airflow/dags/amazon_books.py
[2024-12-02T07:33:38.154+0000] {processor.py:914} INFO - Processing file /opt/airflow/dags/amazon_books.py for tasks to queue
[2024-12-02T07:33:38.156+0000] {logging_mixin.py:190} INFO - [2024-12-02T07:33:38.156+0000] {dagbag.py:588} INFO - Filling up the DagBag from /opt/airflow/dags/amazon_books.py
[2024-12-02T07:33:38.369+0000] {processor.py:925} INFO - DAG(s) 'fetch_and_store_amazon_books' retrieved from /opt/airflow/dags/amazon_books.py
[2024-12-02T07:33:38.586+0000] {logging_mixin.py:190} INFO - [2024-12-02T07:33:38.585+0000] {dag.py:3239} INFO - Sync 1 DAGs
[2024-12-02T07:33:38.637+0000] {logging_mixin.py:190} INFO - [2024-12-02T07:33:38.636+0000] {dag.py:4180} INFO - Setting next_dagrun for fetch_and_store_amazon_books to 2024-06-20 00:00:00+00:00, run_after=2024-06-21 00:00:00+00:00
[2024-12-02T07:33:38.673+0000] {processor.py:208} INFO - Processing /opt/airflow/dags/amazon_books.py took 0.528 seconds
[2024-12-02T07:34:09.019+0000] {processor.py:186} INFO - Started process (PID=122) to work on /opt/airflow/dags/amazon_books.py
[2024-12-02T07:34:09.065+0000] {processor.py:914} INFO - Processing file /opt/airflow/dags/amazon_books.py for tasks to queue
[2024-12-02T07:34:09.067+0000] {logging_mixin.py:190} INFO - [2024-12-02T07:34:09.067+0000] {dagbag.py:588} INFO - Filling up the DagBag from /opt/airflow/dags/amazon_books.py
[2024-12-02T07:34:09.152+0000] {processor.py:925} INFO - DAG(s) 'fetch_and_store_amazon_books' retrieved from /opt/airflow/dags/amazon_books.py
[2024-12-02T07:34:09.170+0000] {logging_mixin.py:190} INFO - [2024-12-02T07:34:09.170+0000] {dag.py:3239} INFO - Sync 1 DAGs
[2024-12-02T07:34:09.187+0000] {logging_mixin.py:190} INFO - [2024-12-02T07:34:09.187+0000] {dag.py:4180} INFO - Setting next_dagrun for fetch_and_store_amazon_books to 2024-06-20 00:00:00+00:00, run_after=2024-06-21 00:00:00+00:00
[2024-12-02T07:34:09.202+0000] {processor.py:208} INFO - Processing /opt/airflow/dags/amazon_books.py took 0.188 seconds
[2024-12-02T07:34:39.432+0000] {processor.py:186} INFO - Started process (PID=183) to work on /opt/airflow/dags/amazon_books.py
[2024-12-02T07:34:39.434+0000] {processor.py:914} INFO - Processing file /opt/airflow/dags/amazon_books.py for tasks to queue
[2024-12-02T07:34:39.438+0000] {logging_mixin.py:190} INFO - [2024-12-02T07:34:39.438+0000] {dagbag.py:588} INFO - Filling up the DagBag from /opt/airflow/dags/amazon_books.py
[2024-12-02T07:34:39.582+0000] {processor.py:925} INFO - DAG(s) 'fetch_and_store_amazon_books' retrieved from /opt/airflow/dags/amazon_books.py
[2024-12-02T07:34:39.613+0000] {logging_mixin.py:190} INFO - [2024-12-02T07:34:39.612+0000] {dag.py:3239} INFO - Sync 1 DAGs
[2024-12-02T07:34:39.647+0000] {logging_mixin.py:190} INFO - [2024-12-02T07:34:39.646+0000] {dag.py:4180} INFO - Setting next_dagrun for fetch_and_store_amazon_books to 2024-06-20 00:00:00+00:00, run_after=2024-06-21 00:00:00+00:00
[2024-12-02T07:34:39.673+0000] {processor.py:208} INFO - Processing /opt/airflow/dags/amazon_books.py took 0.259 seconds
[2024-12-02T07:36:11.536+0000] {processor.py:186} INFO - Started process (PID=58) to work on /opt/airflow/dags/amazon_books.py
[2024-12-02T07:36:11.538+0000] {processor.py:914} INFO - Processing file /opt/airflow/dags/amazon_books.py for tasks to queue
[2024-12-02T07:36:11.543+0000] {logging_mixin.py:190} INFO - [2024-12-02T07:36:11.542+0000] {dagbag.py:588} INFO - Filling up the DagBag from /opt/airflow/dags/amazon_books.py
[2024-12-02T07:36:11.781+0000] {processor.py:925} INFO - DAG(s) 'fetch_and_store_amazon_books' retrieved from /opt/airflow/dags/amazon_books.py
[2024-12-02T07:36:11.807+0000] {logging_mixin.py:190} INFO - [2024-12-02T07:36:11.807+0000] {dag.py:3239} INFO - Sync 1 DAGs
[2024-12-02T07:36:11.836+0000] {logging_mixin.py:190} INFO - [2024-12-02T07:36:11.836+0000] {dag.py:4180} INFO - Setting next_dagrun for fetch_and_store_amazon_books to 2024-06-20 00:00:00+00:00, run_after=2024-06-21 00:00:00+00:00
[2024-12-02T07:36:11.902+0000] {processor.py:208} INFO - Processing /opt/airflow/dags/amazon_books.py took 0.373 seconds
[2024-12-02T07:36:42.181+0000] {processor.py:186} INFO - Started process (PID=121) to work on /opt/airflow/dags/amazon_books.py
[2024-12-02T07:36:42.182+0000] {processor.py:914} INFO - Processing file /opt/airflow/dags/amazon_books.py for tasks to queue
[2024-12-02T07:36:42.184+0000] {logging_mixin.py:190} INFO - [2024-12-02T07:36:42.184+0000] {dagbag.py:588} INFO - Filling up the DagBag from /opt/airflow/dags/amazon_books.py
[2024-12-02T07:36:42.285+0000] {processor.py:925} INFO - DAG(s) 'fetch_and_store_amazon_books' retrieved from /opt/airflow/dags/amazon_books.py
[2024-12-02T07:36:42.309+0000] {logging_mixin.py:190} INFO - [2024-12-02T07:36:42.308+0000] {dag.py:3239} INFO - Sync 1 DAGs
[2024-12-02T07:36:42.339+0000] {logging_mixin.py:190} INFO - [2024-12-02T07:36:42.339+0000] {dag.py:4180} INFO - Setting next_dagrun for fetch_and_store_amazon_books to 2024-06-20 00:00:00+00:00, run_after=2024-06-21 00:00:00+00:00
[2024-12-02T07:36:42.369+0000] {processor.py:208} INFO - Processing /opt/airflow/dags/amazon_books.py took 0.193 seconds
[2024-12-02T07:37:12.974+0000] {processor.py:186} INFO - Started process (PID=184) to work on /opt/airflow/dags/amazon_books.py
[2024-12-02T07:37:12.975+0000] {processor.py:914} INFO - Processing file /opt/airflow/dags/amazon_books.py for tasks to queue
[2024-12-02T07:37:12.976+0000] {logging_mixin.py:190} INFO - [2024-12-02T07:37:12.976+0000] {dagbag.py:588} INFO - Filling up the DagBag from /opt/airflow/dags/amazon_books.py
[2024-12-02T07:37:13.064+0000] {processor.py:925} INFO - DAG(s) 'fetch_and_store_amazon_books' retrieved from /opt/airflow/dags/amazon_books.py
[2024-12-02T07:37:13.080+0000] {logging_mixin.py:190} INFO - [2024-12-02T07:37:13.079+0000] {dag.py:3239} INFO - Sync 1 DAGs
[2024-12-02T07:37:13.098+0000] {logging_mixin.py:190} INFO - [2024-12-02T07:37:13.097+0000] {dag.py:4180} INFO - Setting next_dagrun for fetch_and_store_amazon_books to 2024-06-20 00:00:00+00:00, run_after=2024-06-21 00:00:00+00:00
[2024-12-02T07:37:13.113+0000] {processor.py:208} INFO - Processing /opt/airflow/dags/amazon_books.py took 0.144 seconds
[2024-12-02T07:37:43.251+0000] {processor.py:186} INFO - Started process (PID=247) to work on /opt/airflow/dags/amazon_books.py
[2024-12-02T07:37:43.253+0000] {processor.py:914} INFO - Processing file /opt/airflow/dags/amazon_books.py for tasks to queue
[2024-12-02T07:37:43.256+0000] {logging_mixin.py:190} INFO - [2024-12-02T07:37:43.256+0000] {dagbag.py:588} INFO - Filling up the DagBag from /opt/airflow/dags/amazon_books.py
[2024-12-02T07:37:43.359+0000] {processor.py:925} INFO - DAG(s) 'fetch_and_store_amazon_books' retrieved from /opt/airflow/dags/amazon_books.py
[2024-12-02T07:37:43.381+0000] {logging_mixin.py:190} INFO - [2024-12-02T07:37:43.381+0000] {dag.py:3239} INFO - Sync 1 DAGs
[2024-12-02T07:37:43.408+0000] {logging_mixin.py:190} INFO - [2024-12-02T07:37:43.408+0000] {dag.py:4180} INFO - Setting next_dagrun for fetch_and_store_amazon_books to 2024-06-20 00:00:00+00:00, run_after=2024-06-21 00:00:00+00:00
[2024-12-02T07:37:43.433+0000] {processor.py:208} INFO - Processing /opt/airflow/dags/amazon_books.py took 0.189 seconds
[2024-12-02T07:38:14.276+0000] {processor.py:186} INFO - Started process (PID=310) to work on /opt/airflow/dags/amazon_books.py
[2024-12-02T07:38:14.277+0000] {processor.py:914} INFO - Processing file /opt/airflow/dags/amazon_books.py for tasks to queue
[2024-12-02T07:38:14.279+0000] {logging_mixin.py:190} INFO - [2024-12-02T07:38:14.279+0000] {dagbag.py:588} INFO - Filling up the DagBag from /opt/airflow/dags/amazon_books.py
[2024-12-02T07:38:14.362+0000] {processor.py:925} INFO - DAG(s) 'fetch_and_store_amazon_books' retrieved from /opt/airflow/dags/amazon_books.py
[2024-12-02T07:38:14.378+0000] {logging_mixin.py:190} INFO - [2024-12-02T07:38:14.378+0000] {dag.py:3239} INFO - Sync 1 DAGs
[2024-12-02T07:38:14.396+0000] {logging_mixin.py:190} INFO - [2024-12-02T07:38:14.395+0000] {dag.py:4180} INFO - Setting next_dagrun for fetch_and_store_amazon_books to 2024-06-20 00:00:00+00:00, run_after=2024-06-21 00:00:00+00:00
[2024-12-02T07:38:14.411+0000] {processor.py:208} INFO - Processing /opt/airflow/dags/amazon_books.py took 0.140 seconds
[2024-12-02T07:38:44.768+0000] {processor.py:186} INFO - Started process (PID=373) to work on /opt/airflow/dags/amazon_books.py
[2024-12-02T07:38:44.769+0000] {processor.py:914} INFO - Processing file /opt/airflow/dags/amazon_books.py for tasks to queue
[2024-12-02T07:38:44.771+0000] {logging_mixin.py:190} INFO - [2024-12-02T07:38:44.771+0000] {dagbag.py:588} INFO - Filling up the DagBag from /opt/airflow/dags/amazon_books.py
[2024-12-02T07:38:44.857+0000] {processor.py:925} INFO - DAG(s) 'fetch_and_store_amazon_books' retrieved from /opt/airflow/dags/amazon_books.py
[2024-12-02T07:38:44.873+0000] {logging_mixin.py:190} INFO - [2024-12-02T07:38:44.872+0000] {dag.py:3239} INFO - Sync 1 DAGs
[2024-12-02T07:38:44.894+0000] {logging_mixin.py:190} INFO - [2024-12-02T07:38:44.894+0000] {dag.py:4180} INFO - Setting next_dagrun for fetch_and_store_amazon_books to 2024-06-20 00:00:00+00:00, run_after=2024-06-21 00:00:00+00:00
[2024-12-02T07:38:44.912+0000] {processor.py:208} INFO - Processing /opt/airflow/dags/amazon_books.py took 0.152 seconds
[2024-12-02T07:39:15.475+0000] {processor.py:186} INFO - Started process (PID=436) to work on /opt/airflow/dags/amazon_books.py
[2024-12-02T07:39:15.476+0000] {processor.py:914} INFO - Processing file /opt/airflow/dags/amazon_books.py for tasks to queue
[2024-12-02T07:39:15.479+0000] {logging_mixin.py:190} INFO - [2024-12-02T07:39:15.478+0000] {dagbag.py:588} INFO - Filling up the DagBag from /opt/airflow/dags/amazon_books.py
[2024-12-02T07:39:15.568+0000] {processor.py:925} INFO - DAG(s) 'fetch_and_store_amazon_books' retrieved from /opt/airflow/dags/amazon_books.py
[2024-12-02T07:39:15.584+0000] {logging_mixin.py:190} INFO - [2024-12-02T07:39:15.584+0000] {dag.py:3239} INFO - Sync 1 DAGs
[2024-12-02T07:39:15.601+0000] {logging_mixin.py:190} INFO - [2024-12-02T07:39:15.601+0000] {dag.py:4180} INFO - Setting next_dagrun for fetch_and_store_amazon_books to 2024-06-20 00:00:00+00:00, run_after=2024-06-21 00:00:00+00:00
[2024-12-02T07:39:15.616+0000] {processor.py:208} INFO - Processing /opt/airflow/dags/amazon_books.py took 0.146 seconds
[2024-12-02T07:39:45.857+0000] {processor.py:186} INFO - Started process (PID=505) to work on /opt/airflow/dags/amazon_books.py
[2024-12-02T07:39:45.858+0000] {processor.py:914} INFO - Processing file /opt/airflow/dags/amazon_books.py for tasks to queue
[2024-12-02T07:39:45.860+0000] {logging_mixin.py:190} INFO - [2024-12-02T07:39:45.860+0000] {dagbag.py:588} INFO - Filling up the DagBag from /opt/airflow/dags/amazon_books.py
[2024-12-02T07:39:45.946+0000] {processor.py:925} INFO - DAG(s) 'fetch_and_store_amazon_books' retrieved from /opt/airflow/dags/amazon_books.py
[2024-12-02T07:39:45.963+0000] {logging_mixin.py:190} INFO - [2024-12-02T07:39:45.962+0000] {dag.py:3239} INFO - Sync 1 DAGs
[2024-12-02T07:39:45.980+0000] {logging_mixin.py:190} INFO - [2024-12-02T07:39:45.980+0000] {dag.py:4180} INFO - Setting next_dagrun for fetch_and_store_amazon_books to 2024-06-20 00:00:00+00:00, run_after=2024-06-21 00:00:00+00:00
[2024-12-02T07:39:45.995+0000] {processor.py:208} INFO - Processing /opt/airflow/dags/amazon_books.py took 0.142 seconds
[2024-12-02T07:40:16.741+0000] {processor.py:186} INFO - Started process (PID=568) to work on /opt/airflow/dags/amazon_books.py
[2024-12-02T07:40:16.741+0000] {processor.py:914} INFO - Processing file /opt/airflow/dags/amazon_books.py for tasks to queue
[2024-12-02T07:40:16.743+0000] {logging_mixin.py:190} INFO - [2024-12-02T07:40:16.743+0000] {dagbag.py:588} INFO - Filling up the DagBag from /opt/airflow/dags/amazon_books.py
[2024-12-02T07:40:16.828+0000] {processor.py:925} INFO - DAG(s) 'fetch_and_store_amazon_books' retrieved from /opt/airflow/dags/amazon_books.py
[2024-12-02T07:40:16.845+0000] {logging_mixin.py:190} INFO - [2024-12-02T07:40:16.845+0000] {dag.py:3239} INFO - Sync 1 DAGs
[2024-12-02T07:40:16.862+0000] {logging_mixin.py:190} INFO - [2024-12-02T07:40:16.862+0000] {dag.py:4180} INFO - Setting next_dagrun for fetch_and_store_amazon_books to 2024-06-20 00:00:00+00:00, run_after=2024-06-21 00:00:00+00:00
[2024-12-02T07:40:16.877+0000] {processor.py:208} INFO - Processing /opt/airflow/dags/amazon_books.py took 0.142 seconds
[2024-12-02T07:40:46.935+0000] {processor.py:186} INFO - Started process (PID=631) to work on /opt/airflow/dags/amazon_books.py
[2024-12-02T07:40:46.936+0000] {processor.py:914} INFO - Processing file /opt/airflow/dags/amazon_books.py for tasks to queue
[2024-12-02T07:40:46.938+0000] {logging_mixin.py:190} INFO - [2024-12-02T07:40:46.938+0000] {dagbag.py:588} INFO - Filling up the DagBag from /opt/airflow/dags/amazon_books.py
[2024-12-02T07:40:47.026+0000] {processor.py:925} INFO - DAG(s) 'fetch_and_store_amazon_books' retrieved from /opt/airflow/dags/amazon_books.py
[2024-12-02T07:40:47.043+0000] {logging_mixin.py:190} INFO - [2024-12-02T07:40:47.043+0000] {dag.py:3239} INFO - Sync 1 DAGs
[2024-12-02T07:40:47.060+0000] {logging_mixin.py:190} INFO - [2024-12-02T07:40:47.060+0000] {dag.py:4180} INFO - Setting next_dagrun for fetch_and_store_amazon_books to 2024-06-20 00:00:00+00:00, run_after=2024-06-21 00:00:00+00:00
[2024-12-02T07:40:47.077+0000] {processor.py:208} INFO - Processing /opt/airflow/dags/amazon_books.py took 0.148 seconds
[2024-12-02T07:41:17.183+0000] {processor.py:186} INFO - Started process (PID=695) to work on /opt/airflow/dags/amazon_books.py
[2024-12-02T07:41:17.184+0000] {processor.py:914} INFO - Processing file /opt/airflow/dags/amazon_books.py for tasks to queue
[2024-12-02T07:41:17.186+0000] {logging_mixin.py:190} INFO - [2024-12-02T07:41:17.186+0000] {dagbag.py:588} INFO - Filling up the DagBag from /opt/airflow/dags/amazon_books.py
[2024-12-02T07:41:17.270+0000] {processor.py:925} INFO - DAG(s) 'fetch_and_store_amazon_books' retrieved from /opt/airflow/dags/amazon_books.py
[2024-12-02T07:41:17.288+0000] {logging_mixin.py:190} INFO - [2024-12-02T07:41:17.287+0000] {dag.py:3239} INFO - Sync 1 DAGs
[2024-12-02T07:41:17.306+0000] {logging_mixin.py:190} INFO - [2024-12-02T07:41:17.306+0000] {dag.py:4180} INFO - Setting next_dagrun for fetch_and_store_amazon_books to 2024-06-20 00:00:00+00:00, run_after=2024-06-21 00:00:00+00:00
[2024-12-02T07:41:17.321+0000] {processor.py:208} INFO - Processing /opt/airflow/dags/amazon_books.py took 0.142 seconds
[2024-12-02T07:41:47.831+0000] {processor.py:186} INFO - Started process (PID=757) to work on /opt/airflow/dags/amazon_books.py
[2024-12-02T07:41:47.833+0000] {processor.py:914} INFO - Processing file /opt/airflow/dags/amazon_books.py for tasks to queue
[2024-12-02T07:41:47.835+0000] {logging_mixin.py:190} INFO - [2024-12-02T07:41:47.834+0000] {dagbag.py:588} INFO - Filling up the DagBag from /opt/airflow/dags/amazon_books.py
[2024-12-02T07:41:47.929+0000] {processor.py:925} INFO - DAG(s) 'fetch_and_store_amazon_books' retrieved from /opt/airflow/dags/amazon_books.py
[2024-12-02T07:41:47.948+0000] {logging_mixin.py:190} INFO - [2024-12-02T07:41:47.947+0000] {dag.py:3239} INFO - Sync 1 DAGs
[2024-12-02T07:41:47.968+0000] {logging_mixin.py:190} INFO - [2024-12-02T07:41:47.968+0000] {dag.py:4180} INFO - Setting next_dagrun for fetch_and_store_amazon_books to 2024-06-20 00:00:00+00:00, run_after=2024-06-21 00:00:00+00:00
[2024-12-02T07:41:47.986+0000] {processor.py:208} INFO - Processing /opt/airflow/dags/amazon_books.py took 0.161 seconds
[2024-12-02T07:42:18.076+0000] {processor.py:186} INFO - Started process (PID=838) to work on /opt/airflow/dags/amazon_books.py
[2024-12-02T07:42:18.077+0000] {processor.py:914} INFO - Processing file /opt/airflow/dags/amazon_books.py for tasks to queue
[2024-12-02T07:42:18.099+0000] {logging_mixin.py:190} INFO - [2024-12-02T07:42:18.098+0000] {dagbag.py:588} INFO - Filling up the DagBag from /opt/airflow/dags/amazon_books.py
[2024-12-02T07:42:18.641+0000] {processor.py:925} INFO - DAG(s) 'fetch_and_store_amazon_books' retrieved from /opt/airflow/dags/amazon_books.py
[2024-12-02T07:42:18.679+0000] {logging_mixin.py:190} INFO - [2024-12-02T07:42:18.679+0000] {dag.py:3239} INFO - Sync 1 DAGs
[2024-12-02T07:42:18.830+0000] {processor.py:208} INFO - Processing /opt/airflow/dags/amazon_books.py took 0.783 seconds
[2024-12-02T07:42:49.005+0000] {processor.py:186} INFO - Started process (PID=920) to work on /opt/airflow/dags/amazon_books.py
[2024-12-02T07:42:49.007+0000] {processor.py:914} INFO - Processing file /opt/airflow/dags/amazon_books.py for tasks to queue
[2024-12-02T07:42:49.011+0000] {logging_mixin.py:190} INFO - [2024-12-02T07:42:49.010+0000] {dagbag.py:588} INFO - Filling up the DagBag from /opt/airflow/dags/amazon_books.py
[2024-12-02T07:42:49.185+0000] {processor.py:925} INFO - DAG(s) 'fetch_and_store_amazon_books' retrieved from /opt/airflow/dags/amazon_books.py
[2024-12-02T07:42:49.221+0000] {logging_mixin.py:190} INFO - [2024-12-02T07:42:49.220+0000] {dag.py:3239} INFO - Sync 1 DAGs
[2024-12-02T07:42:49.301+0000] {processor.py:208} INFO - Processing /opt/airflow/dags/amazon_books.py took 0.307 seconds
[2024-12-02T07:43:19.443+0000] {processor.py:186} INFO - Started process (PID=1071) to work on /opt/airflow/dags/amazon_books.py
[2024-12-02T07:43:19.443+0000] {processor.py:914} INFO - Processing file /opt/airflow/dags/amazon_books.py for tasks to queue
[2024-12-02T07:43:19.446+0000] {logging_mixin.py:190} INFO - [2024-12-02T07:43:19.445+0000] {dagbag.py:588} INFO - Filling up the DagBag from /opt/airflow/dags/amazon_books.py
[2024-12-02T07:43:19.554+0000] {processor.py:925} INFO - DAG(s) 'fetch_and_store_amazon_books' retrieved from /opt/airflow/dags/amazon_books.py
[2024-12-02T07:43:19.570+0000] {logging_mixin.py:190} INFO - [2024-12-02T07:43:19.570+0000] {dag.py:3239} INFO - Sync 1 DAGs
[2024-12-02T07:43:19.589+0000] {logging_mixin.py:190} INFO - [2024-12-02T07:43:19.588+0000] {dag.py:4180} INFO - Setting next_dagrun for fetch_and_store_amazon_books to 2024-08-07 00:00:00+00:00, run_after=2024-08-08 00:00:00+00:00
[2024-12-02T07:43:19.605+0000] {processor.py:208} INFO - Processing /opt/airflow/dags/amazon_books.py took 0.168 seconds
[2024-12-02T07:43:49.787+0000] {processor.py:186} INFO - Started process (PID=1195) to work on /opt/airflow/dags/amazon_books.py
[2024-12-02T07:43:49.789+0000] {processor.py:914} INFO - Processing file /opt/airflow/dags/amazon_books.py for tasks to queue
[2024-12-02T07:43:49.795+0000] {logging_mixin.py:190} INFO - [2024-12-02T07:43:49.794+0000] {dagbag.py:588} INFO - Filling up the DagBag from /opt/airflow/dags/amazon_books.py
[2024-12-02T07:43:50.042+0000] {processor.py:925} INFO - DAG(s) 'fetch_and_store_amazon_books' retrieved from /opt/airflow/dags/amazon_books.py
[2024-12-02T07:43:50.080+0000] {logging_mixin.py:190} INFO - [2024-12-02T07:43:50.079+0000] {dag.py:3239} INFO - Sync 1 DAGs
[2024-12-02T07:43:50.204+0000] {processor.py:208} INFO - Processing /opt/airflow/dags/amazon_books.py took 0.433 seconds
[2024-12-02T07:44:20.994+0000] {processor.py:186} INFO - Started process (PID=1327) to work on /opt/airflow/dags/amazon_books.py
[2024-12-02T07:44:20.995+0000] {processor.py:914} INFO - Processing file /opt/airflow/dags/amazon_books.py for tasks to queue
[2024-12-02T07:44:21.000+0000] {logging_mixin.py:190} INFO - [2024-12-02T07:44:21.000+0000] {dagbag.py:588} INFO - Filling up the DagBag from /opt/airflow/dags/amazon_books.py
[2024-12-02T07:44:21.194+0000] {processor.py:925} INFO - DAG(s) 'fetch_and_store_amazon_books' retrieved from /opt/airflow/dags/amazon_books.py
[2024-12-02T07:44:21.228+0000] {logging_mixin.py:190} INFO - [2024-12-02T07:44:21.226+0000] {dag.py:3239} INFO - Sync 1 DAGs
[2024-12-02T07:44:21.266+0000] {logging_mixin.py:190} INFO - [2024-12-02T07:44:21.266+0000] {dag.py:4180} INFO - Setting next_dagrun for fetch_and_store_amazon_books to 2024-10-07 00:00:00+00:00, run_after=2024-10-08 00:00:00+00:00
[2024-12-02T07:44:21.303+0000] {processor.py:208} INFO - Processing /opt/airflow/dags/amazon_books.py took 0.320 seconds
[2024-12-02T07:44:52.058+0000] {processor.py:186} INFO - Started process (PID=1473) to work on /opt/airflow/dags/amazon_books.py
[2024-12-02T07:44:52.059+0000] {processor.py:914} INFO - Processing file /opt/airflow/dags/amazon_books.py for tasks to queue
[2024-12-02T07:44:52.062+0000] {logging_mixin.py:190} INFO - [2024-12-02T07:44:52.062+0000] {dagbag.py:588} INFO - Filling up the DagBag from /opt/airflow/dags/amazon_books.py
[2024-12-02T07:44:52.190+0000] {processor.py:925} INFO - DAG(s) 'fetch_and_store_amazon_books' retrieved from /opt/airflow/dags/amazon_books.py
[2024-12-02T07:44:52.210+0000] {logging_mixin.py:190} INFO - [2024-12-02T07:44:52.209+0000] {dag.py:3239} INFO - Sync 1 DAGs
[2024-12-02T07:44:52.232+0000] {logging_mixin.py:190} INFO - [2024-12-02T07:44:52.232+0000] {dag.py:4180} INFO - Setting next_dagrun for fetch_and_store_amazon_books to 2024-10-26 00:00:00+00:00, run_after=2024-10-27 00:00:00+00:00
[2024-12-02T07:44:52.248+0000] {processor.py:208} INFO - Processing /opt/airflow/dags/amazon_books.py took 0.200 seconds
[2024-12-02T07:45:23.105+0000] {processor.py:186} INFO - Started process (PID=1616) to work on /opt/airflow/dags/amazon_books.py
[2024-12-02T07:45:23.107+0000] {processor.py:914} INFO - Processing file /opt/airflow/dags/amazon_books.py for tasks to queue
[2024-12-02T07:45:23.113+0000] {logging_mixin.py:190} INFO - [2024-12-02T07:45:23.112+0000] {dagbag.py:588} INFO - Filling up the DagBag from /opt/airflow/dags/amazon_books.py
[2024-12-02T07:45:23.370+0000] {processor.py:925} INFO - DAG(s) 'fetch_and_store_amazon_books' retrieved from /opt/airflow/dags/amazon_books.py
[2024-12-02T07:45:23.417+0000] {logging_mixin.py:190} INFO - [2024-12-02T07:45:23.416+0000] {dag.py:3239} INFO - Sync 1 DAGs
[2024-12-02T07:45:23.505+0000] {processor.py:208} INFO - Processing /opt/airflow/dags/amazon_books.py took 0.411 seconds
[2024-12-02T07:45:53.993+0000] {processor.py:186} INFO - Started process (PID=1704) to work on /opt/airflow/dags/amazon_books.py
[2024-12-02T07:45:53.994+0000] {processor.py:914} INFO - Processing file /opt/airflow/dags/amazon_books.py for tasks to queue
[2024-12-02T07:45:53.996+0000] {logging_mixin.py:190} INFO - [2024-12-02T07:45:53.996+0000] {dagbag.py:588} INFO - Filling up the DagBag from /opt/airflow/dags/amazon_books.py
[2024-12-02T07:45:54.087+0000] {processor.py:925} INFO - DAG(s) 'fetch_and_store_amazon_books' retrieved from /opt/airflow/dags/amazon_books.py
[2024-12-02T07:45:54.106+0000] {logging_mixin.py:190} INFO - [2024-12-02T07:45:54.106+0000] {dag.py:3239} INFO - Sync 1 DAGs
[2024-12-02T07:45:54.129+0000] {logging_mixin.py:190} INFO - [2024-12-02T07:45:54.128+0000] {dag.py:4180} INFO - Setting next_dagrun for fetch_and_store_amazon_books to 2024-12-02 00:00:00+00:00, run_after=2024-12-03 00:00:00+00:00
[2024-12-02T07:45:54.146+0000] {processor.py:208} INFO - Processing /opt/airflow/dags/amazon_books.py took 0.158 seconds
[2024-12-02T07:46:24.482+0000] {processor.py:186} INFO - Started process (PID=1767) to work on /opt/airflow/dags/amazon_books.py
[2024-12-02T07:46:24.483+0000] {processor.py:914} INFO - Processing file /opt/airflow/dags/amazon_books.py for tasks to queue
[2024-12-02T07:46:24.485+0000] {logging_mixin.py:190} INFO - [2024-12-02T07:46:24.485+0000] {dagbag.py:588} INFO - Filling up the DagBag from /opt/airflow/dags/amazon_books.py
[2024-12-02T07:46:24.575+0000] {processor.py:925} INFO - DAG(s) 'fetch_and_store_amazon_books' retrieved from /opt/airflow/dags/amazon_books.py
[2024-12-02T07:46:24.591+0000] {logging_mixin.py:190} INFO - [2024-12-02T07:46:24.591+0000] {dag.py:3239} INFO - Sync 1 DAGs
[2024-12-02T07:46:24.611+0000] {logging_mixin.py:190} INFO - [2024-12-02T07:46:24.611+0000] {dag.py:4180} INFO - Setting next_dagrun for fetch_and_store_amazon_books to 2024-12-02 00:00:00+00:00, run_after=2024-12-03 00:00:00+00:00
[2024-12-02T07:46:24.625+0000] {processor.py:208} INFO - Processing /opt/airflow/dags/amazon_books.py took 0.148 seconds
[2024-12-02T07:46:54.915+0000] {processor.py:186} INFO - Started process (PID=1830) to work on /opt/airflow/dags/amazon_books.py
[2024-12-02T07:46:54.916+0000] {processor.py:914} INFO - Processing file /opt/airflow/dags/amazon_books.py for tasks to queue
[2024-12-02T07:46:54.918+0000] {logging_mixin.py:190} INFO - [2024-12-02T07:46:54.918+0000] {dagbag.py:588} INFO - Filling up the DagBag from /opt/airflow/dags/amazon_books.py
[2024-12-02T07:46:55.002+0000] {processor.py:925} INFO - DAG(s) 'fetch_and_store_amazon_books' retrieved from /opt/airflow/dags/amazon_books.py
[2024-12-02T07:46:55.019+0000] {logging_mixin.py:190} INFO - [2024-12-02T07:46:55.019+0000] {dag.py:3239} INFO - Sync 1 DAGs
[2024-12-02T07:46:55.037+0000] {logging_mixin.py:190} INFO - [2024-12-02T07:46:55.037+0000] {dag.py:4180} INFO - Setting next_dagrun for fetch_and_store_amazon_books to 2024-12-02 00:00:00+00:00, run_after=2024-12-03 00:00:00+00:00
[2024-12-02T07:46:55.052+0000] {processor.py:208} INFO - Processing /opt/airflow/dags/amazon_books.py took 0.143 seconds
[2024-12-02T07:47:25.105+0000] {processor.py:186} INFO - Started process (PID=1893) to work on /opt/airflow/dags/amazon_books.py
[2024-12-02T07:47:25.106+0000] {processor.py:914} INFO - Processing file /opt/airflow/dags/amazon_books.py for tasks to queue
[2024-12-02T07:47:25.108+0000] {logging_mixin.py:190} INFO - [2024-12-02T07:47:25.108+0000] {dagbag.py:588} INFO - Filling up the DagBag from /opt/airflow/dags/amazon_books.py
[2024-12-02T07:47:25.192+0000] {processor.py:925} INFO - DAG(s) 'fetch_and_store_amazon_books' retrieved from /opt/airflow/dags/amazon_books.py
[2024-12-02T07:47:25.208+0000] {logging_mixin.py:190} INFO - [2024-12-02T07:47:25.208+0000] {dag.py:3239} INFO - Sync 1 DAGs
[2024-12-02T07:47:25.226+0000] {logging_mixin.py:190} INFO - [2024-12-02T07:47:25.226+0000] {dag.py:4180} INFO - Setting next_dagrun for fetch_and_store_amazon_books to 2024-12-02 00:00:00+00:00, run_after=2024-12-03 00:00:00+00:00
[2024-12-02T07:47:25.239+0000] {processor.py:208} INFO - Processing /opt/airflow/dags/amazon_books.py took 0.140 seconds
[2024-12-02T07:47:55.384+0000] {processor.py:186} INFO - Started process (PID=1956) to work on /opt/airflow/dags/amazon_books.py
[2024-12-02T07:47:55.385+0000] {processor.py:914} INFO - Processing file /opt/airflow/dags/amazon_books.py for tasks to queue
[2024-12-02T07:47:55.387+0000] {logging_mixin.py:190} INFO - [2024-12-02T07:47:55.387+0000] {dagbag.py:588} INFO - Filling up the DagBag from /opt/airflow/dags/amazon_books.py
[2024-12-02T07:47:55.481+0000] {processor.py:925} INFO - DAG(s) 'fetch_and_store_amazon_books' retrieved from /opt/airflow/dags/amazon_books.py
[2024-12-02T07:47:55.497+0000] {logging_mixin.py:190} INFO - [2024-12-02T07:47:55.497+0000] {dag.py:3239} INFO - Sync 1 DAGs
[2024-12-02T07:47:55.518+0000] {logging_mixin.py:190} INFO - [2024-12-02T07:47:55.518+0000] {dag.py:4180} INFO - Setting next_dagrun for fetch_and_store_amazon_books to 2024-12-02 00:00:00+00:00, run_after=2024-12-03 00:00:00+00:00
[2024-12-02T07:47:55.533+0000] {processor.py:208} INFO - Processing /opt/airflow/dags/amazon_books.py took 0.155 seconds
[2024-12-02T07:48:26.283+0000] {processor.py:186} INFO - Started process (PID=2019) to work on /opt/airflow/dags/amazon_books.py
[2024-12-02T07:48:26.284+0000] {processor.py:914} INFO - Processing file /opt/airflow/dags/amazon_books.py for tasks to queue
[2024-12-02T07:48:26.286+0000] {logging_mixin.py:190} INFO - [2024-12-02T07:48:26.286+0000] {dagbag.py:588} INFO - Filling up the DagBag from /opt/airflow/dags/amazon_books.py
[2024-12-02T07:48:26.378+0000] {processor.py:925} INFO - DAG(s) 'fetch_and_store_amazon_books' retrieved from /opt/airflow/dags/amazon_books.py
[2024-12-02T07:48:26.394+0000] {logging_mixin.py:190} INFO - [2024-12-02T07:48:26.394+0000] {dag.py:3239} INFO - Sync 1 DAGs
[2024-12-02T07:48:26.412+0000] {logging_mixin.py:190} INFO - [2024-12-02T07:48:26.412+0000] {dag.py:4180} INFO - Setting next_dagrun for fetch_and_store_amazon_books to 2024-12-02 00:00:00+00:00, run_after=2024-12-03 00:00:00+00:00
[2024-12-02T07:48:26.426+0000] {processor.py:208} INFO - Processing /opt/airflow/dags/amazon_books.py took 0.148 seconds
[2024-12-02T07:48:56.925+0000] {processor.py:186} INFO - Started process (PID=2082) to work on /opt/airflow/dags/amazon_books.py
[2024-12-02T07:48:56.926+0000] {processor.py:914} INFO - Processing file /opt/airflow/dags/amazon_books.py for tasks to queue
[2024-12-02T07:48:56.928+0000] {logging_mixin.py:190} INFO - [2024-12-02T07:48:56.928+0000] {dagbag.py:588} INFO - Filling up the DagBag from /opt/airflow/dags/amazon_books.py
[2024-12-02T07:48:57.015+0000] {processor.py:925} INFO - DAG(s) 'fetch_and_store_amazon_books' retrieved from /opt/airflow/dags/amazon_books.py
[2024-12-02T07:48:57.032+0000] {logging_mixin.py:190} INFO - [2024-12-02T07:48:57.032+0000] {dag.py:3239} INFO - Sync 1 DAGs
[2024-12-02T07:48:57.054+0000] {logging_mixin.py:190} INFO - [2024-12-02T07:48:57.053+0000] {dag.py:4180} INFO - Setting next_dagrun for fetch_and_store_amazon_books to 2024-12-02 00:00:00+00:00, run_after=2024-12-03 00:00:00+00:00
[2024-12-02T07:48:57.072+0000] {processor.py:208} INFO - Processing /opt/airflow/dags/amazon_books.py took 0.151 seconds
[2024-12-02T07:49:27.233+0000] {processor.py:186} INFO - Started process (PID=2145) to work on /opt/airflow/dags/amazon_books.py
[2024-12-02T07:49:27.235+0000] {processor.py:914} INFO - Processing file /opt/airflow/dags/amazon_books.py for tasks to queue
[2024-12-02T07:49:27.239+0000] {logging_mixin.py:190} INFO - [2024-12-02T07:49:27.238+0000] {dagbag.py:588} INFO - Filling up the DagBag from /opt/airflow/dags/amazon_books.py
[2024-12-02T07:49:27.337+0000] {processor.py:925} INFO - DAG(s) 'fetch_and_store_amazon_books' retrieved from /opt/airflow/dags/amazon_books.py
[2024-12-02T07:49:27.354+0000] {logging_mixin.py:190} INFO - [2024-12-02T07:49:27.354+0000] {dag.py:3239} INFO - Sync 1 DAGs
[2024-12-02T07:49:27.373+0000] {logging_mixin.py:190} INFO - [2024-12-02T07:49:27.373+0000] {dag.py:4180} INFO - Setting next_dagrun for fetch_and_store_amazon_books to 2024-12-02 00:00:00+00:00, run_after=2024-12-03 00:00:00+00:00
[2024-12-02T07:49:27.553+0000] {processor.py:208} INFO - Processing /opt/airflow/dags/amazon_books.py took 0.330 seconds
[2024-12-02T07:49:57.696+0000] {processor.py:186} INFO - Started process (PID=2211) to work on /opt/airflow/dags/amazon_books.py
[2024-12-02T07:49:57.697+0000] {processor.py:914} INFO - Processing file /opt/airflow/dags/amazon_books.py for tasks to queue
[2024-12-02T07:49:57.699+0000] {logging_mixin.py:190} INFO - [2024-12-02T07:49:57.699+0000] {dagbag.py:588} INFO - Filling up the DagBag from /opt/airflow/dags/amazon_books.py
[2024-12-02T07:49:57.807+0000] {processor.py:925} INFO - DAG(s) 'fetch_and_store_amazon_books' retrieved from /opt/airflow/dags/amazon_books.py
[2024-12-02T07:49:57.829+0000] {logging_mixin.py:190} INFO - [2024-12-02T07:49:57.829+0000] {dag.py:3239} INFO - Sync 1 DAGs
[2024-12-02T07:49:57.850+0000] {logging_mixin.py:190} INFO - [2024-12-02T07:49:57.850+0000] {dag.py:4180} INFO - Setting next_dagrun for fetch_and_store_amazon_books to 2024-12-02 00:00:00+00:00, run_after=2024-12-03 00:00:00+00:00
[2024-12-02T07:49:57.874+0000] {processor.py:208} INFO - Processing /opt/airflow/dags/amazon_books.py took 0.184 seconds
[2024-12-02T07:50:28.000+0000] {processor.py:186} INFO - Started process (PID=2275) to work on /opt/airflow/dags/amazon_books.py
[2024-12-02T07:50:28.001+0000] {processor.py:914} INFO - Processing file /opt/airflow/dags/amazon_books.py for tasks to queue
[2024-12-02T07:50:28.004+0000] {logging_mixin.py:190} INFO - [2024-12-02T07:50:28.003+0000] {dagbag.py:588} INFO - Filling up the DagBag from /opt/airflow/dags/amazon_books.py
[2024-12-02T07:50:28.090+0000] {processor.py:925} INFO - DAG(s) 'fetch_and_store_amazon_books' retrieved from /opt/airflow/dags/amazon_books.py
[2024-12-02T07:50:28.107+0000] {logging_mixin.py:190} INFO - [2024-12-02T07:50:28.107+0000] {dag.py:3239} INFO - Sync 1 DAGs
[2024-12-02T07:50:28.125+0000] {logging_mixin.py:190} INFO - [2024-12-02T07:50:28.125+0000] {dag.py:4180} INFO - Setting next_dagrun for fetch_and_store_amazon_books to 2024-12-02 00:00:00+00:00, run_after=2024-12-03 00:00:00+00:00
[2024-12-02T07:50:28.141+0000] {processor.py:208} INFO - Processing /opt/airflow/dags/amazon_books.py took 0.146 seconds
[2024-12-02T07:50:31.351+0000] {processor.py:186} INFO - Started process (PID=2292) to work on /opt/airflow/dags/amazon_books.py
[2024-12-02T07:50:31.352+0000] {processor.py:914} INFO - Processing file /opt/airflow/dags/amazon_books.py for tasks to queue
[2024-12-02T07:50:31.355+0000] {logging_mixin.py:190} INFO - [2024-12-02T07:50:31.354+0000] {dagbag.py:588} INFO - Filling up the DagBag from /opt/airflow/dags/amazon_books.py
[2024-12-02T07:50:31.446+0000] {processor.py:925} INFO - DAG(s) 'fetch_and_store_amazon_books' retrieved from /opt/airflow/dags/amazon_books.py
[2024-12-02T07:50:31.464+0000] {logging_mixin.py:190} INFO - [2024-12-02T07:50:31.464+0000] {dag.py:3239} INFO - Sync 1 DAGs
[2024-12-02T07:50:31.481+0000] {logging_mixin.py:190} INFO - [2024-12-02T07:50:31.481+0000] {dag.py:4180} INFO - Setting next_dagrun for fetch_and_store_amazon_books to 2024-12-02 00:00:00+00:00, run_after=2024-12-03 00:00:00+00:00
[2024-12-02T07:50:31.643+0000] {processor.py:208} INFO - Processing /opt/airflow/dags/amazon_books.py took 0.297 seconds
[2024-12-02T07:50:32.983+0000] {processor.py:186} INFO - Started process (PID=2300) to work on /opt/airflow/dags/amazon_books.py
[2024-12-02T07:50:32.985+0000] {processor.py:914} INFO - Processing file /opt/airflow/dags/amazon_books.py for tasks to queue
[2024-12-02T07:50:32.988+0000] {logging_mixin.py:190} INFO - [2024-12-02T07:50:32.987+0000] {dagbag.py:588} INFO - Filling up the DagBag from /opt/airflow/dags/amazon_books.py
[2024-12-02T07:50:33.104+0000] {processor.py:925} INFO - DAG(s) 'fetch_and_store_amazon_books' retrieved from /opt/airflow/dags/amazon_books.py
[2024-12-02T07:50:33.131+0000] {logging_mixin.py:190} INFO - [2024-12-02T07:50:33.131+0000] {dag.py:3239} INFO - Sync 1 DAGs
[2024-12-02T07:50:33.431+0000] {logging_mixin.py:190} INFO - [2024-12-02T07:50:33.431+0000] {dag.py:4180} INFO - Setting next_dagrun for fetch_and_store_amazon_books to 2024-12-02 00:00:00+00:00, run_after=2024-12-03 00:00:00+00:00
[2024-12-02T07:50:33.456+0000] {processor.py:208} INFO - Processing /opt/airflow/dags/amazon_books.py took 0.480 seconds
[2024-12-02T07:50:57.194+0000] {processor.py:186} INFO - Started process (PID=2336) to work on /opt/airflow/dags/amazon_books.py
[2024-12-02T07:50:57.195+0000] {processor.py:914} INFO - Processing file /opt/airflow/dags/amazon_books.py for tasks to queue
[2024-12-02T07:50:57.197+0000] {logging_mixin.py:190} INFO - [2024-12-02T07:50:57.197+0000] {dagbag.py:588} INFO - Filling up the DagBag from /opt/airflow/dags/amazon_books.py
[2024-12-02T07:50:57.294+0000] {processor.py:925} INFO - DAG(s) 'fetch_and_store_amazon_books' retrieved from /opt/airflow/dags/amazon_books.py
[2024-12-02T07:50:57.315+0000] {logging_mixin.py:190} INFO - [2024-12-02T07:50:57.314+0000] {dag.py:3239} INFO - Sync 1 DAGs
[2024-12-02T07:50:57.342+0000] {logging_mixin.py:190} INFO - [2024-12-02T07:50:57.342+0000] {dag.py:4180} INFO - Setting next_dagrun for fetch_and_store_amazon_books to 2024-12-02 00:00:00+00:00, run_after=2024-12-03 00:00:00+00:00
[2024-12-02T07:50:57.365+0000] {processor.py:208} INFO - Processing /opt/airflow/dags/amazon_books.py took 0.178 seconds
[2024-12-02T07:51:27.802+0000] {processor.py:186} INFO - Started process (PID=2399) to work on /opt/airflow/dags/amazon_books.py
[2024-12-02T07:51:27.803+0000] {processor.py:914} INFO - Processing file /opt/airflow/dags/amazon_books.py for tasks to queue
[2024-12-02T07:51:27.805+0000] {logging_mixin.py:190} INFO - [2024-12-02T07:51:27.805+0000] {dagbag.py:588} INFO - Filling up the DagBag from /opt/airflow/dags/amazon_books.py
[2024-12-02T07:51:27.891+0000] {processor.py:925} INFO - DAG(s) 'fetch_and_store_amazon_books' retrieved from /opt/airflow/dags/amazon_books.py
[2024-12-02T07:51:27.909+0000] {logging_mixin.py:190} INFO - [2024-12-02T07:51:27.909+0000] {dag.py:3239} INFO - Sync 1 DAGs
[2024-12-02T07:51:27.926+0000] {logging_mixin.py:190} INFO - [2024-12-02T07:51:27.925+0000] {dag.py:4180} INFO - Setting next_dagrun for fetch_and_store_amazon_books to 2024-12-02 00:00:00+00:00, run_after=2024-12-03 00:00:00+00:00
[2024-12-02T07:51:27.939+0000] {processor.py:208} INFO - Processing /opt/airflow/dags/amazon_books.py took 0.142 seconds
[2024-12-02T07:51:58.370+0000] {processor.py:186} INFO - Started process (PID=2462) to work on /opt/airflow/dags/amazon_books.py
[2024-12-02T07:51:58.370+0000] {processor.py:914} INFO - Processing file /opt/airflow/dags/amazon_books.py for tasks to queue
[2024-12-02T07:51:58.373+0000] {logging_mixin.py:190} INFO - [2024-12-02T07:51:58.372+0000] {dagbag.py:588} INFO - Filling up the DagBag from /opt/airflow/dags/amazon_books.py
[2024-12-02T07:51:58.462+0000] {processor.py:925} INFO - DAG(s) 'fetch_and_store_amazon_books' retrieved from /opt/airflow/dags/amazon_books.py
[2024-12-02T07:51:58.480+0000] {logging_mixin.py:190} INFO - [2024-12-02T07:51:58.480+0000] {dag.py:3239} INFO - Sync 1 DAGs
[2024-12-02T07:51:58.498+0000] {logging_mixin.py:190} INFO - [2024-12-02T07:51:58.498+0000] {dag.py:4180} INFO - Setting next_dagrun for fetch_and_store_amazon_books to 2024-12-02 00:00:00+00:00, run_after=2024-12-03 00:00:00+00:00
[2024-12-02T07:51:58.512+0000] {processor.py:208} INFO - Processing /opt/airflow/dags/amazon_books.py took 0.147 seconds
[2024-12-02T07:52:29.073+0000] {processor.py:186} INFO - Started process (PID=2525) to work on /opt/airflow/dags/amazon_books.py
[2024-12-02T07:52:29.074+0000] {processor.py:914} INFO - Processing file /opt/airflow/dags/amazon_books.py for tasks to queue
[2024-12-02T07:52:29.076+0000] {logging_mixin.py:190} INFO - [2024-12-02T07:52:29.076+0000] {dagbag.py:588} INFO - Filling up the DagBag from /opt/airflow/dags/amazon_books.py
[2024-12-02T07:52:29.157+0000] {processor.py:925} INFO - DAG(s) 'fetch_and_store_amazon_books' retrieved from /opt/airflow/dags/amazon_books.py
[2024-12-02T07:52:29.174+0000] {logging_mixin.py:190} INFO - [2024-12-02T07:52:29.173+0000] {dag.py:3239} INFO - Sync 1 DAGs
[2024-12-02T07:52:29.336+0000] {logging_mixin.py:190} INFO - [2024-12-02T07:52:29.335+0000] {dag.py:4180} INFO - Setting next_dagrun for fetch_and_store_amazon_books to 2024-12-02 00:00:00+00:00, run_after=2024-12-03 00:00:00+00:00
[2024-12-02T07:52:29.349+0000] {processor.py:208} INFO - Processing /opt/airflow/dags/amazon_books.py took 0.280 seconds
[2024-12-02T07:52:59.702+0000] {processor.py:186} INFO - Started process (PID=2588) to work on /opt/airflow/dags/amazon_books.py
[2024-12-02T07:52:59.905+0000] {processor.py:914} INFO - Processing file /opt/airflow/dags/amazon_books.py for tasks to queue
[2024-12-02T07:52:59.908+0000] {logging_mixin.py:190} INFO - [2024-12-02T07:52:59.907+0000] {dagbag.py:588} INFO - Filling up the DagBag from /opt/airflow/dags/amazon_books.py
[2024-12-02T07:52:59.995+0000] {processor.py:925} INFO - DAG(s) 'fetch_and_store_amazon_books' retrieved from /opt/airflow/dags/amazon_books.py
[2024-12-02T07:53:00.014+0000] {logging_mixin.py:190} INFO - [2024-12-02T07:53:00.014+0000] {dag.py:3239} INFO - Sync 1 DAGs
[2024-12-02T07:53:00.034+0000] {logging_mixin.py:190} INFO - [2024-12-02T07:53:00.034+0000] {dag.py:4180} INFO - Setting next_dagrun for fetch_and_store_amazon_books to 2024-12-02 00:00:00+00:00, run_after=2024-12-03 00:00:00+00:00
[2024-12-02T07:53:00.211+0000] {processor.py:208} INFO - Processing /opt/airflow/dags/amazon_books.py took 0.514 seconds
[2024-12-02T07:53:30.504+0000] {processor.py:186} INFO - Started process (PID=2651) to work on /opt/airflow/dags/amazon_books.py
[2024-12-02T07:53:30.505+0000] {processor.py:914} INFO - Processing file /opt/airflow/dags/amazon_books.py for tasks to queue
[2024-12-02T07:53:30.507+0000] {logging_mixin.py:190} INFO - [2024-12-02T07:53:30.507+0000] {dagbag.py:588} INFO - Filling up the DagBag from /opt/airflow/dags/amazon_books.py
[2024-12-02T07:53:30.591+0000] {processor.py:925} INFO - DAG(s) 'fetch_and_store_amazon_books' retrieved from /opt/airflow/dags/amazon_books.py
[2024-12-02T07:53:30.607+0000] {logging_mixin.py:190} INFO - [2024-12-02T07:53:30.607+0000] {dag.py:3239} INFO - Sync 1 DAGs
[2024-12-02T07:53:30.625+0000] {logging_mixin.py:190} INFO - [2024-12-02T07:53:30.624+0000] {dag.py:4180} INFO - Setting next_dagrun for fetch_and_store_amazon_books to 2024-12-02 00:00:00+00:00, run_after=2024-12-03 00:00:00+00:00
[2024-12-02T07:53:30.643+0000] {processor.py:208} INFO - Processing /opt/airflow/dags/amazon_books.py took 0.144 seconds
[2024-12-02T07:54:00.756+0000] {processor.py:186} INFO - Started process (PID=2715) to work on /opt/airflow/dags/amazon_books.py
[2024-12-02T07:54:00.757+0000] {processor.py:914} INFO - Processing file /opt/airflow/dags/amazon_books.py for tasks to queue
[2024-12-02T07:54:00.759+0000] {logging_mixin.py:190} INFO - [2024-12-02T07:54:00.759+0000] {dagbag.py:588} INFO - Filling up the DagBag from /opt/airflow/dags/amazon_books.py
[2024-12-02T07:54:01.068+0000] {processor.py:925} INFO - DAG(s) 'fetch_and_store_amazon_books' retrieved from /opt/airflow/dags/amazon_books.py
[2024-12-02T07:54:01.081+0000] {logging_mixin.py:190} INFO - [2024-12-02T07:54:01.081+0000] {dag.py:3239} INFO - Sync 1 DAGs
[2024-12-02T07:54:01.096+0000] {logging_mixin.py:190} INFO - [2024-12-02T07:54:01.096+0000] {dag.py:4180} INFO - Setting next_dagrun for fetch_and_store_amazon_books to 2024-12-02 00:00:00+00:00, run_after=2024-12-03 00:00:00+00:00
[2024-12-02T07:54:01.110+0000] {processor.py:208} INFO - Processing /opt/airflow/dags/amazon_books.py took 0.359 seconds
[2024-12-02T07:54:31.889+0000] {processor.py:186} INFO - Started process (PID=2779) to work on /opt/airflow/dags/amazon_books.py
[2024-12-02T07:54:31.890+0000] {processor.py:914} INFO - Processing file /opt/airflow/dags/amazon_books.py for tasks to queue
[2024-12-02T07:54:31.892+0000] {logging_mixin.py:190} INFO - [2024-12-02T07:54:31.892+0000] {dagbag.py:588} INFO - Filling up the DagBag from /opt/airflow/dags/amazon_books.py
[2024-12-02T07:54:31.983+0000] {processor.py:925} INFO - DAG(s) 'fetch_and_store_amazon_books' retrieved from /opt/airflow/dags/amazon_books.py
[2024-12-02T07:54:32.002+0000] {logging_mixin.py:190} INFO - [2024-12-02T07:54:32.002+0000] {dag.py:3239} INFO - Sync 1 DAGs
[2024-12-02T07:54:32.023+0000] {logging_mixin.py:190} INFO - [2024-12-02T07:54:32.023+0000] {dag.py:4180} INFO - Setting next_dagrun for fetch_and_store_amazon_books to 2024-12-02 00:00:00+00:00, run_after=2024-12-03 00:00:00+00:00
[2024-12-02T07:54:32.039+0000] {processor.py:208} INFO - Processing /opt/airflow/dags/amazon_books.py took 0.154 seconds
[2024-12-02T07:55:02.144+0000] {processor.py:186} INFO - Started process (PID=2842) to work on /opt/airflow/dags/amazon_books.py
[2024-12-02T07:55:02.145+0000] {processor.py:914} INFO - Processing file /opt/airflow/dags/amazon_books.py for tasks to queue
[2024-12-02T07:55:02.147+0000] {logging_mixin.py:190} INFO - [2024-12-02T07:55:02.147+0000] {dagbag.py:588} INFO - Filling up the DagBag from /opt/airflow/dags/amazon_books.py
[2024-12-02T07:55:02.228+0000] {processor.py:925} INFO - DAG(s) 'fetch_and_store_amazon_books' retrieved from /opt/airflow/dags/amazon_books.py
[2024-12-02T07:55:02.375+0000] {logging_mixin.py:190} INFO - [2024-12-02T07:55:02.375+0000] {dag.py:3239} INFO - Sync 1 DAGs
[2024-12-02T07:55:02.393+0000] {logging_mixin.py:190} INFO - [2024-12-02T07:55:02.393+0000] {dag.py:4180} INFO - Setting next_dagrun for fetch_and_store_amazon_books to 2024-12-02 00:00:00+00:00, run_after=2024-12-03 00:00:00+00:00
[2024-12-02T07:55:02.406+0000] {processor.py:208} INFO - Processing /opt/airflow/dags/amazon_books.py took 0.267 seconds
[2024-12-02T07:55:32.678+0000] {processor.py:186} INFO - Started process (PID=2905) to work on /opt/airflow/dags/amazon_books.py
[2024-12-02T07:55:32.679+0000] {processor.py:914} INFO - Processing file /opt/airflow/dags/amazon_books.py for tasks to queue
[2024-12-02T07:55:32.681+0000] {logging_mixin.py:190} INFO - [2024-12-02T07:55:32.681+0000] {dagbag.py:588} INFO - Filling up the DagBag from /opt/airflow/dags/amazon_books.py
[2024-12-02T07:55:32.895+0000] {processor.py:925} INFO - DAG(s) 'fetch_and_store_amazon_books' retrieved from /opt/airflow/dags/amazon_books.py
[2024-12-02T07:55:32.908+0000] {logging_mixin.py:190} INFO - [2024-12-02T07:55:32.907+0000] {dag.py:3239} INFO - Sync 1 DAGs
[2024-12-02T07:55:32.921+0000] {logging_mixin.py:190} INFO - [2024-12-02T07:55:32.921+0000] {dag.py:4180} INFO - Setting next_dagrun for fetch_and_store_amazon_books to 2024-12-02 00:00:00+00:00, run_after=2024-12-03 00:00:00+00:00
[2024-12-02T07:55:32.935+0000] {processor.py:208} INFO - Processing /opt/airflow/dags/amazon_books.py took 0.261 seconds
[2024-12-02T07:55:58.766+0000] {processor.py:186} INFO - Started process (PID=2966) to work on /opt/airflow/dags/amazon_books.py
[2024-12-02T07:55:58.767+0000] {processor.py:914} INFO - Processing file /opt/airflow/dags/amazon_books.py for tasks to queue
[2024-12-02T07:55:58.770+0000] {logging_mixin.py:190} INFO - [2024-12-02T07:55:58.769+0000] {dagbag.py:588} INFO - Filling up the DagBag from /opt/airflow/dags/amazon_books.py
[2024-12-02T07:55:59.048+0000] {processor.py:925} INFO - DAG(s) 'fetch_and_store_amazon_books' retrieved from /opt/airflow/dags/amazon_books.py
[2024-12-02T07:55:59.064+0000] {logging_mixin.py:190} INFO - [2024-12-02T07:55:59.064+0000] {dag.py:3239} INFO - Sync 1 DAGs
[2024-12-02T07:55:59.081+0000] {logging_mixin.py:190} INFO - [2024-12-02T07:55:59.080+0000] {dag.py:4180} INFO - Setting next_dagrun for fetch_and_store_amazon_books to 2024-12-02 00:00:00+00:00, run_after=2024-12-03 00:00:00+00:00
[2024-12-02T07:55:59.099+0000] {processor.py:208} INFO - Processing /opt/airflow/dags/amazon_books.py took 0.337 seconds
[2024-12-02T07:56:29.465+0000] {processor.py:186} INFO - Started process (PID=3029) to work on /opt/airflow/dags/amazon_books.py
[2024-12-02T07:56:29.466+0000] {processor.py:914} INFO - Processing file /opt/airflow/dags/amazon_books.py for tasks to queue
[2024-12-02T07:56:29.468+0000] {logging_mixin.py:190} INFO - [2024-12-02T07:56:29.467+0000] {dagbag.py:588} INFO - Filling up the DagBag from /opt/airflow/dags/amazon_books.py
[2024-12-02T07:56:29.703+0000] {processor.py:925} INFO - DAG(s) 'fetch_and_store_amazon_books' retrieved from /opt/airflow/dags/amazon_books.py
[2024-12-02T07:56:29.717+0000] {logging_mixin.py:190} INFO - [2024-12-02T07:56:29.717+0000] {dag.py:3239} INFO - Sync 1 DAGs
[2024-12-02T07:56:29.732+0000] {logging_mixin.py:190} INFO - [2024-12-02T07:56:29.732+0000] {dag.py:4180} INFO - Setting next_dagrun for fetch_and_store_amazon_books to 2024-12-02 00:00:00+00:00, run_after=2024-12-03 00:00:00+00:00
[2024-12-02T07:56:29.744+0000] {processor.py:208} INFO - Processing /opt/airflow/dags/amazon_books.py took 0.284 seconds
[2024-12-02T07:57:00.227+0000] {processor.py:186} INFO - Started process (PID=3092) to work on /opt/airflow/dags/amazon_books.py
[2024-12-02T07:57:00.228+0000] {processor.py:914} INFO - Processing file /opt/airflow/dags/amazon_books.py for tasks to queue
[2024-12-02T07:57:00.231+0000] {logging_mixin.py:190} INFO - [2024-12-02T07:57:00.230+0000] {dagbag.py:588} INFO - Filling up the DagBag from /opt/airflow/dags/amazon_books.py
[2024-12-02T07:57:00.314+0000] {processor.py:925} INFO - DAG(s) 'fetch_and_store_amazon_books' retrieved from /opt/airflow/dags/amazon_books.py
[2024-12-02T07:57:00.333+0000] {logging_mixin.py:190} INFO - [2024-12-02T07:57:00.332+0000] {dag.py:3239} INFO - Sync 1 DAGs
[2024-12-02T07:57:00.354+0000] {logging_mixin.py:190} INFO - [2024-12-02T07:57:00.354+0000] {dag.py:4180} INFO - Setting next_dagrun for fetch_and_store_amazon_books to 2024-12-02 00:00:00+00:00, run_after=2024-12-03 00:00:00+00:00
[2024-12-02T07:57:00.368+0000] {processor.py:208} INFO - Processing /opt/airflow/dags/amazon_books.py took 0.146 seconds
[2024-12-02T07:57:30.488+0000] {processor.py:186} INFO - Started process (PID=3155) to work on /opt/airflow/dags/amazon_books.py
[2024-12-02T07:57:30.489+0000] {processor.py:914} INFO - Processing file /opt/airflow/dags/amazon_books.py for tasks to queue
[2024-12-02T07:57:30.491+0000] {logging_mixin.py:190} INFO - [2024-12-02T07:57:30.491+0000] {dagbag.py:588} INFO - Filling up the DagBag from /opt/airflow/dags/amazon_books.py
[2024-12-02T07:57:30.823+0000] {processor.py:925} INFO - DAG(s) 'fetch_and_store_amazon_books' retrieved from /opt/airflow/dags/amazon_books.py
[2024-12-02T07:57:30.837+0000] {logging_mixin.py:190} INFO - [2024-12-02T07:57:30.836+0000] {dag.py:3239} INFO - Sync 1 DAGs
[2024-12-02T07:57:30.851+0000] {logging_mixin.py:190} INFO - [2024-12-02T07:57:30.850+0000] {dag.py:4180} INFO - Setting next_dagrun for fetch_and_store_amazon_books to 2024-12-02 00:00:00+00:00, run_after=2024-12-03 00:00:00+00:00
[2024-12-02T07:57:30.864+0000] {processor.py:208} INFO - Processing /opt/airflow/dags/amazon_books.py took 0.381 seconds
[2024-12-02T07:58:01.058+0000] {processor.py:186} INFO - Started process (PID=3219) to work on /opt/airflow/dags/amazon_books.py
[2024-12-02T07:58:01.059+0000] {processor.py:914} INFO - Processing file /opt/airflow/dags/amazon_books.py for tasks to queue
[2024-12-02T07:58:01.061+0000] {logging_mixin.py:190} INFO - [2024-12-02T07:58:01.061+0000] {dagbag.py:588} INFO - Filling up the DagBag from /opt/airflow/dags/amazon_books.py
[2024-12-02T07:58:01.304+0000] {processor.py:925} INFO - DAG(s) 'fetch_and_store_amazon_books' retrieved from /opt/airflow/dags/amazon_books.py
[2024-12-02T07:58:01.319+0000] {logging_mixin.py:190} INFO - [2024-12-02T07:58:01.319+0000] {dag.py:3239} INFO - Sync 1 DAGs
[2024-12-02T07:58:01.336+0000] {logging_mixin.py:190} INFO - [2024-12-02T07:58:01.336+0000] {dag.py:4180} INFO - Setting next_dagrun for fetch_and_store_amazon_books to 2024-12-02 00:00:00+00:00, run_after=2024-12-03 00:00:00+00:00
[2024-12-02T07:58:01.349+0000] {processor.py:208} INFO - Processing /opt/airflow/dags/amazon_books.py took 0.297 seconds
[2024-12-02T07:58:31.723+0000] {processor.py:186} INFO - Started process (PID=3282) to work on /opt/airflow/dags/amazon_books.py
[2024-12-02T07:58:31.725+0000] {processor.py:914} INFO - Processing file /opt/airflow/dags/amazon_books.py for tasks to queue
[2024-12-02T07:58:31.727+0000] {logging_mixin.py:190} INFO - [2024-12-02T07:58:31.727+0000] {dagbag.py:588} INFO - Filling up the DagBag from /opt/airflow/dags/amazon_books.py
[2024-12-02T07:58:31.989+0000] {processor.py:925} INFO - DAG(s) 'fetch_and_store_amazon_books' retrieved from /opt/airflow/dags/amazon_books.py
[2024-12-02T07:58:32.005+0000] {logging_mixin.py:190} INFO - [2024-12-02T07:58:32.004+0000] {dag.py:3239} INFO - Sync 1 DAGs
[2024-12-02T07:58:32.019+0000] {logging_mixin.py:190} INFO - [2024-12-02T07:58:32.019+0000] {dag.py:4180} INFO - Setting next_dagrun for fetch_and_store_amazon_books to 2024-12-02 00:00:00+00:00, run_after=2024-12-03 00:00:00+00:00
[2024-12-02T07:58:32.034+0000] {processor.py:208} INFO - Processing /opt/airflow/dags/amazon_books.py took 0.317 seconds
[2024-12-02T07:59:02.336+0000] {processor.py:186} INFO - Started process (PID=3345) to work on /opt/airflow/dags/amazon_books.py
[2024-12-02T07:59:02.337+0000] {processor.py:914} INFO - Processing file /opt/airflow/dags/amazon_books.py for tasks to queue
[2024-12-02T07:59:02.339+0000] {logging_mixin.py:190} INFO - [2024-12-02T07:59:02.339+0000] {dagbag.py:588} INFO - Filling up the DagBag from /opt/airflow/dags/amazon_books.py
[2024-12-02T07:59:02.567+0000] {processor.py:925} INFO - DAG(s) 'fetch_and_store_amazon_books' retrieved from /opt/airflow/dags/amazon_books.py
[2024-12-02T07:59:02.583+0000] {logging_mixin.py:190} INFO - [2024-12-02T07:59:02.582+0000] {dag.py:3239} INFO - Sync 1 DAGs
[2024-12-02T07:59:02.599+0000] {logging_mixin.py:190} INFO - [2024-12-02T07:59:02.599+0000] {dag.py:4180} INFO - Setting next_dagrun for fetch_and_store_amazon_books to 2024-12-02 00:00:00+00:00, run_after=2024-12-03 00:00:00+00:00
[2024-12-02T07:59:02.612+0000] {processor.py:208} INFO - Processing /opt/airflow/dags/amazon_books.py took 0.281 seconds
[2024-12-02T07:59:32.749+0000] {processor.py:186} INFO - Started process (PID=3408) to work on /opt/airflow/dags/amazon_books.py
[2024-12-02T07:59:32.750+0000] {processor.py:914} INFO - Processing file /opt/airflow/dags/amazon_books.py for tasks to queue
[2024-12-02T07:59:32.752+0000] {logging_mixin.py:190} INFO - [2024-12-02T07:59:32.752+0000] {dagbag.py:588} INFO - Filling up the DagBag from /opt/airflow/dags/amazon_books.py
[2024-12-02T07:59:32.833+0000] {processor.py:925} INFO - DAG(s) 'fetch_and_store_amazon_books' retrieved from /opt/airflow/dags/amazon_books.py
[2024-12-02T07:59:32.851+0000] {logging_mixin.py:190} INFO - [2024-12-02T07:59:32.851+0000] {dag.py:3239} INFO - Sync 1 DAGs
[2024-12-02T07:59:32.868+0000] {logging_mixin.py:190} INFO - [2024-12-02T07:59:32.868+0000] {dag.py:4180} INFO - Setting next_dagrun for fetch_and_store_amazon_books to 2024-12-02 00:00:00+00:00, run_after=2024-12-03 00:00:00+00:00
[2024-12-02T07:59:32.885+0000] {processor.py:208} INFO - Processing /opt/airflow/dags/amazon_books.py took 0.141 seconds
