[2024-12-02T06:58:00.906+0000] {local_task_job_runner.py:123} INFO - ::group::Pre task execution logs
[2024-12-02T06:58:00.987+0000] {taskinstance.py:2612} INFO - Dependencies all met for dep_context=non-requeueable deps ti=<TaskInstance: Amazon_Book_Data.Fetch_Books_Data scheduled__2024-10-01T00:00:00+00:00 [queued]>
[2024-12-02T06:58:01.006+0000] {taskinstance.py:2612} INFO - Dependencies all met for dep_context=requeueable deps ti=<TaskInstance: Amazon_Book_Data.Fetch_Books_Data scheduled__2024-10-01T00:00:00+00:00 [queued]>
[2024-12-02T06:58:01.008+0000] {taskinstance.py:2865} INFO - Starting attempt 1 of 2
[2024-12-02T06:58:01.051+0000] {taskinstance.py:2888} INFO - Executing <Task(PythonOperator): Fetch_Books_Data> on 2024-10-01 00:00:00+00:00
[2024-12-02T06:58:01.071+0000] {warnings.py:112} WARNING - /home/***/.local/lib/python3.12/site-packages/***/task/task_runner/standard_task_runner.py:70: DeprecationWarning: This process (pid=79) is multi-threaded, use of fork() may lead to deadlocks in the child.
  pid = os.fork()

[2024-12-02T06:58:01.075+0000] {standard_task_runner.py:72} INFO - Started process 121 to run task
[2024-12-02T06:58:01.079+0000] {standard_task_runner.py:104} INFO - Running: ['***', 'tasks', 'run', 'Amazon_Book_Data', 'Fetch_Books_Data', 'scheduled__2024-10-01T00:00:00+00:00', '--job-id', '72', '--raw', '--subdir', 'DAGS_FOLDER/amazon_books.py', '--cfg-path', '/tmp/tmpp4trlurb']
[2024-12-02T06:58:01.081+0000] {standard_task_runner.py:105} INFO - Job 72: Subtask Fetch_Books_Data
[2024-12-02T06:58:01.216+0000] {task_command.py:467} INFO - Running <TaskInstance: Amazon_Book_Data.Fetch_Books_Data scheduled__2024-10-01T00:00:00+00:00 [running]> on host 9458297c348b
[2024-12-02T06:58:15.471+0000] {taskinstance.py:3131} INFO - Exporting env vars: AIRFLOW_CTX_DAG_OWNER='***' AIRFLOW_CTX_DAG_ID='Amazon_Book_Data' AIRFLOW_CTX_TASK_ID='Fetch_Books_Data' AIRFLOW_CTX_EXECUTION_DATE='2024-10-01T00:00:00+00:00' AIRFLOW_CTX_TRY_NUMBER='1' AIRFLOW_CTX_DAG_RUN_ID='scheduled__2024-10-01T00:00:00+00:00'
[2024-12-02T06:58:15.477+0000] {logging_mixin.py:190} INFO - Task instance is in running state
[2024-12-02T06:58:15.478+0000] {logging_mixin.py:190} INFO -  Previous state of the Task instance: queued
[2024-12-02T06:58:15.481+0000] {logging_mixin.py:190} INFO - Current task name:Fetch_Books_Data state:running start_date:2024-12-02 06:58:00.988879+00:00
[2024-12-02T06:58:15.484+0000] {logging_mixin.py:190} INFO - Dag name:Amazon_Book_Data and current dag run status:running
[2024-12-02T06:58:15.488+0000] {taskinstance.py:731} INFO - ::endgroup::
[2024-12-02T06:58:15.473+0000] {job.py:229} INFO - Heartbeat recovered after 14.73 seconds
[2024-12-02T06:58:17.909+0000] {logging_mixin.py:190} INFO - Able to reach the site, scrapping data...
[2024-12-02T06:58:47.796+0000] {job.py:229} INFO - Heartbeat recovered after 41.65 seconds
[2024-12-02T06:58:53.316+0000] {logging_mixin.py:190} INFO - The webpage has been scrapped for data...
[2024-12-02T06:58:53.353+0000] {logging_mixin.py:190} INFO - Books data has been scrapped from the website succesfully !!!
[2024-12-02T06:58:53.362+0000] {logging_mixin.py:190} INFO - Number of books scrapped :  49
[2024-12-02T06:58:53.398+0000] {python.py:240} INFO - Done. Returned value was: None
[2024-12-02T06:58:53.417+0000] {taskinstance.py:340} INFO - ::group::Post task execution logs
[2024-12-02T06:58:53.418+0000] {taskinstance.py:352} INFO - Marking task as SUCCESS. dag_id=Amazon_Book_Data, task_id=Fetch_Books_Data, run_id=scheduled__2024-10-01T00:00:00+00:00, execution_date=20241001T000000, start_date=20241202T065800, end_date=20241202T065853
[2024-12-02T06:58:53.438+0000] {logging_mixin.py:190} INFO - Task instance in success state
[2024-12-02T06:58:53.439+0000] {logging_mixin.py:190} INFO -  Previous state of the Task instance: running
[2024-12-02T06:58:53.439+0000] {logging_mixin.py:190} INFO - Dag name:Amazon_Book_Data queued_at:2024-12-02 06:57:49.418309+00:00
[2024-12-02T06:58:53.440+0000] {logging_mixin.py:190} INFO - Task hostname:9458297c348b operator:PythonOperator
[2024-12-02T06:58:53.522+0000] {local_task_job_runner.py:266} INFO - Task exited with return code 0
[2024-12-02T06:58:53.555+0000] {warnings.py:112} WARNING - /home/***/.local/lib/python3.12/site-packages/***/models/baseoperator.py:1378: AirflowProviderDeprecationWarning: Call to deprecated class PostgresOperator. (Please use `***.providers.common.sql.operators.sql.SQLExecuteQueryOperator`.Also, you can provide `hook_params={'schema': <database>}`.)
  result = cls.__new__(cls)

[2024-12-02T06:58:53.627+0000] {taskinstance.py:3900} INFO - 1 downstream tasks scheduled from follow-on schedule check
[2024-12-02T06:58:53.634+0000] {local_task_job_runner.py:245} INFO - ::endgroup::
