[2024-12-02T07:43:12.698+0000] {local_task_job_runner.py:123} INFO - ::group::Pre task execution logs
[2024-12-02T07:43:12.720+0000] {taskinstance.py:2612} INFO - Dependencies all met for dep_context=non-requeueable deps ti=<TaskInstance: fetch_and_store_amazon_books.create_table scheduled__2024-07-27T00:00:00+00:00 [queued]>
[2024-12-02T07:43:12.732+0000] {taskinstance.py:2612} INFO - Dependencies all met for dep_context=requeueable deps ti=<TaskInstance: fetch_and_store_amazon_books.create_table scheduled__2024-07-27T00:00:00+00:00 [queued]>
[2024-12-02T07:43:12.733+0000] {taskinstance.py:2865} INFO - Starting attempt 1 of 1
[2024-12-02T07:43:12.750+0000] {taskinstance.py:2888} INFO - Executing <Task(PostgresOperator): create_table> on 2024-07-27 00:00:00+00:00
[2024-12-02T07:43:12.763+0000] {warnings.py:112} WARNING - /home/***/.local/lib/python3.12/site-packages/***/task/task_runner/standard_task_runner.py:70: DeprecationWarning: This process (pid=617) is multi-threaded, use of fork() may lead to deadlocks in the child.
  pid = os.fork()

[2024-12-02T07:43:12.766+0000] {standard_task_runner.py:72} INFO - Started process 637 to run task
[2024-12-02T07:43:12.772+0000] {standard_task_runner.py:104} INFO - Running: ['***', 'tasks', 'run', 'fetch_and_store_amazon_books', 'create_table', 'scheduled__2024-07-27T00:00:00+00:00', '--job-id', '210', '--raw', '--subdir', 'DAGS_FOLDER/amazon_books.py', '--cfg-path', '/tmp/tmp_7nw0kz4']
[2024-12-02T07:43:12.774+0000] {standard_task_runner.py:105} INFO - Job 210: Subtask create_table
[2024-12-02T07:43:12.838+0000] {task_command.py:467} INFO - Running <TaskInstance: fetch_and_store_amazon_books.create_table scheduled__2024-07-27T00:00:00+00:00 [running]> on host b142fff8b280
[2024-12-02T07:43:12.940+0000] {taskinstance.py:3131} INFO - Exporting env vars: AIRFLOW_CTX_DAG_OWNER='***' AIRFLOW_CTX_DAG_ID='fetch_and_store_amazon_books' AIRFLOW_CTX_TASK_ID='create_table' AIRFLOW_CTX_EXECUTION_DATE='2024-07-27T00:00:00+00:00' AIRFLOW_CTX_TRY_NUMBER='1' AIRFLOW_CTX_DAG_RUN_ID='scheduled__2024-07-27T00:00:00+00:00'
[2024-12-02T07:43:12.945+0000] {logging_mixin.py:190} INFO - Task instance is in running state
[2024-12-02T07:43:12.946+0000] {logging_mixin.py:190} INFO -  Previous state of the Task instance: queued
[2024-12-02T07:43:12.947+0000] {logging_mixin.py:190} INFO - Current task name:create_table state:running start_date:2024-12-02 07:43:12.721510+00:00
[2024-12-02T07:43:12.947+0000] {logging_mixin.py:190} INFO - Dag name:fetch_and_store_amazon_books and current dag run status:running
[2024-12-02T07:43:12.948+0000] {taskinstance.py:731} INFO - ::endgroup::
[2024-12-02T07:43:12.949+0000] {sql.py:266} INFO - Executing: 
    CREATE TABLE IF NOT EXISTS books (
        id SERIAL PRIMARY KEY,
        title TEXT NOT NULL,
        authors TEXT,
        price TEXT,
        rating TEXT
    );
    
[2024-12-02T07:43:12.962+0000] {base.py:84} INFO - Retrieving connection 'books_connection'
[2024-12-02T07:43:12.973+0000] {base.py:84} INFO - Retrieving connection 'books_connection'
[2024-12-02T07:43:12.977+0000] {sql.py:509} INFO - Running statement: 
    CREATE TABLE IF NOT EXISTS books (
        id SERIAL PRIMARY KEY,
        title TEXT NOT NULL,
        authors TEXT,
        price TEXT,
        rating TEXT
    );
    , parameters: None
[2024-12-02T07:43:12.992+0000] {taskinstance.py:340} INFO - ::group::Post task execution logs
[2024-12-02T07:43:12.993+0000] {taskinstance.py:352} INFO - Marking task as SUCCESS. dag_id=fetch_and_store_amazon_books, task_id=create_table, run_id=scheduled__2024-07-27T00:00:00+00:00, execution_date=20240727T000000, start_date=20241202T074312, end_date=20241202T074312
[2024-12-02T07:43:13.005+0000] {logging_mixin.py:190} INFO - Task instance in success state
[2024-12-02T07:43:13.006+0000] {logging_mixin.py:190} INFO -  Previous state of the Task instance: running
[2024-12-02T07:43:13.007+0000] {logging_mixin.py:190} INFO - Dag name:fetch_and_store_amazon_books queued_at:2024-12-02 07:43:05.700749+00:00
[2024-12-02T07:43:13.008+0000] {logging_mixin.py:190} INFO - Task hostname:b142fff8b280 operator:PostgresOperator
[2024-12-02T07:43:13.066+0000] {local_task_job_runner.py:266} INFO - Task exited with return code 0
[2024-12-02T07:43:13.077+0000] {warnings.py:112} WARNING - /home/***/.local/lib/python3.12/site-packages/***/models/baseoperator.py:1378: AirflowProviderDeprecationWarning: Call to deprecated class PostgresOperator. (Please use `***.providers.common.sql.operators.sql.SQLExecuteQueryOperator`.Also, you can provide `hook_params={'schema': <database>}`.)
  result = cls.__new__(cls)

[2024-12-02T07:43:13.088+0000] {taskinstance.py:3900} INFO - 0 downstream tasks scheduled from follow-on schedule check
[2024-12-02T07:43:13.090+0000] {local_task_job_runner.py:245} INFO - ::endgroup::
