[2024-12-02T07:42:23.206+0000] {local_task_job_runner.py:123} INFO - ::group::Pre task execution logs
[2024-12-02T07:42:23.232+0000] {taskinstance.py:2612} INFO - Dependencies all met for dep_context=non-requeueable deps ti=<TaskInstance: fetch_and_store_amazon_books.create_table scheduled__2024-06-22T00:00:00+00:00 [queued]>
[2024-12-02T07:42:23.245+0000] {taskinstance.py:2612} INFO - Dependencies all met for dep_context=requeueable deps ti=<TaskInstance: fetch_and_store_amazon_books.create_table scheduled__2024-06-22T00:00:00+00:00 [queued]>
[2024-12-02T07:42:23.245+0000] {taskinstance.py:2865} INFO - Starting attempt 1 of 1
[2024-12-02T07:42:23.273+0000] {taskinstance.py:2888} INFO - Executing <Task(PostgresOperator): create_table> on 2024-06-22 00:00:00+00:00
[2024-12-02T07:42:23.297+0000] {warnings.py:112} WARNING - /home/***/.local/lib/python3.12/site-packages/***/task/task_runner/standard_task_runner.py:70: DeprecationWarning: This process (pid=217) is multi-threaded, use of fork() may lead to deadlocks in the child.
  pid = os.fork()

[2024-12-02T07:42:23.304+0000] {standard_task_runner.py:72} INFO - Started process 252 to run task
[2024-12-02T07:42:23.307+0000] {standard_task_runner.py:104} INFO - Running: ['***', 'tasks', 'run', 'fetch_and_store_amazon_books', 'create_table', 'scheduled__2024-06-22T00:00:00+00:00', '--job-id', '113', '--raw', '--subdir', 'DAGS_FOLDER/amazon_books.py', '--cfg-path', '/tmp/tmp7x0jn2t4']
[2024-12-02T07:42:23.312+0000] {standard_task_runner.py:105} INFO - Job 113: Subtask create_table
[2024-12-02T07:42:23.458+0000] {task_command.py:467} INFO - Running <TaskInstance: fetch_and_store_amazon_books.create_table scheduled__2024-06-22T00:00:00+00:00 [running]> on host b142fff8b280
[2024-12-02T07:42:23.616+0000] {taskinstance.py:3131} INFO - Exporting env vars: AIRFLOW_CTX_DAG_OWNER='***' AIRFLOW_CTX_DAG_ID='fetch_and_store_amazon_books' AIRFLOW_CTX_TASK_ID='create_table' AIRFLOW_CTX_EXECUTION_DATE='2024-06-22T00:00:00+00:00' AIRFLOW_CTX_TRY_NUMBER='1' AIRFLOW_CTX_DAG_RUN_ID='scheduled__2024-06-22T00:00:00+00:00'
[2024-12-02T07:42:23.619+0000] {logging_mixin.py:190} INFO - Task instance is in running state
[2024-12-02T07:42:23.620+0000] {logging_mixin.py:190} INFO -  Previous state of the Task instance: queued
[2024-12-02T07:42:23.621+0000] {logging_mixin.py:190} INFO - Current task name:create_table state:running start_date:2024-12-02 07:42:23.234071+00:00
[2024-12-02T07:42:23.622+0000] {logging_mixin.py:190} INFO - Dag name:fetch_and_store_amazon_books and current dag run status:running
[2024-12-02T07:42:23.624+0000] {taskinstance.py:731} INFO - ::endgroup::
[2024-12-02T07:42:23.625+0000] {sql.py:266} INFO - Executing: 
    CREATE TABLE IF NOT EXISTS books (
        id SERIAL PRIMARY KEY,
        title TEXT NOT NULL,
        authors TEXT,
        price TEXT,
        rating TEXT
    );
    
[2024-12-02T07:42:23.664+0000] {base.py:84} INFO - Retrieving connection 'books_connection'
[2024-12-02T07:42:23.797+0000] {base.py:84} INFO - Retrieving connection 'books_connection'
[2024-12-02T07:42:23.807+0000] {sql.py:509} INFO - Running statement: 
    CREATE TABLE IF NOT EXISTS books (
        id SERIAL PRIMARY KEY,
        title TEXT NOT NULL,
        authors TEXT,
        price TEXT,
        rating TEXT
    );
    , parameters: None
[2024-12-02T07:42:23.822+0000] {taskinstance.py:340} INFO - ::group::Post task execution logs
[2024-12-02T07:42:23.823+0000] {taskinstance.py:352} INFO - Marking task as SUCCESS. dag_id=fetch_and_store_amazon_books, task_id=create_table, run_id=scheduled__2024-06-22T00:00:00+00:00, execution_date=20240622T000000, start_date=20241202T074223, end_date=20241202T074223
[2024-12-02T07:42:23.862+0000] {logging_mixin.py:190} INFO - Task instance in success state
[2024-12-02T07:42:23.863+0000] {logging_mixin.py:190} INFO -  Previous state of the Task instance: running
[2024-12-02T07:42:23.863+0000] {logging_mixin.py:190} INFO - Dag name:fetch_and_store_amazon_books queued_at:2024-12-02 07:41:58.305833+00:00
[2024-12-02T07:42:23.864+0000] {logging_mixin.py:190} INFO - Task hostname:b142fff8b280 operator:PostgresOperator
[2024-12-02T07:42:23.899+0000] {local_task_job_runner.py:266} INFO - Task exited with return code 0
[2024-12-02T07:42:23.916+0000] {local_task_job_runner.py:245} INFO - ::endgroup::
