[2024-12-02T07:43:27.611+0000] {local_task_job_runner.py:123} INFO - ::group::Pre task execution logs
[2024-12-02T07:43:27.638+0000] {taskinstance.py:2612} INFO - Dependencies all met for dep_context=non-requeueable deps ti=<TaskInstance: fetch_and_store_amazon_books.fetch_book_data scheduled__2024-08-12T00:00:00+00:00 [queued]>
[2024-12-02T07:43:27.649+0000] {taskinstance.py:2612} INFO - Dependencies all met for dep_context=requeueable deps ti=<TaskInstance: fetch_and_store_amazon_books.fetch_book_data scheduled__2024-08-12T00:00:00+00:00 [queued]>
[2024-12-02T07:43:27.651+0000] {taskinstance.py:2865} INFO - Starting attempt 1 of 1
[2024-12-02T07:43:27.674+0000] {taskinstance.py:2888} INFO - Executing <Task(PythonOperator): fetch_book_data> on 2024-08-12 00:00:00+00:00
[2024-12-02T07:43:27.696+0000] {standard_task_runner.py:104} INFO - Running: ['***', 'tasks', 'run', 'fetch_and_store_amazon_books', 'fetch_book_data', 'scheduled__2024-08-12T00:00:00+00:00', '--job-id', '246', '--raw', '--subdir', 'DAGS_FOLDER/amazon_books.py', '--cfg-path', '/tmp/tmp304kj2kk']
[2024-12-02T07:43:27.692+0000] {warnings.py:112} WARNING - /home/***/.local/lib/python3.12/site-packages/***/task/task_runner/standard_task_runner.py:70: DeprecationWarning: This process (pid=751) is multi-threaded, use of fork() may lead to deadlocks in the child.
  pid = os.fork()

[2024-12-02T07:43:27.699+0000] {standard_task_runner.py:105} INFO - Job 246: Subtask fetch_book_data
[2024-12-02T07:43:27.700+0000] {standard_task_runner.py:72} INFO - Started process 783 to run task
[2024-12-02T07:43:27.837+0000] {task_command.py:467} INFO - Running <TaskInstance: fetch_and_store_amazon_books.fetch_book_data scheduled__2024-08-12T00:00:00+00:00 [running]> on host b142fff8b280
[2024-12-02T07:43:27.963+0000] {taskinstance.py:3131} INFO - Exporting env vars: AIRFLOW_CTX_DAG_OWNER='***' AIRFLOW_CTX_DAG_ID='fetch_and_store_amazon_books' AIRFLOW_CTX_TASK_ID='fetch_book_data' AIRFLOW_CTX_EXECUTION_DATE='2024-08-12T00:00:00+00:00' AIRFLOW_CTX_TRY_NUMBER='1' AIRFLOW_CTX_DAG_RUN_ID='scheduled__2024-08-12T00:00:00+00:00'
[2024-12-02T07:43:27.966+0000] {logging_mixin.py:190} INFO - Task instance is in running state
[2024-12-02T07:43:27.967+0000] {logging_mixin.py:190} INFO -  Previous state of the Task instance: queued
[2024-12-02T07:43:27.967+0000] {logging_mixin.py:190} INFO - Current task name:fetch_book_data state:running start_date:2024-12-02 07:43:27.638890+00:00
[2024-12-02T07:43:27.969+0000] {logging_mixin.py:190} INFO - Dag name:fetch_and_store_amazon_books and current dag run status:running
[2024-12-02T07:43:27.969+0000] {taskinstance.py:731} INFO - ::endgroup::
[2024-12-02T07:43:29.174+0000] {logging_mixin.py:190} INFO - Able to reach the site, scrapping data...
[2024-12-02T07:43:29.864+0000] {logging_mixin.py:190} INFO - The webpage has been scrapped for data...
[2024-12-02T07:43:30.164+0000] {logging_mixin.py:190} INFO - Books data has been scrapped from the website succesfully !!!
[2024-12-02T07:43:30.194+0000] {python.py:240} INFO - Done. Returned value was: None
[2024-12-02T07:43:30.207+0000] {taskinstance.py:340} INFO - ::group::Post task execution logs
[2024-12-02T07:43:30.208+0000] {taskinstance.py:352} INFO - Marking task as SUCCESS. dag_id=fetch_and_store_amazon_books, task_id=fetch_book_data, run_id=scheduled__2024-08-12T00:00:00+00:00, execution_date=20240812T000000, start_date=20241202T074327, end_date=20241202T074330
[2024-12-02T07:43:30.222+0000] {logging_mixin.py:190} INFO - Task instance in success state
[2024-12-02T07:43:30.225+0000] {logging_mixin.py:190} INFO -  Previous state of the Task instance: running
[2024-12-02T07:43:30.226+0000] {logging_mixin.py:190} INFO - Dag name:fetch_and_store_amazon_books queued_at:2024-12-02 07:43:25.252984+00:00
[2024-12-02T07:43:30.226+0000] {logging_mixin.py:190} INFO - Task hostname:b142fff8b280 operator:PythonOperator
[2024-12-02T07:43:30.303+0000] {local_task_job_runner.py:266} INFO - Task exited with return code 0
[2024-12-02T07:43:30.316+0000] {local_task_job_runner.py:245} INFO - ::endgroup::
