[2024-12-02T07:45:15.706+0000] {local_task_job_runner.py:123} INFO - ::group::Pre task execution logs
[2024-12-02T07:45:15.724+0000] {taskinstance.py:2612} INFO - Dependencies all met for dep_context=non-requeueable deps ti=<TaskInstance: fetch_and_store_amazon_books.fetch_book_data scheduled__2024-11-24T00:00:00+00:00 [queued]>
[2024-12-02T07:45:15.732+0000] {taskinstance.py:2612} INFO - Dependencies all met for dep_context=requeueable deps ti=<TaskInstance: fetch_and_store_amazon_books.fetch_book_data scheduled__2024-11-24T00:00:00+00:00 [queued]>
[2024-12-02T07:45:15.733+0000] {taskinstance.py:2865} INFO - Starting attempt 1 of 1
[2024-12-02T07:45:15.745+0000] {taskinstance.py:2888} INFO - Executing <Task(PythonOperator): fetch_book_data> on 2024-11-24 00:00:00+00:00
[2024-12-02T07:45:15.755+0000] {warnings.py:112} WARNING - /home/***/.local/lib/python3.12/site-packages/***/task/task_runner/standard_task_runner.py:70: DeprecationWarning: This process (pid=1948) is multi-threaded, use of fork() may lead to deadlocks in the child.
  pid = os.fork()

[2024-12-02T07:45:15.756+0000] {standard_task_runner.py:72} INFO - Started process 1970 to run task
[2024-12-02T07:45:15.757+0000] {standard_task_runner.py:104} INFO - Running: ['***', 'tasks', 'run', 'fetch_and_store_amazon_books', 'fetch_book_data', 'scheduled__2024-11-24T00:00:00+00:00', '--job-id', '541', '--raw', '--subdir', 'DAGS_FOLDER/amazon_books.py', '--cfg-path', '/tmp/tmpjp74jtjz']
[2024-12-02T07:45:15.758+0000] {standard_task_runner.py:105} INFO - Job 541: Subtask fetch_book_data
[2024-12-02T07:45:15.807+0000] {task_command.py:467} INFO - Running <TaskInstance: fetch_and_store_amazon_books.fetch_book_data scheduled__2024-11-24T00:00:00+00:00 [running]> on host b142fff8b280
[2024-12-02T07:45:15.884+0000] {taskinstance.py:3131} INFO - Exporting env vars: AIRFLOW_CTX_DAG_OWNER='***' AIRFLOW_CTX_DAG_ID='fetch_and_store_amazon_books' AIRFLOW_CTX_TASK_ID='fetch_book_data' AIRFLOW_CTX_EXECUTION_DATE='2024-11-24T00:00:00+00:00' AIRFLOW_CTX_TRY_NUMBER='1' AIRFLOW_CTX_DAG_RUN_ID='scheduled__2024-11-24T00:00:00+00:00'
[2024-12-02T07:45:15.886+0000] {logging_mixin.py:190} INFO - Task instance is in running state
[2024-12-02T07:45:15.887+0000] {logging_mixin.py:190} INFO -  Previous state of the Task instance: queued
[2024-12-02T07:45:15.887+0000] {logging_mixin.py:190} INFO - Current task name:fetch_book_data state:running start_date:2024-12-02 07:45:15.725011+00:00
[2024-12-02T07:45:15.888+0000] {logging_mixin.py:190} INFO - Dag name:fetch_and_store_amazon_books and current dag run status:running
[2024-12-02T07:45:15.888+0000] {taskinstance.py:731} INFO - ::endgroup::
[2024-12-02T07:45:17.729+0000] {logging_mixin.py:190} INFO - Able to reach the site, scrapping data...
[2024-12-02T07:45:18.359+0000] {logging_mixin.py:190} INFO - The webpage has been scrapped for data...
[2024-12-02T07:45:18.572+0000] {logging_mixin.py:190} INFO - Books data has been scrapped from the website succesfully !!!
[2024-12-02T07:45:19.011+0000] {python.py:240} INFO - Done. Returned value was: None
[2024-12-02T07:45:19.053+0000] {taskinstance.py:340} INFO - ::group::Post task execution logs
[2024-12-02T07:45:19.055+0000] {taskinstance.py:352} INFO - Marking task as SUCCESS. dag_id=fetch_and_store_amazon_books, task_id=fetch_book_data, run_id=scheduled__2024-11-24T00:00:00+00:00, execution_date=20241124T000000, start_date=20241202T074515, end_date=20241202T074519
[2024-12-02T07:45:19.092+0000] {logging_mixin.py:190} INFO - Task instance in success state
[2024-12-02T07:45:19.093+0000] {logging_mixin.py:190} INFO -  Previous state of the Task instance: running
[2024-12-02T07:45:19.094+0000] {logging_mixin.py:190} INFO - Dag name:fetch_and_store_amazon_books queued_at:2024-12-02 07:45:13.744161+00:00
[2024-12-02T07:45:19.095+0000] {logging_mixin.py:190} INFO - Task hostname:b142fff8b280 operator:PythonOperator
[2024-12-02T07:45:19.142+0000] {local_task_job_runner.py:266} INFO - Task exited with return code 0
[2024-12-02T07:45:19.153+0000] {local_task_job_runner.py:245} INFO - ::endgroup::
