[2024-12-02T07:42:46.469+0000] {local_task_job_runner.py:123} INFO - ::group::Pre task execution logs
[2024-12-02T07:42:46.497+0000] {taskinstance.py:2612} INFO - Dependencies all met for dep_context=non-requeueable deps ti=<TaskInstance: fetch_and_store_amazon_books.fetch_book_data scheduled__2024-07-08T00:00:00+00:00 [queued]>
[2024-12-02T07:42:46.509+0000] {taskinstance.py:2612} INFO - Dependencies all met for dep_context=requeueable deps ti=<TaskInstance: fetch_and_store_amazon_books.fetch_book_data scheduled__2024-07-08T00:00:00+00:00 [queued]>
[2024-12-02T07:42:46.509+0000] {taskinstance.py:2865} INFO - Starting attempt 1 of 1
[2024-12-02T07:42:46.528+0000] {taskinstance.py:2888} INFO - Executing <Task(PythonOperator): fetch_book_data> on 2024-07-08 00:00:00+00:00
[2024-12-02T07:42:46.542+0000] {warnings.py:112} WARNING - /home/***/.local/lib/python3.12/site-packages/***/task/task_runner/standard_task_runner.py:70: DeprecationWarning: This process (pid=350) is multi-threaded, use of fork() may lead to deadlocks in the child.
  pid = os.fork()

[2024-12-02T07:42:46.544+0000] {standard_task_runner.py:72} INFO - Started process 374 to run task
[2024-12-02T07:42:46.544+0000] {standard_task_runner.py:104} INFO - Running: ['***', 'tasks', 'run', 'fetch_and_store_amazon_books', 'fetch_book_data', 'scheduled__2024-07-08T00:00:00+00:00', '--job-id', '146', '--raw', '--subdir', 'DAGS_FOLDER/amazon_books.py', '--cfg-path', '/tmp/tmp94o05twv']
[2024-12-02T07:42:46.546+0000] {standard_task_runner.py:105} INFO - Job 146: Subtask fetch_book_data
[2024-12-02T07:42:46.608+0000] {task_command.py:467} INFO - Running <TaskInstance: fetch_and_store_amazon_books.fetch_book_data scheduled__2024-07-08T00:00:00+00:00 [running]> on host b142fff8b280
[2024-12-02T07:42:46.751+0000] {taskinstance.py:3131} INFO - Exporting env vars: AIRFLOW_CTX_DAG_OWNER='***' AIRFLOW_CTX_DAG_ID='fetch_and_store_amazon_books' AIRFLOW_CTX_TASK_ID='fetch_book_data' AIRFLOW_CTX_EXECUTION_DATE='2024-07-08T00:00:00+00:00' AIRFLOW_CTX_TRY_NUMBER='1' AIRFLOW_CTX_DAG_RUN_ID='scheduled__2024-07-08T00:00:00+00:00'
[2024-12-02T07:42:46.754+0000] {logging_mixin.py:190} INFO - Task instance is in running state
[2024-12-02T07:42:46.756+0000] {logging_mixin.py:190} INFO -  Previous state of the Task instance: queued
[2024-12-02T07:42:46.757+0000] {logging_mixin.py:190} INFO - Current task name:fetch_book_data state:running start_date:2024-12-02 07:42:46.498297+00:00
[2024-12-02T07:42:46.757+0000] {logging_mixin.py:190} INFO - Dag name:fetch_and_store_amazon_books and current dag run status:running
[2024-12-02T07:42:46.758+0000] {taskinstance.py:731} INFO - ::endgroup::
[2024-12-02T07:42:48.181+0000] {logging_mixin.py:190} INFO - Able to reach the site, scrapping data...
[2024-12-02T07:42:48.533+0000] {logging_mixin.py:190} INFO - The webpage has been scrapped for data...
[2024-12-02T07:42:48.572+0000] {logging_mixin.py:190} INFO - Books data has been scrapped from the website succesfully !!!
[2024-12-02T07:42:48.604+0000] {python.py:240} INFO - Done. Returned value was: None
[2024-12-02T07:42:48.624+0000] {taskinstance.py:340} INFO - ::group::Post task execution logs
[2024-12-02T07:42:48.625+0000] {taskinstance.py:352} INFO - Marking task as SUCCESS. dag_id=fetch_and_store_amazon_books, task_id=fetch_book_data, run_id=scheduled__2024-07-08T00:00:00+00:00, execution_date=20240708T000000, start_date=20241202T074246, end_date=20241202T074248
[2024-12-02T07:42:48.647+0000] {logging_mixin.py:190} INFO - Task instance in success state
[2024-12-02T07:42:48.649+0000] {logging_mixin.py:190} INFO -  Previous state of the Task instance: running
[2024-12-02T07:42:48.650+0000] {logging_mixin.py:190} INFO - Dag name:fetch_and_store_amazon_books queued_at:2024-12-02 07:42:44.693015+00:00
[2024-12-02T07:42:48.652+0000] {logging_mixin.py:190} INFO - Task hostname:b142fff8b280 operator:PythonOperator
[2024-12-02T07:42:48.693+0000] {local_task_job_runner.py:266} INFO - Task exited with return code 0
[2024-12-02T07:42:48.715+0000] {warnings.py:112} WARNING - /home/***/.local/lib/python3.12/site-packages/***/models/baseoperator.py:1378: AirflowProviderDeprecationWarning: Call to deprecated class PostgresOperator. (Please use `***.providers.common.sql.operators.sql.SQLExecuteQueryOperator`.Also, you can provide `hook_params={'schema': <database>}`.)
  result = cls.__new__(cls)

[2024-12-02T07:42:48.750+0000] {taskinstance.py:3900} INFO - 1 downstream tasks scheduled from follow-on schedule check
[2024-12-02T07:42:48.753+0000] {local_task_job_runner.py:245} INFO - ::endgroup::
