[2024-12-02T07:45:23.254+0000] {local_task_job_runner.py:123} INFO - ::group::Pre task execution logs
[2024-12-02T07:45:23.297+0000] {taskinstance.py:2612} INFO - Dependencies all met for dep_context=non-requeueable deps ti=<TaskInstance: fetch_and_store_amazon_books.create_table scheduled__2024-11-18T00:00:00+00:00 [queued]>
[2024-12-02T07:45:23.327+0000] {taskinstance.py:2612} INFO - Dependencies all met for dep_context=requeueable deps ti=<TaskInstance: fetch_and_store_amazon_books.create_table scheduled__2024-11-18T00:00:00+00:00 [queued]>
[2024-12-02T07:45:23.336+0000] {taskinstance.py:2865} INFO - Starting attempt 1 of 1
[2024-12-02T07:45:23.391+0000] {taskinstance.py:2888} INFO - Executing <Task(PostgresOperator): create_table> on 2024-11-18 00:00:00+00:00
[2024-12-02T07:45:23.421+0000] {standard_task_runner.py:104} INFO - Running: ['***', 'tasks', 'run', 'fetch_and_store_amazon_books', 'create_table', 'scheduled__2024-11-18T00:00:00+00:00', '--job-id', '561', '--raw', '--subdir', 'DAGS_FOLDER/amazon_books.py', '--cfg-path', '/tmp/tmp5f3s6inn']
[2024-12-02T07:45:23.418+0000] {warnings.py:112} WARNING - /home/***/.local/lib/python3.12/site-packages/***/task/task_runner/standard_task_runner.py:70: DeprecationWarning: This process (pid=1998) is multi-threaded, use of fork() may lead to deadlocks in the child.
  pid = os.fork()

[2024-12-02T07:45:23.434+0000] {standard_task_runner.py:72} INFO - Started process 2065 to run task
[2024-12-02T07:45:23.434+0000] {standard_task_runner.py:105} INFO - Job 561: Subtask create_table
[2024-12-02T07:45:23.519+0000] {task_command.py:467} INFO - Running <TaskInstance: fetch_and_store_amazon_books.create_table scheduled__2024-11-18T00:00:00+00:00 [running]> on host b142fff8b280
[2024-12-02T07:45:23.723+0000] {taskinstance.py:3131} INFO - Exporting env vars: AIRFLOW_CTX_DAG_OWNER='***' AIRFLOW_CTX_DAG_ID='fetch_and_store_amazon_books' AIRFLOW_CTX_TASK_ID='create_table' AIRFLOW_CTX_EXECUTION_DATE='2024-11-18T00:00:00+00:00' AIRFLOW_CTX_TRY_NUMBER='1' AIRFLOW_CTX_DAG_RUN_ID='scheduled__2024-11-18T00:00:00+00:00'
[2024-12-02T07:45:23.733+0000] {logging_mixin.py:190} INFO - Task instance is in running state
[2024-12-02T07:45:23.733+0000] {logging_mixin.py:190} INFO -  Previous state of the Task instance: queued
[2024-12-02T07:45:23.734+0000] {logging_mixin.py:190} INFO - Current task name:create_table state:running start_date:2024-12-02 07:45:23.302306+00:00
[2024-12-02T07:45:23.735+0000] {logging_mixin.py:190} INFO - Dag name:fetch_and_store_amazon_books and current dag run status:running
[2024-12-02T07:45:23.735+0000] {taskinstance.py:731} INFO - ::endgroup::
[2024-12-02T07:45:23.736+0000] {sql.py:266} INFO - Executing: 
    CREATE TABLE IF NOT EXISTS books (
        id SERIAL PRIMARY KEY,
        title TEXT NOT NULL,
        authors TEXT,
        price TEXT,
        rating TEXT
    );
    
[2024-12-02T07:45:23.758+0000] {base.py:84} INFO - Retrieving connection 'books_connection'
[2024-12-02T07:45:23.792+0000] {base.py:84} INFO - Retrieving connection 'books_connection'
[2024-12-02T07:45:23.806+0000] {sql.py:509} INFO - Running statement: 
    CREATE TABLE IF NOT EXISTS books (
        id SERIAL PRIMARY KEY,
        title TEXT NOT NULL,
        authors TEXT,
        price TEXT,
        rating TEXT
    );
    , parameters: None
[2024-12-02T07:45:23.836+0000] {taskinstance.py:340} INFO - ::group::Post task execution logs
[2024-12-02T07:45:23.838+0000] {taskinstance.py:352} INFO - Marking task as SUCCESS. dag_id=fetch_and_store_amazon_books, task_id=create_table, run_id=scheduled__2024-11-18T00:00:00+00:00, execution_date=20241118T000000, start_date=20241202T074523, end_date=20241202T074523
[2024-12-02T07:45:23.860+0000] {logging_mixin.py:190} INFO - Task instance in success state
[2024-12-02T07:45:23.865+0000] {logging_mixin.py:190} INFO -  Previous state of the Task instance: running
[2024-12-02T07:45:23.871+0000] {logging_mixin.py:190} INFO - Dag name:fetch_and_store_amazon_books queued_at:2024-12-02 07:45:12.492953+00:00
[2024-12-02T07:45:23.872+0000] {logging_mixin.py:190} INFO - Task hostname:b142fff8b280 operator:PostgresOperator
[2024-12-02T07:45:23.942+0000] {local_task_job_runner.py:266} INFO - Task exited with return code 0
[2024-12-02T07:45:23.954+0000] {warnings.py:112} WARNING - /home/***/.local/lib/python3.12/site-packages/***/models/baseoperator.py:1378: AirflowProviderDeprecationWarning: Call to deprecated class PostgresOperator. (Please use `***.providers.common.sql.operators.sql.SQLExecuteQueryOperator`.Also, you can provide `hook_params={'schema': <database>}`.)
  result = cls.__new__(cls)

[2024-12-02T07:45:23.964+0000] {taskinstance.py:3900} INFO - 0 downstream tasks scheduled from follow-on schedule check
[2024-12-02T07:45:23.968+0000] {local_task_job_runner.py:245} INFO - ::endgroup::
