[2024-12-02T07:43:12.705+0000] {local_task_job_runner.py:123} INFO - ::group::Pre task execution logs
[2024-12-02T07:43:12.727+0000] {taskinstance.py:2612} INFO - Dependencies all met for dep_context=non-requeueable deps ti=<TaskInstance: fetch_and_store_amazon_books.create_table scheduled__2024-07-25T00:00:00+00:00 [queued]>
[2024-12-02T07:43:12.738+0000] {taskinstance.py:2612} INFO - Dependencies all met for dep_context=requeueable deps ti=<TaskInstance: fetch_and_store_amazon_books.create_table scheduled__2024-07-25T00:00:00+00:00 [queued]>
[2024-12-02T07:43:12.738+0000] {taskinstance.py:2865} INFO - Starting attempt 1 of 1
[2024-12-02T07:43:12.757+0000] {taskinstance.py:2888} INFO - Executing <Task(PostgresOperator): create_table> on 2024-07-25 00:00:00+00:00
[2024-12-02T07:43:12.775+0000] {warnings.py:112} WARNING - /home/***/.local/lib/python3.12/site-packages/***/task/task_runner/standard_task_runner.py:70: DeprecationWarning: This process (pid=614) is multi-threaded, use of fork() may lead to deadlocks in the child.
  pid = os.fork()

[2024-12-02T07:43:12.777+0000] {standard_task_runner.py:72} INFO - Started process 642 to run task
[2024-12-02T07:43:12.777+0000] {standard_task_runner.py:104} INFO - Running: ['***', 'tasks', 'run', 'fetch_and_store_amazon_books', 'create_table', 'scheduled__2024-07-25T00:00:00+00:00', '--job-id', '212', '--raw', '--subdir', 'DAGS_FOLDER/amazon_books.py', '--cfg-path', '/tmp/tmprjynnh1v']
[2024-12-02T07:43:12.779+0000] {standard_task_runner.py:105} INFO - Job 212: Subtask create_table
[2024-12-02T07:43:12.842+0000] {task_command.py:467} INFO - Running <TaskInstance: fetch_and_store_amazon_books.create_table scheduled__2024-07-25T00:00:00+00:00 [running]> on host b142fff8b280
[2024-12-02T07:43:12.950+0000] {taskinstance.py:3131} INFO - Exporting env vars: AIRFLOW_CTX_DAG_OWNER='***' AIRFLOW_CTX_DAG_ID='fetch_and_store_amazon_books' AIRFLOW_CTX_TASK_ID='create_table' AIRFLOW_CTX_EXECUTION_DATE='2024-07-25T00:00:00+00:00' AIRFLOW_CTX_TRY_NUMBER='1' AIRFLOW_CTX_DAG_RUN_ID='scheduled__2024-07-25T00:00:00+00:00'
[2024-12-02T07:43:12.952+0000] {logging_mixin.py:190} INFO - Task instance is in running state
[2024-12-02T07:43:12.953+0000] {logging_mixin.py:190} INFO -  Previous state of the Task instance: queued
[2024-12-02T07:43:12.954+0000] {logging_mixin.py:190} INFO - Current task name:create_table state:running start_date:2024-12-02 07:43:12.728160+00:00
[2024-12-02T07:43:12.955+0000] {logging_mixin.py:190} INFO - Dag name:fetch_and_store_amazon_books and current dag run status:running
[2024-12-02T07:43:12.955+0000] {taskinstance.py:731} INFO - ::endgroup::
[2024-12-02T07:43:12.956+0000] {sql.py:266} INFO - Executing: 
    CREATE TABLE IF NOT EXISTS books (
        id SERIAL PRIMARY KEY,
        title TEXT NOT NULL,
        authors TEXT,
        price TEXT,
        rating TEXT
    );
    
[2024-12-02T07:43:12.968+0000] {base.py:84} INFO - Retrieving connection 'books_connection'
[2024-12-02T07:43:12.979+0000] {base.py:84} INFO - Retrieving connection 'books_connection'
[2024-12-02T07:43:12.984+0000] {sql.py:509} INFO - Running statement: 
    CREATE TABLE IF NOT EXISTS books (
        id SERIAL PRIMARY KEY,
        title TEXT NOT NULL,
        authors TEXT,
        price TEXT,
        rating TEXT
    );
    , parameters: None
[2024-12-02T07:43:12.996+0000] {taskinstance.py:340} INFO - ::group::Post task execution logs
[2024-12-02T07:43:12.997+0000] {taskinstance.py:352} INFO - Marking task as SUCCESS. dag_id=fetch_and_store_amazon_books, task_id=create_table, run_id=scheduled__2024-07-25T00:00:00+00:00, execution_date=20240725T000000, start_date=20241202T074312, end_date=20241202T074312
[2024-12-02T07:43:13.011+0000] {logging_mixin.py:190} INFO - Task instance in success state
[2024-12-02T07:43:13.011+0000] {logging_mixin.py:190} INFO -  Previous state of the Task instance: running
[2024-12-02T07:43:13.012+0000] {logging_mixin.py:190} INFO - Dag name:fetch_and_store_amazon_books queued_at:2024-12-02 07:43:05.496027+00:00
[2024-12-02T07:43:13.013+0000] {logging_mixin.py:190} INFO - Task hostname:b142fff8b280 operator:PostgresOperator
[2024-12-02T07:43:13.037+0000] {local_task_job_runner.py:266} INFO - Task exited with return code 0
[2024-12-02T07:43:13.049+0000] {local_task_job_runner.py:245} INFO - ::endgroup::
