[2024-12-02T07:43:27.171+0000] {local_task_job_runner.py:123} INFO - ::group::Pre task execution logs
[2024-12-02T07:43:27.201+0000] {taskinstance.py:2612} INFO - Dependencies all met for dep_context=non-requeueable deps ti=<TaskInstance: fetch_and_store_amazon_books.fetch_book_data scheduled__2024-08-10T00:00:00+00:00 [queued]>
[2024-12-02T07:43:27.222+0000] {taskinstance.py:2612} INFO - Dependencies all met for dep_context=requeueable deps ti=<TaskInstance: fetch_and_store_amazon_books.fetch_book_data scheduled__2024-08-10T00:00:00+00:00 [queued]>
[2024-12-02T07:43:27.224+0000] {taskinstance.py:2865} INFO - Starting attempt 1 of 1
[2024-12-02T07:43:27.270+0000] {taskinstance.py:2888} INFO - Executing <Task(PythonOperator): fetch_book_data> on 2024-08-10 00:00:00+00:00
[2024-12-02T07:43:27.302+0000] {warnings.py:112} WARNING - /home/***/.local/lib/python3.12/site-packages/***/task/task_runner/standard_task_runner.py:70: DeprecationWarning: This process (pid=747) is multi-threaded, use of fork() may lead to deadlocks in the child.
  pid = os.fork()

[2024-12-02T07:43:27.305+0000] {standard_task_runner.py:72} INFO - Started process 779 to run task
[2024-12-02T07:43:27.309+0000] {standard_task_runner.py:104} INFO - Running: ['***', 'tasks', 'run', 'fetch_and_store_amazon_books', 'fetch_book_data', 'scheduled__2024-08-10T00:00:00+00:00', '--job-id', '244', '--raw', '--subdir', 'DAGS_FOLDER/amazon_books.py', '--cfg-path', '/tmp/tmpwi65x3qb']
[2024-12-02T07:43:27.311+0000] {standard_task_runner.py:105} INFO - Job 244: Subtask fetch_book_data
[2024-12-02T07:43:27.435+0000] {task_command.py:467} INFO - Running <TaskInstance: fetch_and_store_amazon_books.fetch_book_data scheduled__2024-08-10T00:00:00+00:00 [running]> on host b142fff8b280
[2024-12-02T07:43:27.582+0000] {taskinstance.py:3131} INFO - Exporting env vars: AIRFLOW_CTX_DAG_OWNER='***' AIRFLOW_CTX_DAG_ID='fetch_and_store_amazon_books' AIRFLOW_CTX_TASK_ID='fetch_book_data' AIRFLOW_CTX_EXECUTION_DATE='2024-08-10T00:00:00+00:00' AIRFLOW_CTX_TRY_NUMBER='1' AIRFLOW_CTX_DAG_RUN_ID='scheduled__2024-08-10T00:00:00+00:00'
[2024-12-02T07:43:27.586+0000] {logging_mixin.py:190} INFO - Task instance is in running state
[2024-12-02T07:43:27.587+0000] {logging_mixin.py:190} INFO -  Previous state of the Task instance: queued
[2024-12-02T07:43:27.588+0000] {logging_mixin.py:190} INFO - Current task name:fetch_book_data state:running start_date:2024-12-02 07:43:27.203026+00:00
[2024-12-02T07:43:27.588+0000] {logging_mixin.py:190} INFO - Dag name:fetch_and_store_amazon_books and current dag run status:running
[2024-12-02T07:43:27.589+0000] {taskinstance.py:731} INFO - ::endgroup::
[2024-12-02T07:43:28.795+0000] {logging_mixin.py:190} INFO - Able to reach the site, scrapping data...
[2024-12-02T07:43:29.618+0000] {logging_mixin.py:190} INFO - The webpage has been scrapped for data...
[2024-12-02T07:43:29.648+0000] {logging_mixin.py:190} INFO - Books data has been scrapped from the website succesfully !!!
[2024-12-02T07:43:29.675+0000] {python.py:240} INFO - Done. Returned value was: None
[2024-12-02T07:43:29.687+0000] {taskinstance.py:340} INFO - ::group::Post task execution logs
[2024-12-02T07:43:29.689+0000] {taskinstance.py:352} INFO - Marking task as SUCCESS. dag_id=fetch_and_store_amazon_books, task_id=fetch_book_data, run_id=scheduled__2024-08-10T00:00:00+00:00, execution_date=20240810T000000, start_date=20241202T074327, end_date=20241202T074329
[2024-12-02T07:43:29.702+0000] {logging_mixin.py:190} INFO - Task instance in success state
[2024-12-02T07:43:29.703+0000] {logging_mixin.py:190} INFO -  Previous state of the Task instance: running
[2024-12-02T07:43:29.704+0000] {logging_mixin.py:190} INFO - Dag name:fetch_and_store_amazon_books queued_at:2024-12-02 07:43:25.056399+00:00
[2024-12-02T07:43:29.704+0000] {logging_mixin.py:190} INFO - Task hostname:b142fff8b280 operator:PythonOperator
[2024-12-02T07:43:29.760+0000] {local_task_job_runner.py:266} INFO - Task exited with return code 0
[2024-12-02T07:43:29.775+0000] {warnings.py:112} WARNING - /home/***/.local/lib/python3.12/site-packages/***/models/baseoperator.py:1378: AirflowProviderDeprecationWarning: Call to deprecated class PostgresOperator. (Please use `***.providers.common.sql.operators.sql.SQLExecuteQueryOperator`.Also, you can provide `hook_params={'schema': <database>}`.)
  result = cls.__new__(cls)

[2024-12-02T07:43:29.805+0000] {taskinstance.py:3900} INFO - 1 downstream tasks scheduled from follow-on schedule check
[2024-12-02T07:43:29.808+0000] {local_task_job_runner.py:245} INFO - ::endgroup::
