[2024-12-02T07:44:11.492+0000] {local_task_job_runner.py:123} INFO - ::group::Pre task execution logs
[2024-12-02T07:44:11.537+0000] {taskinstance.py:2612} INFO - Dependencies all met for dep_context=non-requeueable deps ti=<TaskInstance: fetch_and_store_amazon_books.create_table scheduled__2024-09-14T00:00:00+00:00 [queued]>
[2024-12-02T07:44:11.570+0000] {taskinstance.py:2612} INFO - Dependencies all met for dep_context=requeueable deps ti=<TaskInstance: fetch_and_store_amazon_books.create_table scheduled__2024-09-14T00:00:00+00:00 [queued]>
[2024-12-02T07:44:11.572+0000] {taskinstance.py:2865} INFO - Starting attempt 1 of 1
[2024-12-02T07:44:11.600+0000] {taskinstance.py:2888} INFO - Executing <Task(PostgresOperator): create_table> on 2024-09-14 00:00:00+00:00
[2024-12-02T07:44:11.622+0000] {warnings.py:112} WARNING - /home/***/.local/lib/python3.12/site-packages/***/task/task_runner/standard_task_runner.py:70: DeprecationWarning: This process (pid=1221) is multi-threaded, use of fork() may lead to deadlocks in the child.
  pid = os.fork()

[2024-12-02T07:44:11.625+0000] {standard_task_runner.py:72} INFO - Started process 1269 to run task
[2024-12-02T07:44:11.626+0000] {standard_task_runner.py:104} INFO - Running: ['***', 'tasks', 'run', 'fetch_and_store_amazon_books', 'create_table', 'scheduled__2024-09-14T00:00:00+00:00', '--job-id', '365', '--raw', '--subdir', 'DAGS_FOLDER/amazon_books.py', '--cfg-path', '/tmp/tmpsk_mwlmi']
[2024-12-02T07:44:11.628+0000] {standard_task_runner.py:105} INFO - Job 365: Subtask create_table
[2024-12-02T07:44:11.772+0000] {task_command.py:467} INFO - Running <TaskInstance: fetch_and_store_amazon_books.create_table scheduled__2024-09-14T00:00:00+00:00 [running]> on host b142fff8b280
[2024-12-02T07:44:12.023+0000] {taskinstance.py:3131} INFO - Exporting env vars: AIRFLOW_CTX_DAG_OWNER='***' AIRFLOW_CTX_DAG_ID='fetch_and_store_amazon_books' AIRFLOW_CTX_TASK_ID='create_table' AIRFLOW_CTX_EXECUTION_DATE='2024-09-14T00:00:00+00:00' AIRFLOW_CTX_TRY_NUMBER='1' AIRFLOW_CTX_DAG_RUN_ID='scheduled__2024-09-14T00:00:00+00:00'
[2024-12-02T07:44:12.030+0000] {logging_mixin.py:190} INFO - Task instance is in running state
[2024-12-02T07:44:12.031+0000] {logging_mixin.py:190} INFO -  Previous state of the Task instance: queued
[2024-12-02T07:44:12.037+0000] {logging_mixin.py:190} INFO - Current task name:create_table state:running start_date:2024-12-02 07:44:11.544012+00:00
[2024-12-02T07:44:12.041+0000] {logging_mixin.py:190} INFO - Dag name:fetch_and_store_amazon_books and current dag run status:running
[2024-12-02T07:44:12.053+0000] {taskinstance.py:731} INFO - ::endgroup::
[2024-12-02T07:44:12.058+0000] {sql.py:266} INFO - Executing: 
    CREATE TABLE IF NOT EXISTS books (
        id SERIAL PRIMARY KEY,
        title TEXT NOT NULL,
        authors TEXT,
        price TEXT,
        rating TEXT
    );
    
[2024-12-02T07:44:12.094+0000] {base.py:84} INFO - Retrieving connection 'books_connection'
[2024-12-02T07:44:12.129+0000] {base.py:84} INFO - Retrieving connection 'books_connection'
[2024-12-02T07:44:12.153+0000] {sql.py:509} INFO - Running statement: 
    CREATE TABLE IF NOT EXISTS books (
        id SERIAL PRIMARY KEY,
        title TEXT NOT NULL,
        authors TEXT,
        price TEXT,
        rating TEXT
    );
    , parameters: None
[2024-12-02T07:44:12.202+0000] {taskinstance.py:340} INFO - ::group::Post task execution logs
[2024-12-02T07:44:12.213+0000] {taskinstance.py:352} INFO - Marking task as SUCCESS. dag_id=fetch_and_store_amazon_books, task_id=create_table, run_id=scheduled__2024-09-14T00:00:00+00:00, execution_date=20240914T000000, start_date=20241202T074411, end_date=20241202T074412
[2024-12-02T07:44:12.248+0000] {logging_mixin.py:190} INFO - Task instance in success state
[2024-12-02T07:44:12.258+0000] {logging_mixin.py:190} INFO -  Previous state of the Task instance: running
[2024-12-02T07:44:12.269+0000] {logging_mixin.py:190} INFO - Dag name:fetch_and_store_amazon_books queued_at:2024-12-02 07:44:00.743517+00:00
[2024-12-02T07:44:12.272+0000] {logging_mixin.py:190} INFO - Task hostname:b142fff8b280 operator:PostgresOperator
[2024-12-02T07:44:12.343+0000] {local_task_job_runner.py:266} INFO - Task exited with return code 0
[2024-12-02T07:44:12.365+0000] {warnings.py:112} WARNING - /home/***/.local/lib/python3.12/site-packages/***/models/baseoperator.py:1378: AirflowProviderDeprecationWarning: Call to deprecated class PostgresOperator. (Please use `***.providers.common.sql.operators.sql.SQLExecuteQueryOperator`.Also, you can provide `hook_params={'schema': <database>}`.)
  result = cls.__new__(cls)

[2024-12-02T07:44:12.408+0000] {taskinstance.py:3900} INFO - 1 downstream tasks scheduled from follow-on schedule check
[2024-12-02T07:44:12.428+0000] {local_task_job_runner.py:245} INFO - ::endgroup::
