[2024-12-02T07:43:13.041+0000] {local_task_job_runner.py:123} INFO - ::group::Pre task execution logs
[2024-12-02T07:43:13.065+0000] {taskinstance.py:2612} INFO - Dependencies all met for dep_context=non-requeueable deps ti=<TaskInstance: fetch_and_store_amazon_books.create_table scheduled__2024-07-30T00:00:00+00:00 [queued]>
[2024-12-02T07:43:13.078+0000] {taskinstance.py:2612} INFO - Dependencies all met for dep_context=requeueable deps ti=<TaskInstance: fetch_and_store_amazon_books.create_table scheduled__2024-07-30T00:00:00+00:00 [queued]>
[2024-12-02T07:43:13.079+0000] {taskinstance.py:2865} INFO - Starting attempt 1 of 1
[2024-12-02T07:43:13.099+0000] {taskinstance.py:2888} INFO - Executing <Task(PostgresOperator): create_table> on 2024-07-30 00:00:00+00:00
[2024-12-02T07:43:13.114+0000] {warnings.py:112} WARNING - /home/***/.local/lib/python3.12/site-packages/***/task/task_runner/standard_task_runner.py:70: DeprecationWarning: This process (pid=628) is multi-threaded, use of fork() may lead to deadlocks in the child.
  pid = os.fork()

[2024-12-02T07:43:13.117+0000] {standard_task_runner.py:72} INFO - Started process 651 to run task
[2024-12-02T07:43:13.118+0000] {standard_task_runner.py:104} INFO - Running: ['***', 'tasks', 'run', 'fetch_and_store_amazon_books', 'create_table', 'scheduled__2024-07-30T00:00:00+00:00', '--job-id', '216', '--raw', '--subdir', 'DAGS_FOLDER/amazon_books.py', '--cfg-path', '/tmp/tmppur0zx7u']
[2024-12-02T07:43:13.120+0000] {standard_task_runner.py:105} INFO - Job 216: Subtask create_table
[2024-12-02T07:43:13.204+0000] {task_command.py:467} INFO - Running <TaskInstance: fetch_and_store_amazon_books.create_table scheduled__2024-07-30T00:00:00+00:00 [running]> on host b142fff8b280
[2024-12-02T07:43:13.356+0000] {taskinstance.py:3131} INFO - Exporting env vars: AIRFLOW_CTX_DAG_OWNER='***' AIRFLOW_CTX_DAG_ID='fetch_and_store_amazon_books' AIRFLOW_CTX_TASK_ID='create_table' AIRFLOW_CTX_EXECUTION_DATE='2024-07-30T00:00:00+00:00' AIRFLOW_CTX_TRY_NUMBER='1' AIRFLOW_CTX_DAG_RUN_ID='scheduled__2024-07-30T00:00:00+00:00'
[2024-12-02T07:43:13.363+0000] {logging_mixin.py:190} INFO - Task instance is in running state
[2024-12-02T07:43:13.369+0000] {logging_mixin.py:190} INFO -  Previous state of the Task instance: queued
[2024-12-02T07:43:13.371+0000] {logging_mixin.py:190} INFO - Current task name:create_table state:running start_date:2024-12-02 07:43:13.066534+00:00
[2024-12-02T07:43:13.373+0000] {logging_mixin.py:190} INFO - Dag name:fetch_and_store_amazon_books and current dag run status:running
[2024-12-02T07:43:13.374+0000] {taskinstance.py:731} INFO - ::endgroup::
[2024-12-02T07:43:13.379+0000] {sql.py:266} INFO - Executing: 
    CREATE TABLE IF NOT EXISTS books (
        id SERIAL PRIMARY KEY,
        title TEXT NOT NULL,
        authors TEXT,
        price TEXT,
        rating TEXT
    );
    
[2024-12-02T07:43:13.405+0000] {base.py:84} INFO - Retrieving connection 'books_connection'
[2024-12-02T07:43:13.429+0000] {base.py:84} INFO - Retrieving connection 'books_connection'
[2024-12-02T07:43:13.438+0000] {sql.py:509} INFO - Running statement: 
    CREATE TABLE IF NOT EXISTS books (
        id SERIAL PRIMARY KEY,
        title TEXT NOT NULL,
        authors TEXT,
        price TEXT,
        rating TEXT
    );
    , parameters: None
[2024-12-02T07:43:13.461+0000] {taskinstance.py:340} INFO - ::group::Post task execution logs
[2024-12-02T07:43:13.469+0000] {taskinstance.py:352} INFO - Marking task as SUCCESS. dag_id=fetch_and_store_amazon_books, task_id=create_table, run_id=scheduled__2024-07-30T00:00:00+00:00, execution_date=20240730T000000, start_date=20241202T074313, end_date=20241202T074313
[2024-12-02T07:43:13.492+0000] {logging_mixin.py:190} INFO - Task instance in success state
[2024-12-02T07:43:13.493+0000] {logging_mixin.py:190} INFO -  Previous state of the Task instance: running
[2024-12-02T07:43:13.495+0000] {logging_mixin.py:190} INFO - Dag name:fetch_and_store_amazon_books queued_at:2024-12-02 07:43:06.104762+00:00
[2024-12-02T07:43:13.497+0000] {logging_mixin.py:190} INFO - Task hostname:b142fff8b280 operator:PostgresOperator
[2024-12-02T07:43:13.538+0000] {local_task_job_runner.py:266} INFO - Task exited with return code 0
[2024-12-02T07:43:13.554+0000] {warnings.py:112} WARNING - /home/***/.local/lib/python3.12/site-packages/***/models/baseoperator.py:1378: AirflowProviderDeprecationWarning: Call to deprecated class PostgresOperator. (Please use `***.providers.common.sql.operators.sql.SQLExecuteQueryOperator`.Also, you can provide `hook_params={'schema': <database>}`.)
  result = cls.__new__(cls)

[2024-12-02T07:43:13.575+0000] {taskinstance.py:3900} INFO - 1 downstream tasks scheduled from follow-on schedule check
[2024-12-02T07:43:13.579+0000] {local_task_job_runner.py:245} INFO - ::endgroup::
