[2024-12-02T07:44:21.834+0000] {local_task_job_runner.py:123} INFO - ::group::Pre task execution logs
[2024-12-02T07:44:21.854+0000] {taskinstance.py:2612} INFO - Dependencies all met for dep_context=non-requeueable deps ti=<TaskInstance: fetch_and_store_amazon_books.fetch_book_data scheduled__2024-09-29T00:00:00+00:00 [queued]>
[2024-12-02T07:44:21.863+0000] {taskinstance.py:2612} INFO - Dependencies all met for dep_context=requeueable deps ti=<TaskInstance: fetch_and_store_amazon_books.fetch_book_data scheduled__2024-09-29T00:00:00+00:00 [queued]>
[2024-12-02T07:44:21.864+0000] {taskinstance.py:2865} INFO - Starting attempt 1 of 1
[2024-12-02T07:44:21.883+0000] {taskinstance.py:2888} INFO - Executing <Task(PythonOperator): fetch_book_data> on 2024-09-29 00:00:00+00:00
[2024-12-02T07:44:21.896+0000] {warnings.py:112} WARNING - /home/***/.local/lib/python3.12/site-packages/***/task/task_runner/standard_task_runner.py:70: DeprecationWarning: This process (pid=1338) is multi-threaded, use of fork() may lead to deadlocks in the child.
  pid = os.fork()

[2024-12-02T07:44:21.897+0000] {standard_task_runner.py:72} INFO - Started process 1365 to run task
[2024-12-02T07:44:21.899+0000] {standard_task_runner.py:104} INFO - Running: ['***', 'tasks', 'run', 'fetch_and_store_amazon_books', 'fetch_book_data', 'scheduled__2024-09-29T00:00:00+00:00', '--job-id', '389', '--raw', '--subdir', 'DAGS_FOLDER/amazon_books.py', '--cfg-path', '/tmp/tmpbfzvat67']
[2024-12-02T07:44:21.900+0000] {standard_task_runner.py:105} INFO - Job 389: Subtask fetch_book_data
[2024-12-02T07:44:21.955+0000] {task_command.py:467} INFO - Running <TaskInstance: fetch_and_store_amazon_books.fetch_book_data scheduled__2024-09-29T00:00:00+00:00 [running]> on host b142fff8b280
[2024-12-02T07:44:22.039+0000] {taskinstance.py:3131} INFO - Exporting env vars: AIRFLOW_CTX_DAG_OWNER='***' AIRFLOW_CTX_DAG_ID='fetch_and_store_amazon_books' AIRFLOW_CTX_TASK_ID='fetch_book_data' AIRFLOW_CTX_EXECUTION_DATE='2024-09-29T00:00:00+00:00' AIRFLOW_CTX_TRY_NUMBER='1' AIRFLOW_CTX_DAG_RUN_ID='scheduled__2024-09-29T00:00:00+00:00'
[2024-12-02T07:44:22.040+0000] {logging_mixin.py:190} INFO - Task instance is in running state
[2024-12-02T07:44:22.041+0000] {logging_mixin.py:190} INFO -  Previous state of the Task instance: queued
[2024-12-02T07:44:22.042+0000] {logging_mixin.py:190} INFO - Current task name:fetch_book_data state:running start_date:2024-12-02 07:44:21.854667+00:00
[2024-12-02T07:44:22.042+0000] {logging_mixin.py:190} INFO - Dag name:fetch_and_store_amazon_books and current dag run status:running
[2024-12-02T07:44:22.042+0000] {taskinstance.py:731} INFO - ::endgroup::
[2024-12-02T07:44:24.847+0000] {logging_mixin.py:190} INFO - Able to reach the site, scrapping data...
[2024-12-02T07:44:25.574+0000] {logging_mixin.py:190} INFO - The webpage has been scrapped for data...
[2024-12-02T07:44:25.615+0000] {logging_mixin.py:190} INFO - Books data has been scrapped from the website succesfully !!!
[2024-12-02T07:44:25.655+0000] {python.py:240} INFO - Done. Returned value was: None
[2024-12-02T07:44:25.673+0000] {taskinstance.py:340} INFO - ::group::Post task execution logs
[2024-12-02T07:44:25.674+0000] {taskinstance.py:352} INFO - Marking task as SUCCESS. dag_id=fetch_and_store_amazon_books, task_id=fetch_book_data, run_id=scheduled__2024-09-29T00:00:00+00:00, execution_date=20240929T000000, start_date=20241202T074421, end_date=20241202T074425
[2024-12-02T07:44:25.904+0000] {logging_mixin.py:190} INFO - Task instance in success state
[2024-12-02T07:44:25.916+0000] {logging_mixin.py:190} INFO -  Previous state of the Task instance: running
[2024-12-02T07:44:25.917+0000] {logging_mixin.py:190} INFO - Dag name:fetch_and_store_amazon_books queued_at:2024-12-02 07:44:19.704951+00:00
[2024-12-02T07:44:25.918+0000] {logging_mixin.py:190} INFO - Task hostname:b142fff8b280 operator:PythonOperator
[2024-12-02T07:44:25.989+0000] {local_task_job_runner.py:266} INFO - Task exited with return code 0
[2024-12-02T07:44:26.023+0000] {warnings.py:112} WARNING - /home/***/.local/lib/python3.12/site-packages/***/models/baseoperator.py:1378: AirflowProviderDeprecationWarning: Call to deprecated class PostgresOperator. (Please use `***.providers.common.sql.operators.sql.SQLExecuteQueryOperator`.Also, you can provide `hook_params={'schema': <database>}`.)
  result = cls.__new__(cls)

[2024-12-02T07:44:26.066+0000] {taskinstance.py:3900} INFO - 1 downstream tasks scheduled from follow-on schedule check
[2024-12-02T07:44:26.072+0000] {local_task_job_runner.py:245} INFO - ::endgroup::
