[2024-09-26T16:19:14.443+0000] {local_task_job_runner.py:123} INFO - ::group::Pre task execution logs
[2024-09-26T16:19:14.667+0000] {taskinstance.py:2612} INFO - Dependencies all met for dep_context=non-requeueable deps ti=<TaskInstance: Amazon_Book_Data.Create_Table_PGdb scheduled__2024-06-20T00:00:00+00:00 [queued]>
[2024-09-26T16:19:14.677+0000] {taskinstance.py:2612} INFO - Dependencies all met for dep_context=requeueable deps ti=<TaskInstance: Amazon_Book_Data.Create_Table_PGdb scheduled__2024-06-20T00:00:00+00:00 [queued]>
[2024-09-26T16:19:14.677+0000] {taskinstance.py:2865} INFO - Starting attempt 1 of 2
[2024-09-26T16:19:14.694+0000] {taskinstance.py:2888} INFO - Executing <Task(PostgresOperator): Create_Table_PGdb> on 2024-06-20 00:00:00+00:00
[2024-09-26T16:19:14.940+0000] {warnings.py:112} WARNING - /home/***/.local/lib/python3.12/site-packages/***/task/task_runner/standard_task_runner.py:70: DeprecationWarning: This process (pid=1230) is multi-threaded, use of fork() may lead to deadlocks in the child.
  pid = os.fork()

[2024-09-26T16:19:14.942+0000] {standard_task_runner.py:72} INFO - Started process 1278 to run task
[2024-09-26T16:19:14.942+0000] {standard_task_runner.py:104} INFO - Running: ['***', 'tasks', 'run', 'Amazon_Book_Data', 'Create_Table_PGdb', 'scheduled__2024-06-20T00:00:00+00:00', '--job-id', '7', '--raw', '--subdir', 'DAGS_FOLDER/amazon_books.py', '--cfg-path', '/tmp/tmpehhlckgq']
[2024-09-26T16:19:14.943+0000] {standard_task_runner.py:105} INFO - Job 7: Subtask Create_Table_PGdb
[2024-09-26T16:19:18.288+0000] {task_command.py:467} INFO - Running <TaskInstance: Amazon_Book_Data.Create_Table_PGdb scheduled__2024-06-20T00:00:00+00:00 [running]> on host f04706ee9217
[2024-09-26T16:19:21.039+0000] {taskinstance.py:3131} INFO - Exporting env vars: AIRFLOW_CTX_DAG_OWNER='***' AIRFLOW_CTX_DAG_ID='Amazon_Book_Data' AIRFLOW_CTX_TASK_ID='Create_Table_PGdb' AIRFLOW_CTX_EXECUTION_DATE='2024-06-20T00:00:00+00:00' AIRFLOW_CTX_TRY_NUMBER='1' AIRFLOW_CTX_DAG_RUN_ID='scheduled__2024-06-20T00:00:00+00:00'
[2024-09-26T16:19:21.059+0000] {logging_mixin.py:190} INFO - Task instance is in running state
[2024-09-26T16:19:21.066+0000] {logging_mixin.py:190} INFO -  Previous state of the Task instance: queued
[2024-09-26T16:19:21.067+0000] {logging_mixin.py:190} INFO - Current task name:Create_Table_PGdb state:running start_date:2024-09-26 16:19:14.668339+00:00
[2024-09-26T16:19:21.069+0000] {logging_mixin.py:190} INFO - Dag name:Amazon_Book_Data and current dag run status:running
[2024-09-26T16:19:21.069+0000] {taskinstance.py:731} INFO - ::endgroup::
[2024-09-26T16:19:21.070+0000] {sql.py:266} INFO - Executing: 
    CREATE TABLE IF NOT EXISTS amazon_books (
        id SERIAL PRIMARY KEY,
        title TEXT NOT NULL,
        authors TEXT,
        price TEXT,
        rating TEXT
    );
    
[2024-09-26T16:19:22.435+0000] {base.py:84} INFO - Retrieving connection 'Amazon_Books'
[2024-09-26T16:19:23.524+0000] {base.py:84} INFO - Retrieving connection 'Amazon_Books'
[2024-09-26T16:19:23.945+0000] {sql.py:509} INFO - Running statement: 
    CREATE TABLE IF NOT EXISTS amazon_books (
        id SERIAL PRIMARY KEY,
        title TEXT NOT NULL,
        authors TEXT,
        price TEXT,
        rating TEXT
    );
    , parameters: None
[2024-09-26T16:19:24.412+0000] {taskinstance.py:340} INFO - ::group::Post task execution logs
[2024-09-26T16:19:24.413+0000] {taskinstance.py:352} INFO - Marking task as SUCCESS. dag_id=Amazon_Book_Data, task_id=Create_Table_PGdb, run_id=scheduled__2024-06-20T00:00:00+00:00, execution_date=20240620T000000, start_date=20240926T161914, end_date=20240926T161924
[2024-09-26T16:19:24.428+0000] {logging_mixin.py:190} INFO - Task instance in success state
[2024-09-26T16:19:24.429+0000] {logging_mixin.py:190} INFO -  Previous state of the Task instance: running
[2024-09-26T16:19:24.429+0000] {logging_mixin.py:190} INFO - Dag name:Amazon_Book_Data queued_at:2024-09-26 16:17:51.680226+00:00
[2024-09-26T16:19:24.430+0000] {logging_mixin.py:190} INFO - Task hostname:f04706ee9217 operator:PostgresOperator
[2024-09-26T16:19:24.490+0000] {local_task_job_runner.py:266} INFO - Task exited with return code 0
[2024-09-26T16:19:24.502+0000] {taskinstance.py:3900} INFO - 0 downstream tasks scheduled from follow-on schedule check
[2024-09-26T16:19:24.503+0000] {local_task_job_runner.py:245} INFO - ::endgroup::
