[2024-12-02T07:42:23.858+0000] {local_task_job_runner.py:123} INFO - ::group::Pre task execution logs
[2024-12-02T07:42:23.906+0000] {taskinstance.py:2612} INFO - Dependencies all met for dep_context=non-requeueable deps ti=<TaskInstance: fetch_and_store_amazon_books.create_table scheduled__2024-06-23T00:00:00+00:00 [queued]>
[2024-12-02T07:42:23.921+0000] {taskinstance.py:2612} INFO - Dependencies all met for dep_context=requeueable deps ti=<TaskInstance: fetch_and_store_amazon_books.create_table scheduled__2024-06-23T00:00:00+00:00 [queued]>
[2024-12-02T07:42:23.923+0000] {taskinstance.py:2865} INFO - Starting attempt 1 of 1
[2024-12-02T07:42:24.113+0000] {taskinstance.py:2888} INFO - Executing <Task(PostgresOperator): create_table> on 2024-06-23 00:00:00+00:00
[2024-12-02T07:42:24.146+0000] {warnings.py:112} WARNING - /home/***/.local/lib/python3.12/site-packages/***/task/task_runner/standard_task_runner.py:70: DeprecationWarning: This process (pid=227) is multi-threaded, use of fork() may lead to deadlocks in the child.
  pid = os.fork()

[2024-12-02T07:42:24.148+0000] {standard_task_runner.py:72} INFO - Started process 264 to run task
[2024-12-02T07:42:24.149+0000] {standard_task_runner.py:104} INFO - Running: ['***', 'tasks', 'run', 'fetch_and_store_amazon_books', 'create_table', 'scheduled__2024-06-23T00:00:00+00:00', '--job-id', '119', '--raw', '--subdir', 'DAGS_FOLDER/amazon_books.py', '--cfg-path', '/tmp/tmpyy51kujr']
[2024-12-02T07:42:24.155+0000] {standard_task_runner.py:105} INFO - Job 119: Subtask create_table
[2024-12-02T07:42:24.309+0000] {task_command.py:467} INFO - Running <TaskInstance: fetch_and_store_amazon_books.create_table scheduled__2024-06-23T00:00:00+00:00 [running]> on host b142fff8b280
[2024-12-02T07:42:24.464+0000] {taskinstance.py:3131} INFO - Exporting env vars: AIRFLOW_CTX_DAG_OWNER='***' AIRFLOW_CTX_DAG_ID='fetch_and_store_amazon_books' AIRFLOW_CTX_TASK_ID='create_table' AIRFLOW_CTX_EXECUTION_DATE='2024-06-23T00:00:00+00:00' AIRFLOW_CTX_TRY_NUMBER='1' AIRFLOW_CTX_DAG_RUN_ID='scheduled__2024-06-23T00:00:00+00:00'
[2024-12-02T07:42:24.466+0000] {logging_mixin.py:190} INFO - Task instance is in running state
[2024-12-02T07:42:24.470+0000] {logging_mixin.py:190} INFO -  Previous state of the Task instance: queued
[2024-12-02T07:42:24.471+0000] {logging_mixin.py:190} INFO - Current task name:create_table state:running start_date:2024-12-02 07:42:23.908491+00:00
[2024-12-02T07:42:24.471+0000] {logging_mixin.py:190} INFO - Dag name:fetch_and_store_amazon_books and current dag run status:running
[2024-12-02T07:42:24.472+0000] {taskinstance.py:731} INFO - ::endgroup::
[2024-12-02T07:42:24.472+0000] {sql.py:266} INFO - Executing: 
    CREATE TABLE IF NOT EXISTS books (
        id SERIAL PRIMARY KEY,
        title TEXT NOT NULL,
        authors TEXT,
        price TEXT,
        rating TEXT
    );
    
[2024-12-02T07:42:24.493+0000] {base.py:84} INFO - Retrieving connection 'books_connection'
[2024-12-02T07:42:24.509+0000] {base.py:84} INFO - Retrieving connection 'books_connection'
[2024-12-02T07:42:24.519+0000] {sql.py:509} INFO - Running statement: 
    CREATE TABLE IF NOT EXISTS books (
        id SERIAL PRIMARY KEY,
        title TEXT NOT NULL,
        authors TEXT,
        price TEXT,
        rating TEXT
    );
    , parameters: None
[2024-12-02T07:42:24.537+0000] {taskinstance.py:340} INFO - ::group::Post task execution logs
[2024-12-02T07:42:24.539+0000] {taskinstance.py:352} INFO - Marking task as SUCCESS. dag_id=fetch_and_store_amazon_books, task_id=create_table, run_id=scheduled__2024-06-23T00:00:00+00:00, execution_date=20240623T000000, start_date=20241202T074223, end_date=20241202T074224
[2024-12-02T07:42:24.559+0000] {logging_mixin.py:190} INFO - Task instance in success state
[2024-12-02T07:42:24.560+0000] {logging_mixin.py:190} INFO -  Previous state of the Task instance: running
[2024-12-02T07:42:24.561+0000] {logging_mixin.py:190} INFO - Dag name:fetch_and_store_amazon_books queued_at:2024-12-02 07:41:58.392971+00:00
[2024-12-02T07:42:24.561+0000] {logging_mixin.py:190} INFO - Task hostname:b142fff8b280 operator:PostgresOperator
[2024-12-02T07:42:24.617+0000] {local_task_job_runner.py:266} INFO - Task exited with return code 0
[2024-12-02T07:42:24.630+0000] {local_task_job_runner.py:245} INFO - ::endgroup::
