[2024-12-02T07:42:23.215+0000] {local_task_job_runner.py:123} INFO - ::group::Pre task execution logs
[2024-12-02T07:42:23.238+0000] {taskinstance.py:2612} INFO - Dependencies all met for dep_context=non-requeueable deps ti=<TaskInstance: fetch_and_store_amazon_books.create_table scheduled__2024-06-26T00:00:00+00:00 [queued]>
[2024-12-02T07:42:23.251+0000] {taskinstance.py:2612} INFO - Dependencies all met for dep_context=requeueable deps ti=<TaskInstance: fetch_and_store_amazon_books.create_table scheduled__2024-06-26T00:00:00+00:00 [queued]>
[2024-12-02T07:42:23.252+0000] {taskinstance.py:2865} INFO - Starting attempt 1 of 1
[2024-12-02T07:42:23.282+0000] {taskinstance.py:2888} INFO - Executing <Task(PostgresOperator): create_table> on 2024-06-26 00:00:00+00:00
[2024-12-02T07:42:23.307+0000] {warnings.py:112} WARNING - /home/***/.local/lib/python3.12/site-packages/***/task/task_runner/standard_task_runner.py:70: DeprecationWarning: This process (pid=219) is multi-threaded, use of fork() may lead to deadlocks in the child.
  pid = os.fork()

[2024-12-02T07:42:23.313+0000] {standard_task_runner.py:72} INFO - Started process 257 to run task
[2024-12-02T07:42:23.314+0000] {standard_task_runner.py:104} INFO - Running: ['***', 'tasks', 'run', 'fetch_and_store_amazon_books', 'create_table', 'scheduled__2024-06-26T00:00:00+00:00', '--job-id', '117', '--raw', '--subdir', 'DAGS_FOLDER/amazon_books.py', '--cfg-path', '/tmp/tmp8gztik0z']
[2024-12-02T07:42:23.318+0000] {standard_task_runner.py:105} INFO - Job 117: Subtask create_table
[2024-12-02T07:42:23.478+0000] {task_command.py:467} INFO - Running <TaskInstance: fetch_and_store_amazon_books.create_table scheduled__2024-06-26T00:00:00+00:00 [running]> on host b142fff8b280
[2024-12-02T07:42:23.647+0000] {taskinstance.py:3131} INFO - Exporting env vars: AIRFLOW_CTX_DAG_OWNER='***' AIRFLOW_CTX_DAG_ID='fetch_and_store_amazon_books' AIRFLOW_CTX_TASK_ID='create_table' AIRFLOW_CTX_EXECUTION_DATE='2024-06-26T00:00:00+00:00' AIRFLOW_CTX_TRY_NUMBER='1' AIRFLOW_CTX_DAG_RUN_ID='scheduled__2024-06-26T00:00:00+00:00'
[2024-12-02T07:42:23.653+0000] {logging_mixin.py:190} INFO - Task instance is in running state
[2024-12-02T07:42:23.654+0000] {logging_mixin.py:190} INFO -  Previous state of the Task instance: queued
[2024-12-02T07:42:23.656+0000] {logging_mixin.py:190} INFO - Current task name:create_table state:running start_date:2024-12-02 07:42:23.239198+00:00
[2024-12-02T07:42:23.657+0000] {logging_mixin.py:190} INFO - Dag name:fetch_and_store_amazon_books and current dag run status:running
[2024-12-02T07:42:23.658+0000] {taskinstance.py:731} INFO - ::endgroup::
[2024-12-02T07:42:23.659+0000] {sql.py:266} INFO - Executing: 
    CREATE TABLE IF NOT EXISTS books (
        id SERIAL PRIMARY KEY,
        title TEXT NOT NULL,
        authors TEXT,
        price TEXT,
        rating TEXT
    );
    
[2024-12-02T07:42:23.793+0000] {base.py:84} INFO - Retrieving connection 'books_connection'
[2024-12-02T07:42:23.836+0000] {base.py:84} INFO - Retrieving connection 'books_connection'
[2024-12-02T07:42:23.846+0000] {sql.py:509} INFO - Running statement: 
    CREATE TABLE IF NOT EXISTS books (
        id SERIAL PRIMARY KEY,
        title TEXT NOT NULL,
        authors TEXT,
        price TEXT,
        rating TEXT
    );
    , parameters: None
[2024-12-02T07:42:23.895+0000] {taskinstance.py:340} INFO - ::group::Post task execution logs
[2024-12-02T07:42:23.896+0000] {taskinstance.py:352} INFO - Marking task as SUCCESS. dag_id=fetch_and_store_amazon_books, task_id=create_table, run_id=scheduled__2024-06-26T00:00:00+00:00, execution_date=20240626T000000, start_date=20241202T074223, end_date=20241202T074223
[2024-12-02T07:42:24.112+0000] {logging_mixin.py:190} INFO - Task instance in success state
[2024-12-02T07:42:24.116+0000] {logging_mixin.py:190} INFO -  Previous state of the Task instance: running
[2024-12-02T07:42:24.120+0000] {logging_mixin.py:190} INFO - Dag name:fetch_and_store_amazon_books queued_at:2024-12-02 07:41:58.717495+00:00
[2024-12-02T07:42:24.123+0000] {logging_mixin.py:190} INFO - Task hostname:b142fff8b280 operator:PostgresOperator
[2024-12-02T07:42:24.193+0000] {local_task_job_runner.py:266} INFO - Task exited with return code 0
[2024-12-02T07:42:24.212+0000] {local_task_job_runner.py:245} INFO - ::endgroup::
