[2024-12-02T07:42:54.286+0000] {local_task_job_runner.py:123} INFO - ::group::Pre task execution logs
[2024-12-02T07:42:54.325+0000] {taskinstance.py:2612} INFO - Dependencies all met for dep_context=non-requeueable deps ti=<TaskInstance: fetch_and_store_amazon_books.create_table scheduled__2024-07-16T00:00:00+00:00 [queued]>
[2024-12-02T07:42:54.339+0000] {taskinstance.py:2612} INFO - Dependencies all met for dep_context=requeueable deps ti=<TaskInstance: fetch_and_store_amazon_books.create_table scheduled__2024-07-16T00:00:00+00:00 [queued]>
[2024-12-02T07:42:54.340+0000] {taskinstance.py:2865} INFO - Starting attempt 1 of 1
[2024-12-02T07:42:54.365+0000] {taskinstance.py:2888} INFO - Executing <Task(PostgresOperator): create_table> on 2024-07-16 00:00:00+00:00
[2024-12-02T07:42:54.394+0000] {warnings.py:112} WARNING - /home/***/.local/lib/python3.12/site-packages/***/task/task_runner/standard_task_runner.py:70: DeprecationWarning: This process (pid=432) is multi-threaded, use of fork() may lead to deadlocks in the child.
  pid = os.fork()

[2024-12-02T07:42:54.396+0000] {standard_task_runner.py:72} INFO - Started process 468 to run task
[2024-12-02T07:42:54.415+0000] {standard_task_runner.py:104} INFO - Running: ['***', 'tasks', 'run', 'fetch_and_store_amazon_books', 'create_table', 'scheduled__2024-07-16T00:00:00+00:00', '--job-id', '169', '--raw', '--subdir', 'DAGS_FOLDER/amazon_books.py', '--cfg-path', '/tmp/tmp5bpl23a1']
[2024-12-02T07:42:54.430+0000] {standard_task_runner.py:105} INFO - Job 169: Subtask create_table
[2024-12-02T07:42:54.539+0000] {task_command.py:467} INFO - Running <TaskInstance: fetch_and_store_amazon_books.create_table scheduled__2024-07-16T00:00:00+00:00 [running]> on host b142fff8b280
[2024-12-02T07:42:54.701+0000] {taskinstance.py:3131} INFO - Exporting env vars: AIRFLOW_CTX_DAG_OWNER='***' AIRFLOW_CTX_DAG_ID='fetch_and_store_amazon_books' AIRFLOW_CTX_TASK_ID='create_table' AIRFLOW_CTX_EXECUTION_DATE='2024-07-16T00:00:00+00:00' AIRFLOW_CTX_TRY_NUMBER='1' AIRFLOW_CTX_DAG_RUN_ID='scheduled__2024-07-16T00:00:00+00:00'
[2024-12-02T07:42:54.704+0000] {logging_mixin.py:190} INFO - Task instance is in running state
[2024-12-02T07:42:54.704+0000] {logging_mixin.py:190} INFO -  Previous state of the Task instance: queued
[2024-12-02T07:42:54.710+0000] {logging_mixin.py:190} INFO - Current task name:create_table state:running start_date:2024-12-02 07:42:54.326215+00:00
[2024-12-02T07:42:54.714+0000] {logging_mixin.py:190} INFO - Dag name:fetch_and_store_amazon_books and current dag run status:running
[2024-12-02T07:42:54.716+0000] {taskinstance.py:731} INFO - ::endgroup::
[2024-12-02T07:42:54.717+0000] {sql.py:266} INFO - Executing: 
    CREATE TABLE IF NOT EXISTS books (
        id SERIAL PRIMARY KEY,
        title TEXT NOT NULL,
        authors TEXT,
        price TEXT,
        rating TEXT
    );
    
[2024-12-02T07:42:54.729+0000] {base.py:84} INFO - Retrieving connection 'books_connection'
[2024-12-02T07:42:54.744+0000] {base.py:84} INFO - Retrieving connection 'books_connection'
[2024-12-02T07:42:54.754+0000] {sql.py:509} INFO - Running statement: 
    CREATE TABLE IF NOT EXISTS books (
        id SERIAL PRIMARY KEY,
        title TEXT NOT NULL,
        authors TEXT,
        price TEXT,
        rating TEXT
    );
    , parameters: None
[2024-12-02T07:42:54.777+0000] {taskinstance.py:340} INFO - ::group::Post task execution logs
[2024-12-02T07:42:54.779+0000] {taskinstance.py:352} INFO - Marking task as SUCCESS. dag_id=fetch_and_store_amazon_books, task_id=create_table, run_id=scheduled__2024-07-16T00:00:00+00:00, execution_date=20240716T000000, start_date=20241202T074254, end_date=20241202T074254
[2024-12-02T07:42:54.800+0000] {logging_mixin.py:190} INFO - Task instance in success state
[2024-12-02T07:42:54.801+0000] {logging_mixin.py:190} INFO -  Previous state of the Task instance: running
[2024-12-02T07:42:54.802+0000] {logging_mixin.py:190} INFO - Dag name:fetch_and_store_amazon_books queued_at:2024-12-02 07:42:45.886709+00:00
[2024-12-02T07:42:54.803+0000] {logging_mixin.py:190} INFO - Task hostname:b142fff8b280 operator:PostgresOperator
[2024-12-02T07:42:54.846+0000] {local_task_job_runner.py:266} INFO - Task exited with return code 0
[2024-12-02T07:42:54.861+0000] {warnings.py:112} WARNING - /home/***/.local/lib/python3.12/site-packages/***/models/baseoperator.py:1378: AirflowProviderDeprecationWarning: Call to deprecated class PostgresOperator. (Please use `***.providers.common.sql.operators.sql.SQLExecuteQueryOperator`.Also, you can provide `hook_params={'schema': <database>}`.)
  result = cls.__new__(cls)

[2024-12-02T07:42:54.872+0000] {taskinstance.py:3900} INFO - 0 downstream tasks scheduled from follow-on schedule check
[2024-12-02T07:42:54.875+0000] {local_task_job_runner.py:245} INFO - ::endgroup::
