[2024-12-02T07:45:03.232+0000] {local_task_job_runner.py:123} INFO - ::group::Pre task execution logs
[2024-12-02T07:45:03.269+0000] {taskinstance.py:2612} INFO - Dependencies all met for dep_context=non-requeueable deps ti=<TaskInstance: fetch_and_store_amazon_books.create_table scheduled__2024-11-05T00:00:00+00:00 [queued]>
[2024-12-02T07:45:03.292+0000] {taskinstance.py:2612} INFO - Dependencies all met for dep_context=requeueable deps ti=<TaskInstance: fetch_and_store_amazon_books.create_table scheduled__2024-11-05T00:00:00+00:00 [queued]>
[2024-12-02T07:45:03.314+0000] {taskinstance.py:2865} INFO - Starting attempt 1 of 1
[2024-12-02T07:45:03.348+0000] {taskinstance.py:2888} INFO - Executing <Task(PostgresOperator): create_table> on 2024-11-05 00:00:00+00:00
[2024-12-02T07:45:03.368+0000] {warnings.py:112} WARNING - /home/***/.local/lib/python3.12/site-packages/***/task/task_runner/standard_task_runner.py:70: DeprecationWarning: This process (pid=1800) is multi-threaded, use of fork() may lead to deadlocks in the child.
  pid = os.fork()

[2024-12-02T07:45:03.371+0000] {standard_task_runner.py:72} INFO - Started process 1833 to run task
[2024-12-02T07:45:03.379+0000] {standard_task_runner.py:104} INFO - Running: ['***', 'tasks', 'run', 'fetch_and_store_amazon_books', 'create_table', 'scheduled__2024-11-05T00:00:00+00:00', '--job-id', '501', '--raw', '--subdir', 'DAGS_FOLDER/amazon_books.py', '--cfg-path', '/tmp/tmpcrvnqfdn']
[2024-12-02T07:45:03.381+0000] {standard_task_runner.py:105} INFO - Job 501: Subtask create_table
[2024-12-02T07:45:03.470+0000] {task_command.py:467} INFO - Running <TaskInstance: fetch_and_store_amazon_books.create_table scheduled__2024-11-05T00:00:00+00:00 [running]> on host b142fff8b280
[2024-12-02T07:45:03.592+0000] {taskinstance.py:3131} INFO - Exporting env vars: AIRFLOW_CTX_DAG_OWNER='***' AIRFLOW_CTX_DAG_ID='fetch_and_store_amazon_books' AIRFLOW_CTX_TASK_ID='create_table' AIRFLOW_CTX_EXECUTION_DATE='2024-11-05T00:00:00+00:00' AIRFLOW_CTX_TRY_NUMBER='1' AIRFLOW_CTX_DAG_RUN_ID='scheduled__2024-11-05T00:00:00+00:00'
[2024-12-02T07:45:03.598+0000] {logging_mixin.py:190} INFO - Task instance is in running state
[2024-12-02T07:45:03.599+0000] {logging_mixin.py:190} INFO -  Previous state of the Task instance: queued
[2024-12-02T07:45:03.599+0000] {logging_mixin.py:190} INFO - Current task name:create_table state:running start_date:2024-12-02 07:45:03.270457+00:00
[2024-12-02T07:45:03.600+0000] {logging_mixin.py:190} INFO - Dag name:fetch_and_store_amazon_books and current dag run status:running
[2024-12-02T07:45:03.600+0000] {taskinstance.py:731} INFO - ::endgroup::
[2024-12-02T07:45:03.601+0000] {sql.py:266} INFO - Executing: 
    CREATE TABLE IF NOT EXISTS books (
        id SERIAL PRIMARY KEY,
        title TEXT NOT NULL,
        authors TEXT,
        price TEXT,
        rating TEXT
    );
    
[2024-12-02T07:45:03.614+0000] {base.py:84} INFO - Retrieving connection 'books_connection'
[2024-12-02T07:45:03.628+0000] {base.py:84} INFO - Retrieving connection 'books_connection'
[2024-12-02T07:45:03.634+0000] {sql.py:509} INFO - Running statement: 
    CREATE TABLE IF NOT EXISTS books (
        id SERIAL PRIMARY KEY,
        title TEXT NOT NULL,
        authors TEXT,
        price TEXT,
        rating TEXT
    );
    , parameters: None
[2024-12-02T07:45:03.651+0000] {taskinstance.py:340} INFO - ::group::Post task execution logs
[2024-12-02T07:45:03.652+0000] {taskinstance.py:352} INFO - Marking task as SUCCESS. dag_id=fetch_and_store_amazon_books, task_id=create_table, run_id=scheduled__2024-11-05T00:00:00+00:00, execution_date=20241105T000000, start_date=20241202T074503, end_date=20241202T074503
[2024-12-02T07:45:03.668+0000] {logging_mixin.py:190} INFO - Task instance in success state
[2024-12-02T07:45:03.672+0000] {logging_mixin.py:190} INFO -  Previous state of the Task instance: running
[2024-12-02T07:45:03.673+0000] {logging_mixin.py:190} INFO - Dag name:fetch_and_store_amazon_books queued_at:2024-12-02 07:44:56.153514+00:00
[2024-12-02T07:45:03.674+0000] {logging_mixin.py:190} INFO - Task hostname:b142fff8b280 operator:PostgresOperator
[2024-12-02T07:45:03.714+0000] {local_task_job_runner.py:266} INFO - Task exited with return code 0
[2024-12-02T07:45:03.736+0000] {local_task_job_runner.py:245} INFO - ::endgroup::
