[2024-12-02T07:45:23.185+0000] {local_task_job_runner.py:123} INFO - ::group::Pre task execution logs
[2024-12-02T07:45:23.242+0000] {taskinstance.py:2612} INFO - Dependencies all met for dep_context=non-requeueable deps ti=<TaskInstance: fetch_and_store_amazon_books.create_table scheduled__2024-11-20T00:00:00+00:00 [queued]>
[2024-12-02T07:45:23.264+0000] {taskinstance.py:2612} INFO - Dependencies all met for dep_context=requeueable deps ti=<TaskInstance: fetch_and_store_amazon_books.create_table scheduled__2024-11-20T00:00:00+00:00 [queued]>
[2024-12-02T07:45:23.265+0000] {taskinstance.py:2865} INFO - Starting attempt 1 of 1
[2024-12-02T07:45:23.290+0000] {taskinstance.py:2888} INFO - Executing <Task(PostgresOperator): create_table> on 2024-11-20 00:00:00+00:00
[2024-12-02T07:45:23.321+0000] {warnings.py:112} WARNING - /home/***/.local/lib/python3.12/site-packages/***/task/task_runner/standard_task_runner.py:70: DeprecationWarning: This process (pid=2012) is multi-threaded, use of fork() may lead to deadlocks in the child.
  pid = os.fork()

[2024-12-02T07:45:23.328+0000] {standard_task_runner.py:104} INFO - Running: ['***', 'tasks', 'run', 'fetch_and_store_amazon_books', 'create_table', 'scheduled__2024-11-20T00:00:00+00:00', '--job-id', '557', '--raw', '--subdir', 'DAGS_FOLDER/amazon_books.py', '--cfg-path', '/tmp/tmpywvwstjw']
[2024-12-02T07:45:23.331+0000] {standard_task_runner.py:105} INFO - Job 557: Subtask create_table
[2024-12-02T07:45:23.331+0000] {standard_task_runner.py:72} INFO - Started process 2053 to run task
[2024-12-02T07:45:23.477+0000] {task_command.py:467} INFO - Running <TaskInstance: fetch_and_store_amazon_books.create_table scheduled__2024-11-20T00:00:00+00:00 [running]> on host b142fff8b280
[2024-12-02T07:45:23.629+0000] {taskinstance.py:3131} INFO - Exporting env vars: AIRFLOW_CTX_DAG_OWNER='***' AIRFLOW_CTX_DAG_ID='fetch_and_store_amazon_books' AIRFLOW_CTX_TASK_ID='create_table' AIRFLOW_CTX_EXECUTION_DATE='2024-11-20T00:00:00+00:00' AIRFLOW_CTX_TRY_NUMBER='1' AIRFLOW_CTX_DAG_RUN_ID='scheduled__2024-11-20T00:00:00+00:00'
[2024-12-02T07:45:23.637+0000] {logging_mixin.py:190} INFO - Task instance is in running state
[2024-12-02T07:45:23.639+0000] {logging_mixin.py:190} INFO -  Previous state of the Task instance: queued
[2024-12-02T07:45:23.642+0000] {logging_mixin.py:190} INFO - Current task name:create_table state:running start_date:2024-12-02 07:45:23.244960+00:00
[2024-12-02T07:45:23.643+0000] {logging_mixin.py:190} INFO - Dag name:fetch_and_store_amazon_books and current dag run status:running
[2024-12-02T07:45:23.645+0000] {taskinstance.py:731} INFO - ::endgroup::
[2024-12-02T07:45:23.646+0000] {sql.py:266} INFO - Executing: 
    CREATE TABLE IF NOT EXISTS books (
        id SERIAL PRIMARY KEY,
        title TEXT NOT NULL,
        authors TEXT,
        price TEXT,
        rating TEXT
    );
    
[2024-12-02T07:45:23.675+0000] {base.py:84} INFO - Retrieving connection 'books_connection'
[2024-12-02T07:45:23.693+0000] {base.py:84} INFO - Retrieving connection 'books_connection'
[2024-12-02T07:45:23.702+0000] {sql.py:509} INFO - Running statement: 
    CREATE TABLE IF NOT EXISTS books (
        id SERIAL PRIMARY KEY,
        title TEXT NOT NULL,
        authors TEXT,
        price TEXT,
        rating TEXT
    );
    , parameters: None
[2024-12-02T07:45:23.721+0000] {taskinstance.py:340} INFO - ::group::Post task execution logs
[2024-12-02T07:45:23.723+0000] {taskinstance.py:352} INFO - Marking task as SUCCESS. dag_id=fetch_and_store_amazon_books, task_id=create_table, run_id=scheduled__2024-11-20T00:00:00+00:00, execution_date=20241120T000000, start_date=20241202T074523, end_date=20241202T074523
[2024-12-02T07:45:23.739+0000] {logging_mixin.py:190} INFO - Task instance in success state
[2024-12-02T07:45:23.740+0000] {logging_mixin.py:190} INFO -  Previous state of the Task instance: running
[2024-12-02T07:45:23.741+0000] {logging_mixin.py:190} INFO - Dag name:fetch_and_store_amazon_books queued_at:2024-12-02 07:45:12.830370+00:00
[2024-12-02T07:45:23.744+0000] {logging_mixin.py:190} INFO - Task hostname:b142fff8b280 operator:PostgresOperator
[2024-12-02T07:45:23.816+0000] {local_task_job_runner.py:266} INFO - Task exited with return code 0
[2024-12-02T07:45:23.830+0000] {local_task_job_runner.py:245} INFO - ::endgroup::
